ID: 10516
Title: TIDB_INLJ does not work for SemiJoin
Description:
## Bug Report

Please answer these questions before submitting your issue. Thanks!

1. What did you do?
``` sql
CREATE TABLE `t1` (
  `a` int(11) NOT NULL,
  `b` int(11) NOT NULL
);

CREATE TABLE `t2` (
  `a` int(11) NOT NULL,
  `b` int(11) NOT NULL,
  KEY `a` (`a`)
);

set @@tidb_opt_insubq_to_join_and_agg=0;

tidb> desc select /*+ TIDB_INLJ(t2) */ * from t1 where t1.a in (select t2.a from t2);
```

2. What did you expect to see?
Index join can be choosen.


3. What did you see instead?

``` sql
tidb> desc select /*+ TIDB_INLJ(t2) */ * from t1 where t1.a in (select t2.a from t2);
+------------------------+----------+------+-------------------------------------------------------------------+
| id                     | count    | task | operator info                                                     |
+------------------------+----------+------+-------------------------------------------------------------------+
| HashLeftJoin_11        | 8000.00  | root | semi join, inner:TableReader_15, equal:[eq(test.t1.a, test.t2.a)] |
| ├─TableReader_13       | 10000.00 | root | data:TableScan_12                                                 |
| │ └─TableScan_12       | 10000.00 | cop  | table:t1, range:[-inf,+inf], keep order:false, stats:pseudo       |
| └─TableReader_15       | 10000.00 | root | data:TableScan_14                                                 |
|   └─TableScan_14       | 10000.00 | cop  | table:t2, range:[-inf,+inf], keep order:false, stats:pseudo       |
+------------------------+----------+------+-------------------------------------------------------------------+
5 rows in set, 1 warning (0.00 sec)

tidb> show warnings
    -> ;
+---------+------+------------------------------------------+
| Level   | Code | Message                                  |
+---------+------+------------------------------------------+
| Warning | 1815 | Optimizer Hint TIDB_INLJ is inapplicable |
+---------+------+------------------------------------------+
1 row in set (0.00 sec)
```

4. What version of TiDB are you using (`tidb-server -V` or run `select tidb_version();` on TiDB)?
`7deedf8418c5c7f6d68cc3f0ea785cd83fefd3a8` in master branch.
