ID: 11930
Title: Wrong result when explain analyze 
Description:
## Bug Report

Please answer these questions before submitting your issue. Thanks!

1. What did you do?
If possible, provide a recipe for reproducing the error.

The execution info's result is wrong.
`time:0s, loops:0, rows:0 ` is wrong. It don't record any infomation.

```
mysql> create table t(a int);
Query OK, 0 rows affected (0.01 sec)

mysql> insert into t values(1);
Query OK, 1 row affected (0.00 sec)

mysql> desc analyze select * from t;
+-------------------+----------+------+------------------------------------------------------------+---------------------------------+-----------+
| id                | count    | task | operator info                                              | execution info                  | memory    |
+-------------------+----------+------+------------------------------------------------------------+---------------------------------+-----------+
| TableReader_5     | 10000.00 | root | data:TableScan_4                                           | time:0s, loops:0, rows:0        | 113 Bytes |
| └─TableScan_4     | 10000.00 | cop  | table:t, range:[-inf,+inf], keep order:false, stats:pseudo | time:52.302µs, loops:2, rows:1  | N/A       |
+-------------------+----------+------+------------------------------------------------------------+---------------------------------+-----------+
2 rows in set (0.00 sec)

mysql> desc analyze select * from t order by a;
+---------------------+-------+------+------------------------------------------------------------+----------------------------------+-----------+
| id                  | count | task | operator info                                              | execution info                   | memory    |
+---------------------+-------+------+------------------------------------------------------------+----------------------------------+-----------+
| Sort_4              | 1.00  | root | test.t.a:asc                                               | time:0s, loops:0, rows:0         | 380 Bytes |
| └─TableReader_8     | 1.00  | root | data:TableScan_7                                           | time:314.935µs, loops:2, rows:1  | 113 Bytes |
|   └─TableScan_7     | 1.00  | cop  | table:t, range:[-inf,+inf], keep order:false, stats:pseudo | time:63.361µs, loops:2, rows:1   | N/A       |
+---------------------+-------+------+------------------------------------------------------------+----------------------------------+-----------+
3 rows in set (0.00 sec)
```

2. What version of TiDB are you using (`tidb-server -V` or run `select tidb_version();` on TiDB)?
a81f8e36a1b2898fa142dcca0c1c8d214b43d794
 