ID: 13493
Title: paritition table with `to_days` can not be pruned correctly 
Description:
## Bug Report

Please answer these questions before submitting your issue. Thanks!

1. What did you do?
If possible, provide a recipe for reproducing the error.

```mysql
CREATE TABLE partition_table_date (date DATE) PARTITION BY RANGE (to_days(date)) ( 
  PARTITION p1 VALUES LESS THAN (737272),
  PARTITION p2 VALUES LESS THAN (737303),
  PARTITION p3 VALUES LESS THAN (737333)
);
```

```mysql
mysql> select to_days('2099-01-13');
+-----------------------+
| to_days('2099-01-13') |
+-----------------------+
|                766657 |
+-----------------------+
1 row in set (0.00 sec)

desc select * from partition_table_date where date > '2099-01-13';
```

2. What did you expect to see?

Prune all the partitions.


3. What did you see instead?

Always left the first partittion.
```mysql
mysql> desc select * from partition_table_date where date > '2099-01-13';
+---------------------+----------+-----------+---------------------------------------------------------------------------------------------+
| id                  | count    | task      | operator info                                                                               |
+---------------------+----------+-----------+---------------------------------------------------------------------------------------------+
| TableReader_8       | 3333.33  | root      | data:Selection_7                                                                            |
| └─Selection_7       | 3333.33  | cop[tikv] | gt(Column#1, 2099-01-13 00:00:00.000000)                                                    |
|   └─TableScan_6     | 10000.00 | cop[tikv] | table:partition_table_date, partition:p1, range:[-inf,+inf], keep order:false, stats:pseudo |
+---------------------+----------+-----------+---------------------------------------------------------------------------------------------+
3 rows in set (0.00 sec)
```

4. What version of TiDB are you using (`tidb-server -V` or run `select tidb_version();` on TiDB)?

4a5bc928d