ID: 13871
Title: sql bind will not be hit if the sql is similar as `select * from x limit 0, 1`
Description:
## Bug Report

Please answer these questions before submitting your issue. Thanks!

1. What did you do?
If possible, provide a recipe for reproducing the error.

```mysql
create table t(a int, b int, INDEX ia (a), INDEX ib (b));
insert into t value(1, 1);

create global binding for select a, b, sleep(3) from t where a = 1 limit 0, 1 using select a, b, sleep(3) from t use index (ib) where a = 1 limit 0, 1;
```

Then run,
```mysql
select a, b, sleep(3) from t where a = 1 limit 0, 1;
```

2. What did you expect to see?
During the sleeping, show the execution plan in another client, but it still uses index `ia`
```mysql
mysql> show processlist;
+------+------+-----------+------+---------+------+-------+-----------------------------------------------------+
| Id   | User | Host      | db   | Command | Time | State | Info                                                |
+------+------+-----------+------+---------+------+-------+-----------------------------------------------------+
|    1 | root | 127.0.0.1 | test | Query   |    0 | 2     | select a, b, sleep(3) from t where a = 1 limit 0, 1 |
|    2 | root | 127.0.0.1 | test | Query   |    0 | 2     | show processlist                                    |
+------+------+-----------+------+---------+------+-------+-----------------------------------------------------+
2 rows in set (0.00 sec)

mysql> explain for connection 1;
+--------------------------+-------+-----------+---------------------------------------------------------------+
| id                       | count | task      | operator info                                                 |
+--------------------------+-------+-----------+---------------------------------------------------------------+
| Projection_7             | 1.00  | root      | Column#1, Column#2, sleep(3)                                  |
| └─IndexLookUp_18         | 1.00  | root      | limit embedded(offset:0, count:1)                             |
|   ├─Limit_17             | 1.00  | cop[tikv] | offset:0, count:1                                             |
|   │ └─IndexScan_15       | 1.00  | cop[tikv] | table:t, index:a, range:[1,1], keep order:false, stats:pseudo |
|   └─TableScan_16         | 1.00  | cop[tikv] | table:t, keep order:false, stats:pseudo                       |
+--------------------------+-------+-----------+---------------------------------------------------------------+
5 rows in set (0.00 sec)
```

3. What did you see instead?




4. What version of TiDB are you using (`tidb-server -V` or run `select tidb_version();` on TiDB)?

