ID: 14022
Title: TIDB_INLJ hint does not work for smaller left table
Description:
## Bug Report

Please answer these questions before submitting your issue. Thanks!

1. What did you do?

```
mysql> create table t1(a int not null, b int, key(a));
Query OK, 0 rows affected (0.00 sec)

mysql> create table t2(a int not null, b int, key(a));
Query OK, 0 rows affected (0.01 sec)

mysql> insert into t1 values(1,1),(2,2);
Query OK, 2 rows affected (0.00 sec)
Records: 2  Duplicates: 0  Warnings: 0

mysql> insert into t2 values(1,1),(2,2),(3,3),(4,4),(5,5);
Query OK, 5 rows affected (0.00 sec)
Records: 5  Duplicates: 0  Warnings: 0

mysql> analyze table t1;
Query OK, 0 rows affected (0.04 sec)

mysql> analyze table t2;
Query OK, 0 rows affected (0.03 sec)

mysql> explain select /*+ TIDB_INLJ(t1) */ * from t1 join t2 on t1.a = t2.a;
+------------------------+-------+-----------+--------------------------------------------------------------------+
| id                     | count | task      | operator info                                                      |
+------------------------+-------+-----------+--------------------------------------------------------------------+
| HashRightJoin_20       | 2.00  | root      | inner join, inner:TableReader_30, equal:[eq(test.t1.a, test.t2.a)] |
| ├─TableReader_30       | 2.00  | root      | data:TableScan_29                                                  |
| │ └─TableScan_29       | 2.00  | cop[tikv] | table:t1, range:[-inf,+inf], keep order:false                      |
| └─TableReader_32       | 5.00  | root      | data:TableScan_31                                                  |
|   └─TableScan_31       | 5.00  | cop[tikv] | table:t2, range:[-inf,+inf], keep order:false                      |
+------------------------+-------+-----------+--------------------------------------------------------------------+
5 rows in set, 1 warning (0.00 sec)

mysql> show warnings;
+---------+------+----------------------------------------------------------------------------+
| Level   | Code | Message                                                                    |
+---------+------+----------------------------------------------------------------------------+
| Warning | 1815 | Optimizer Hint /*+ INL_JOIN(t1) */ or /*+ TIDB_INLJ(t1) */ is inapplicable |
+---------+------+----------------------------------------------------------------------------+
1 row in set (0.00 sec)
```

2. What did you expect to see?

Hint should work without warning raised.


3. What did you see instead?

Hint does not work.

4. What version of TiDB are you using (`tidb-server -V` or run `select tidb_version();` on TiDB)?

```
mysql> select tidb_version();
+-------------------------------------------------------------------------------------------------------------------------------------------------------------------------------------------------------------------------------------------------------------------------------------------------------+
| tidb_version()                                                                                                                                                                                                                                                                                        |
+-------------------------------------------------------------------------------------------------------------------------------------------------------------------------------------------------------------------------------------------------------------------------------------------------------+
| Release Version: v4.0.0-alpha-1144-ga94cff9
Git Commit Hash: a94cff903cd1e7f3b050db782da84273ef5592f4
Git Branch: master
UTC Build Time: 2019-12-06 12:01:10
GoVersion: go1.13.1
Race Enabled: false
TiKV Min Version: v3.0.0-60965b006877ca7234adaced7890d7b029ed1306
Check Table Before Drop: false |
+-------------------------------------------------------------------------------------------------------------------------------------------------------------------------------------------------------------------------------------------------------------------------------------------------------+
```
