ID: 14075
Title: row count estimation of unique composite index
Description:
## Bug Report

Please answer these questions before submitting your issue. Thanks!

1. What did you do?

```
create table t(a int, b int, primary key(a, b));
insert into t values(1,1),(1,2),(1,3),(1,4),(1,5),(1,6),(1,7),(1,8),(1,9),(1,10);
analyze table t;
explain select * from t where a = 1 and b = 5 and 1 = 1;
+-------------------+-------+-----------+--------------------------------------------------------+
| id                | count | task      | operator info                                          |
+-------------------+-------+-----------+--------------------------------------------------------+
| IndexReader_6     | 0.50  | root      | index:IndexScan_5                                      |
| └─IndexScan_5     | 0.50  | cop[tikv] | table:t, index:a, b, range:[1 5,1 5], keep order:false |
+-------------------+-------+-----------+--------------------------------------------------------+
```

2. What did you expect to see?

Row count of IndexScan should be 1.00`.

3. What did you see instead?

Row count is `0.50`

4. What version of TiDB are you using (`tidb-server -V` or run `select tidb_version();` on TiDB)?

```
cbf74158734efa28e8c5f3c0dede8704d1574098
```
