ID: 14795
Title: composite index is not fully used for certain where clause.
Description:
## Bug Report

Please answer these questions before submitting your issue. Thanks!

1. What did you do?
If possible, provide a recipe for reproducing the error.
```
mysql> create table t (a int, b int, c int, primary key (a, b, c));
Query OK, 0 rows affected (0.06 sec)

mysql> explain select * from t where a = 1 and (b, c) in ((1, 1), (1, 2));


```

2. What did you expect to see?
```
+-------------------+-------+-----------+------------------------------------------------------------------------------------+
| id                | count | task      | operator info                                                                      |
+-------------------+-------+-----------+------------------------------------------------------------------------------------+
| IndexReader_6     | 0.20  | root      | index:IndexScan_5                                                                  |
| └─IndexScan_5     | 0.20  | cop[tikv] | table:t, index:a, b, c, range:[1 1 1,1 1 1], [1 1 2,1 1 2], keep order:false, stats:pseudo |
+-------------------+-------+-----------+------------------------------------------------------------------------------------+
```


3. What did you see instead?
```
+---------------------+-------+-----------+----------------------------------------------------------------------------------+
| id                  | count | task      | operator info                                                                    |
+---------------------+-------+-----------+----------------------------------------------------------------------------------+
| IndexReader_7       | 0.08  | root      | index:Selection_6                                                                |
| └─Selection_6       | 0.08  | cop[tikv] | or(and(eq(test.t.b, 1), eq(test.t.c, 1)), and(eq(test.t.b, 1), eq(test.t.c, 2))) |
|   └─IndexScan_5     | 0.10  | cop[tikv] | table:t, index:a, b, c, range:[1 1,1 1], keep order:false, stats:pseudo          |
+---------------------+-------+-----------+----------------------------------------------------------------------------------+
```


4. What version of TiDB are you using (`tidb-server -V` or run `select tidb_version();` on TiDB)?
4.0-beta
