ID: 15571
Title: INL_JOIN does not work
Description:
## Bug Report

Please answer these questions before submitting your issue. Thanks!

### 1. What did you do?

<!-- If possible, provide a recipe for reproducing the error. -->
``` sql
create table t(a int primary key);
desc select /*+inl_join(t2)*/ t1.a, t2.a from t t1 left join t t2 on t2.a=t1.a
 right join t t3 on t3.a=t2.a;
```

### 2. What did you expect to see?
INL_JOIN can work

### 3. What did you see instead?
``` sql
tidb> create table t(a int primary key);
Query OK, 0 rows affected (0.02 sec)

tidb> desc select /*+inl_join(t2)*/ t1.a, t2.a from t t1 left join t t2 on t2.a=t1.a right join t t3 on t3.a=t2.a;
+-----------------------------------+----------+-----------+---------------------------------------------------------+
| id                                | estRows  | task      | operator info                                           |
+-----------------------------------+----------+-----------+---------------------------------------------------------+
| Projection_7                      | 15625.00 | root      | test.t.a, test.t.a                                      |
| └─MergeJoin_8                     | 15625.00 | root      | right outer join, left key:test.t.a, right key:test.t.a |
|   ├─MergeJoin_11(Build)           | 12500.00 | root      | inner join, left key:test.t.a, right key:test.t.a       |
|   │ ├─TableReader_24(Build)       | 10000.00 | root      | data:TableFullScan_23                                   |
|   │ │ └─TableFullScan_23          | 10000.00 | cop[tikv] | table:t2, keep order:true, stats:pseudo                 |
|   │ └─TableReader_22(Probe)       | 10000.00 | root      | data:TableFullScan_21                                   |
|   │   └─TableFullScan_21          | 10000.00 | cop[tikv] | table:t1, keep order:true, stats:pseudo                 |
|   └─TableReader_26(Probe)         | 10000.00 | root      | data:TableFullScan_25                                   |
|     └─TableFullScan_25            | 10000.00 | cop[tikv] | table:t3, keep order:true, stats:pseudo                 |
+-----------------------------------+----------+-----------+---------------------------------------------------------+
9 rows in set, 1 warning (0.00 sec)

tidb> show warnings;
+---------+------+----------------------------------------------------------------------------+
| Level   | Code | Message                                                                    |
+---------+------+----------------------------------------------------------------------------+
| Warning | 1815 | Optimizer Hint /*+ INL_JOIN(t2) */ or /*+ TIDB_INLJ(t2) */ is inapplicable |
+---------+------+----------------------------------------------------------------------------+
1 row in set (0.00 sec)
```

### 4. What version of TiDB are you using? (`tidb-server -V` or run `select tidb_version();` on TiDB)
``` sql
tidb> select tidb_Version();
+-----------------------------------------------------------------------------------------------------------------------------------------------------------------------------------------------------------------------------------------------------------------------------------------------------+
| tidb_Version()                                                                                                                                                                                                                                                                                      |
+-----------------------------------------------------------------------------------------------------------------------------------------------------------------------------------------------------------------------------------------------------------------------------------------------------+
| Release Version: v4.0.0-beta-492-gfd0235d03
Git Commit Hash: fd0235d030b492330e692e14398bd8876cc10434
Git Branch: master
UTC Build Time: 2020-03-23 05:50:50
GoVersion: go1.13
Race Enabled: false
TiKV Min Version: v3.0.0-60965b006877ca7234adaced7890d7b029ed1306
Check Table Before Drop: false |
+-----------------------------------------------------------------------------------------------------------------------------------------------------------------------------------------------------------------------------------------------------------------------------------------------------+
1 row in set (0.00 sec)
```
