ID: 15965
Title: stats of an empty table is always pseudo even after analyzing
Description:
## Bug Report

Please answer these questions before submitting your issue. Thanks!

### 1. What did you do?

<!-- If possible, provide a recipe for reproducing the error. -->


```
mysql> create table tzz(a int);
Query OK, 0 rows affected (0.01 sec)
mysql> analyze table tzz;
Query OK, 0 rows affected (0.01 sec)
mysql> desc select * from tzz;
+-----------------------+----------+-----------+---------------+--------------------------------+
| id          | estRows | task   | access object | operator info         |
+-----------------------+----------+-----------+---------------+--------------------------------+
| TableReader_5     | 10000.00 | root   |        | data:TableFullScan_4      |
| └─TableFullScan_4   | 10000.00 | cop[tikv] | table:tzz   | keep order:false, stats:pseudo |
+-----------------------+----------+-----------+---------------+--------------------------------+
2 rows in set (0.01 sec)
```

### 2. What did you expect to see?

### 3. What did you see instead?

### 4. What version of TiDB are you using? (`tidb-server -V` or run `select tidb_version();` on TiDB)

master branch with commit 94fb1bf