ID: 16097
Title: executor: wrong results occassionaly occur probablely resulted from shallow memory copy
Description:
## Bug Report

Please answer these questions before submitting your issue. Thanks!

### 1. What did you do?
[randgen_agg.txt](https://github.com/pingcap/tidb/files/4441892/randgen_agg.txt)
```
download randgen_agg.txt
source  randgen_agg.txt
```
```
  SELECT /*+ stream_agg() */   count(*) as field1 FROM   U AS table1  LEFT  JOIN X AS table2 ON  table1 . `col_int_key` =  table2 . `col_int_key`   LEFT  JOIN  D AS table3  RIGHT  JOIN  CC AS table4  LEFT  JOIN R AS table5 ON  table4 . `col_int_key` =  table5 . `pk`  ON  table3 . `col_varchar_10_latin1_key` =  table5 . `col_varchar_10_latin1`  ON  table2 . `col_int_key` =  table5 . `col_int_key`  WHERE table1 . `pk`  IN (5)    ;

mysql> explain   SELECT /*+ stream_agg() */   count(*) as field1 FROM   U AS table1  LEFT  JOIN X AS table2 ON  table1 . `col_int_key` =  table2 . `col_int_key`   LEFT  JOIN  D AS table3  RIGHT  JOIN  CC AS table4  LEFT  JOIN R AS table5 ON  table4 . `col_int_key` =  table5 . `pk`  ON  table3 . `col_varchar_10_latin1_key` =  table5 . `col_varchar_10_latin1`  ON  table2 . `col_int_key` =  table5 . `col_int_key`  WHERE table1 . `pk`  IN (5)    ;
+-------------------------------------+---------+-----------+--------------------------------------------------------------------------+-------------------------------------------------------------------------------------------------------------------------------+
| id                                  | estRows | task      | access object                                                            | operator info                                                                                                                 |
+-------------------------------------+---------+-----------+--------------------------------------------------------------------------+-------------------------------------------------------------------------------------------------------------------------------+
| StreamAgg_18                        | 1.00    | root      |                                                                          | funcs:count(1)->Column#106                                                                                                    |
| └─HashJoin_22                       | 1.25    | root      |                                                                          | left outer join, equal:[eq(randgen_agg_stream.x.col_int_key, randgen_agg_stream.r.col_int_key)]                               |
|   ├─IndexMergeJoin_31(Build)        | 1.25    | root      |                                                                          | left outer join, inner:IndexReader_29, outer key:randgen_agg_stream.u.col_int_key, inner key:randgen_agg_stream.x.col_int_key |
|   │ ├─Point_Get_35(Build)           | 1.00    | root      | table:U                                                                  | handle:5                                                                                                                      |
|   │ └─IndexReader_29(Probe)         | 1.25    | root      |                                                                          | index:Selection_28                                                                                                            |
|   │   └─Selection_28                | 1.25    | cop[tikv] |                                                                          | not(isnull(randgen_agg_stream.x.col_int_key))                                                                                 |
|   │     └─IndexRangeScan_27         | 1.25    | cop[tikv] | table:table2, index:col_int_key(col_int_key)                             | range: decided by [eq(randgen_agg_stream.x.col_int_key, randgen_agg_stream.u.col_int_key)], keep order:true, stats:pseudo     |
|   └─HashJoin_49(Probe)              | 62.44   | root      |                                                                          | right outer join, equal:[eq(randgen_agg_stream.d.col_varchar_10_latin1_key, randgen_agg_stream.r.col_varchar_10_latin1)]      |
|     ├─IndexMergeJoin_59(Build)      | 62.44   | root      |                                                                          | inner join, inner:TableReader_57, outer key:randgen_agg_stream.cc.col_int_key, inner key:randgen_agg_stream.r.pk              |
|     │ ├─IndexReader_81(Build)       | 49.95   | root      |                                                                          | index:IndexFullScan_80                                                                                                        |
|     │ │ └─IndexFullScan_80          | 49.95   | cop[tikv] | table:table4, index:col_int_key(col_int_key)                             | keep order:false, stats:pseudo                                                                                                |
|     │ └─TableReader_57(Probe)       | 1.00    | root      |                                                                          | data:Selection_56                                                                                                             |
|     │   └─Selection_56              | 1.00    | cop[tikv] |                                                                          | not(isnull(randgen_agg_stream.r.col_int_key))                                                                                 |
|     │     └─TableRangeScan_55       | 1.00    | cop[tikv] | table:table5                                                             | range: decided by [randgen_agg_stream.cc.col_int_key], keep order:true, stats:pseudo                                          |
|     └─IndexReader_89(Probe)         | 1.00    | root      |                                                                          | index:IndexFullScan_88                                                                                                        |
|       └─IndexFullScan_88            | 1.00    | cop[tikv] | table:table3, index:col_varchar_10_latin1_key(col_varchar_10_latin1_key) | keep order:false, stats:pseudo                                                                                                |
+-------------------------------------+---------+-----------+--------------------------------------------------------------------------+-------------------------------------------------------------------------------------------------------------------------------+
16 rows in set (0.00 sec)

```
```
SELECT /*+ stream_agg() */   AVG(  table2 . `col_int` ) AS field1 FROM  DD AS table1  LEFT OUTER JOIN  J AS table2  LEFT  JOIN B AS table3 ON  table2 . `col_varchar_10_latin1_key` =  table3 . `col_varchar_10_utf8_key`  ON  table1 . `pk` =  table3 . `col_int`  WHERE table3 . `pk`  IN (9, 3)   ORDER BY field1  LIMIT 1000 ;
explain SELECT /*+ stream_agg() */   AVG(  table2 . `col_int` ) AS field1 FROM  DD AS table1  LEFT OUTER JOIN  J AS table2  LEFT  JOIN B AS table3 ON  table2 . `col_varchar_10_latin1_key` =  table3 . `col_varchar_10_utf8_key`  ON  table1 . `pk` =  table3 . `col_int`  WHERE table3 . `pk`  IN (9, 3)   ORDER BY field1  LIMIT 1000 ;
+----------------------------------------------+---------+-----------+--------------------------------------------------------------------------+-----------------------------------------------------------------------------------------------------------------------------------------------------+
| id                                           | estRows | task      | access object                                                            | operator info                                                                                                                                       |
+----------------------------------------------+---------+-----------+--------------------------------------------------------------------------+-----------------------------------------------------------------------------------------------------------------------------------------------------+
| Limit_18                                     | 1.00    | root      |                                                                          | offset:0, count:1000                                                                                                                                |
| └─StreamAgg_108                              | 1.00    | root      |                                                                          | funcs:avg(Column#79)->Column#64                                                                                                                     |
|   └─Projection_131                           | 3.12    | root      |                                                                          | cast(randgen_agg_stream.j.col_int, decimal(65,4) BINARY)->Column#79                                                                                 |
|     └─IndexMergeJoin_115                     | 3.12    | root      |                                                                          | inner join, inner:TableReader_113, outer key:randgen_agg_stream.b.col_int, inner key:randgen_agg_stream.dd.pk                                       |
|       ├─IndexMergeJoin_49(Build)             | 2.50    | root      |                                                                          | inner join, inner:Projection_47, outer key:randgen_agg_stream.b.col_varchar_10_utf8_key, inner key:randgen_agg_stream.j.col_varchar_10_latin1_key   |
|       │ ├─Selection_55(Build)                | 2.00    | root      |                                                                          | not(isnull(randgen_agg_stream.b.col_int)), not(isnull(randgen_agg_stream.b.col_varchar_10_utf8_key))                                                |
|       │ │ └─Batch_Point_Get_54               | 2.00    | root      | table:B                                                                  | handle:[3 9], keep order:false, desc:false                                                                                                          |
|       │ └─Projection_47(Probe)               | 1.25    | root      |                                                                          | randgen_agg_stream.j.col_int, randgen_agg_stream.j.col_varchar_10_latin1_key                                                                        |
|       │   └─IndexLookUp_46                   | 1.25    | root      |                                                                          |                                                                                                                                                     |
|       │     ├─Selection_45(Build)            | 1.25    | cop[tikv] |                                                                          | not(isnull(randgen_agg_stream.j.col_varchar_10_latin1_key))                                                                                         |
|       │     │ └─IndexRangeScan_43            | 1.25    | cop[tikv] | table:table2, index:col_varchar_10_latin1_key(col_varchar_10_latin1_key) | range: decided by [eq(randgen_agg_stream.j.col_varchar_10_latin1_key, randgen_agg_stream.b.col_varchar_10_utf8_key)], keep order:true, stats:pseudo |
|       │     └─TableRowIDScan_44(Probe)       | 1.25    | cop[tikv] | table:table2                                                             | keep order:false, stats:pseudo                                                                                                                      |
|       └─TableReader_113(Probe)               | 1.00    | root      |                                                                          | data:TableRangeScan_112                                                                                                                             |
|         └─TableRangeScan_112                 | 1.00    | cop[tikv] | table:table1                                                             | range: decided by [randgen_agg_stream.b.col_int], keep order:true, stats:pseudo                                                                     |
+----------------------------------------------+---------+-----------+--------------------------------------------------------------------------+-----------------------------------------------------------------------------------------------------------------------------------------------------+
14 rows in set (0.00 sec)

```
```
SELECT /*+ hash_agg() */   count(1) as field1, count(1) as field2 FROM  J AS table1  LEFT  JOIN A AS table2 ON  table1 . `col_int` =  table2 . `col_int_key`  WHERE table1 . `pk`  IN (6, 9, 7)  HAVING ((field2 <> 1 AND field2 = 8) OR field1 != 1) ORDER BY field1, field2   ;

mysql> explain SELECT /*+ hash_agg() */   count(1) as field1, count(1) as field2 FROM  J AS table1  LEFT  JOIN A AS table2 ON  table1 . `col_int` =  table2 . `col_int_key`  WHERE table1 . `pk`  IN (6, 9, 7)  HAVING ((field2 <> 1 AND field2 = 8) OR field1 != 1) ORDER BY field1, field2   ;
+-----------------------------------------+---------+-----------+----------------------------------------------+---------------------------------------------------------------------------------------------------------------------------+
| id                                      | estRows | task      | access object                                | operator info                                                                                                             |
+-----------------------------------------+---------+-----------+----------------------------------------------+---------------------------------------------------------------------------------------------------------------------------+
| Sort_10                                 | 0.80    | root      |                                              | Column#43:asc, Column#43:asc                                                                                              |
| └─Projection_12                         | 0.80    | root      |                                              | Column#43, Column#43                                                                                                      |
|   └─Selection_13                        | 0.80    | root      |                                              | or(and(1, eq(Column#43, 8)), ne(Column#43, 1))                                                                            |
|     └─HashAgg_16                        | 1.00    | root      |                                              | funcs:count(1)->Column#43                                                                                                 |
|       └─IndexMergeJoin_25               | 3.75    | root      |                                              | left outer join, inner:IndexReader_23, outer key:randgen_agg_stream.j.col_int, inner key:randgen_agg_stream.a.col_int_key |
|         ├─Batch_Point_Get_29(Build)     | 3.00    | root      | table:J                                      | handle:[6 7 9], keep order:false, desc:false                                                                              |
|         └─IndexReader_23(Probe)         | 1.25    | root      |                                              | index:Selection_22                                                                                                        |
|           └─Selection_22                | 1.25    | cop[tikv] |                                              | not(isnull(randgen_agg_stream.a.col_int_key))                                                                             |
|             └─IndexRangeScan_21         | 1.25    | cop[tikv] | table:table2, index:col_int_key(col_int_key) | range: decided by [eq(randgen_agg_stream.a.col_int_key, randgen_agg_stream.j.col_int)], keep order:true, stats:pseudo     |
+-----------------------------------------+---------+-----------+----------------------------------------------+---------------------------------------------------------------------------------------------------------------------------+
9 rows in set (0.00 sec)
```
### 2. What did you expect to see?
```
12
```
```
1.3333
```
```
18 18
```
### 3. What did you see instead?
```
0
```
```
NULL
```
```
0 0
```
### 4. What version of TiDB are you using? (`tidb-server -V` or run `select tidb_version();` on TiDB)
5.7.25-TiDB-v4.0.0-beta-607-ga3ec712d3