ID: 16406
Title: use_index_merge doesn't check whether the table is exists and database is consistent
Description:
## Bug Report

Please answer these questions before submitting your issue. Thanks!

### 1. What did you do?

```
create database d1;
create database d2;
use d1;
create table t(a int,b int,key(a),key(b));
desc select /*+ use_index_merge(d2.t) */ * from d1.t where a=10 or b=20;
```

### 2. What did you expect to see?
warnings or error about `d2.t is not exists or d2.t and d1.t is not consistent`
### 3. What did you see instead?
```
+-------------------------------+---------+-----------+---------------------+-----------------------------------------------+
| id                            | estRows | task      | access object       | operator info                                 |
+-------------------------------+---------+-----------+---------------------+-----------------------------------------------+
| IndexMerge_8                  | 20.00   | root      |                     |                                               |
| ├─IndexRangeScan_5(Build)     | 10.00   | cop[tikv] | table:t, index:a(a) | range:[10,10], keep order:false, stats:pseudo |
| ├─IndexRangeScan_6(Build)     | 10.00   | cop[tikv] | table:t, index:b(b) | range:[20,20], keep order:false, stats:pseudo |
| └─TableRowIDScan_7(Probe)     | 20.00   | cop[tikv] | table:t             | keep order:false, stats:pseudo                |
+-------------------------------+---------+-----------+---------------------+-----------------------------------------------+
```
### 4. What version of TiDB are you using? (`tidb-server -V` or run `select tidb_version();` on TiDB)
Release Version: v4.0.0-rc-33-gd69868961
Git Commit Hash: d69868961361126d4788b68fd6cd597adb3ef66c
Git Branch: release-4.0
UTC Build Time: 2020-04-15 02:59:00
GoVersion: go1.13.8
Race Enabled: false
TiKV Min Version: v3.0.0-60965b006877ca7234adaced7890d7b029ed1306
Check Table Before Drop: false