ID: 16586
Title: IndexHashJoin with semi join on TPCH dataset returns wrong result
Description:
## Bug Report

Please answer these questions before submitting your issue. Thanks!

### 1. What did you do?
1. tpch with scale factor = 1

2. get unstable result
``` sql
MySQL [tpch]>  select count(*) from supplier, lineitem l1, orders, nation where s_suppkey = l1.l_suppkey and o_orderkey = l1.l_orderkey and o_orderstatus = 'F' and l1.l_receiptdate > l1.l_commitdate and exists ( select * from lineitem l2 where
 l2.l_orderkey = l1.l_orderkey and l2.l_suppkey <> l1.l_suppkey ) and s_nationkey = n_nationkey and n_name = 'EGYPT';
+----------+
| count(*) |
+----------+
|    73600 |
+----------+
1 row in set (3.32 sec)

MySQL [tpch]>  select count(*) from supplier, lineitem l1, orders, nation where s_suppkey = l1.l_suppkey and o_orderkey = l1.l_orderkey and o_orderstatus = 'F' and l1.l_receiptdate > l1.l_commitdate and exists ( select * from lineitem l2 where
 l2.l_orderkey = l1.l_orderkey and l2.l_suppkey <> l1.l_suppkey ) and s_nationkey = n_nationkey and n_name = 'EGYPT';
+----------+
| count(*) |
+----------+
|    73586 |
+----------+
1 row in set (3.37 sec)
```

3. explain result
``` sql
MySQL [tpch]> explain select count(*) from supplier, lineitem l1, orders, nation where s_suppkey = l1.l_suppkey and o_orderkey = l1.l_orderkey and o_orderstatus = 'F' and l1.l_receiptdate > l1.l_commitdate and exists ( select * from lineitem l2 where l2.l_orderkey = l1.l_orderkey and l2.l_suppkey <> l1.l_suppkey ) and s_nationkey = n_nationkey and n_name = 'EGYPT';
+--------------------------------------------+------------+-----------+---------------------------------------------------+--------------------------------------------------------------------------------------------------------------------------------------------------------------------------------------------------------------------------------+
| id                                         | estRows    | task      | access object                                     | operator info                                                                                                                                                                                                                  |
+--------------------------------------------+------------+-----------+---------------------------------------------------+--------------------------------------------------------------------------------------------------------------------------------------------------------------------------------------------------------------------------------+
| HashAgg_21                                 | 1.00       | root      |                                                   | funcs:count(1)->Column#55                                                                                                                                                                                                      |
| └─IndexHashJoin_36                         | 192038.88  | root      |                                                   | semi join, inner:IndexLookUp_27, outer key:tpch.lineitem.l_orderkey, inner key:tpch.lineitem.l_orderkey, other cond:ne(tpch.lineitem.l_suppkey, tpch.lineitem.l_suppkey), ne(tpch.lineitem.l_suppkey, tpch.supplier.s_suppkey) |
|   ├─IndexMergeJoin_59(Build)               | 240048.60  | root      |                                                   | inner join, inner:TableReader_57, outer key:tpch.lineitem.l_orderkey, inner key:tpch.orders.o_orderkey                                                                                                                         |
|   │ ├─HashJoin_65(Build)                   | 240048.60  | root      |                                                   | inner join, equal:[eq(tpch.supplier.s_suppkey, tpch.lineitem.l_suppkey)]                                                                                                                                                       |
|   │ │ ├─HashJoin_78(Build)                 | 400.00     | root      |                                                   | inner join, equal:[eq(tpch.nation.n_nationkey, tpch.supplier.s_nationkey)]                                                                                                                                                     |
|   │ │ │ ├─TableReader_83(Build)            | 1.00       | root      |                                                   | data:Selection_82                                                                                                                                                                                                              |
|   │ │ │ │ └─Selection_82                   | 1.00       | cop[tikv] |                                                   | eq(tpch.nation.n_name, "EGYPT")                                                                                                                                                                                                |
|   │ │ │ │   └─TableFullScan_81             | 25.00      | cop[tikv] | table:nation                                      | keep order:false                                                                                                                                                                                                               |
|   │ │ │ └─TableReader_80(Probe)            | 10000.00   | root      |                                                   | data:TableFullScan_79                                                                                                                                                                                                          |
|   │ │ │   └─TableFullScan_79               | 10000.00   | cop[tikv] | table:supplier                                    | keep order:false                                                                                                                                                                                                               |
|   │ │ └─TableReader_86(Probe)              | 4800972.00 | root      |                                                   | data:Selection_85                                                                                                                                                                                                              |
|   │ │   └─Selection_85                     | 4800972.00 | cop[tikv] |                                                   | gt(tpch.lineitem.l_receiptdate, tpch.lineitem.l_commitdate)                                                                                                                                                                    |
|   │ │     └─TableFullScan_84               | 6001215.00 | cop[tikv] | table:l1                                          | keep order:false                                                                                                                                                                                                               |
|   │ └─TableReader_57(Probe)                | 0.49       | root      |                                                   | data:Selection_56                                                                                                                                                                                                              |
|   │   └─Selection_56                       | 0.49       | cop[tikv] |                                                   | eq(tpch.orders.o_orderstatus, "F")                                                                                                                                                                                             |
|   │     └─TableRangeScan_55                | 1.00       | cop[tikv] | table:orders                                      | range: decided by [tpch.lineitem.l_orderkey], keep order:true                                                                                                                                                                  |
|   └─IndexLookUp_27(Probe)                  | 4.03       | root      |                                                   |                                                                                                                                                                                                                                |
|     ├─IndexRangeScan_25(Build)             | 4.03       | cop[tikv] | table:l2, index:PRIMARY(L_ORDERKEY, L_LINENUMBER) | range: decided by [eq(tpch.lineitem.l_orderkey, tpch.lineitem.l_orderkey)], keep order:false                                                                                                                                   |
|     └─TableRowIDScan_26(Probe)             | 4.03       | cop[tikv] | table:l2                                          | keep order:false                                                                                                                                                                                                               |
+--------------------------------------------+------------+-----------+---------------------------------------------------+--------------------------------------------------------------------------------------------------------------------------------------------------------------------------------------------------------------------------------+
```

### 2. What did you expect to see?
correct stable result

### 3. What version of TiDB are you using? (`tidb-server -V` or run `select tidb_version();` on TiDB)
master 