ID: 16837
Title: wrong index merge plan for unique index
Description:
## Development Task

```
mysql> create table t(a int, b int , c int, d int, e int, unique key idx_ab(a,b), unique key(c), unique key(d));

mysql> explain select /*+ use_index_merge(t,c,idx_ab) */ * from t where a = 1 or (e = 1 and c = 1);
+-------------------------------+---------+-----------+-----------------------------+---------------------------------------------+
| id                            | estRows | task      | access object               | operator info                               |
+-------------------------------+---------+-----------+-----------------------------+---------------------------------------------+
| IndexMerge_8                  | 11.00   | root      |                             |                                             |
| ├─IndexRangeScan_5(Build)     | 10.00   | cop[tikv] | table:t, index:idx_ab(a, b) | range:[1,1], keep order:false, stats:pseudo |
| ├─IndexRangeScan_6(Build)     | 1.00    | cop[tikv] | table:t, index:c(c)         | range:[1,1], keep order:false, stats:pseudo |
| └─TableRowIDScan_7(Probe)     | 11.00   | cop[tikv] | table:t                     | keep order:false, stats:pseudo              |
+-------------------------------+---------+-----------+-----------------------------+---------------------------------------------+
```

Filter `e = 1` is lost in the plan.