ID: 17153
Title: Can't choose better plan when the range condition can convert to point.
Description:
## Bug Report

Please answer these questions before submitting your issue. Thanks!

### 1. What did you do?

<!-- If possible, provide a recipe for reproducing the error. -->
```
drop table t;
create table t(a int,b int,index(a,b));
insert into t values(1,1);
insert into t values(2,2);
insert into t values(2,2);
insert into t values(2,2);
insert into t values(2,2);
insert into t values(2,2);
insert into t values(3,3);
desc select * from t where a >= 2 and a <= 2 order by b limit 2;
desc select * from t where a = 2 order by b limit 2;
```

### 2. What did you expect to see?
Same plan.
### 3. What did you see instead?
```
tidb> desc select * from t where a >= 2 and a <= 2 order by b limit 2;
+-----------------------------+---------+-----------+------------------------+---------------------------------------------+
| id                          | estRows | task      | access object          | operator info                               |
+-----------------------------+---------+-----------+------------------------+---------------------------------------------+
| TopN_8                      | 2.00    | root      |                        | test.t.b:asc, offset:0, count:2             |
| └─IndexReader_16            | 2.00    | root      |                        | index:TopN_15                               |
|   └─TopN_15                 | 2.00    | cop[tikv] |                        | test.t.b:asc, offset:0, count:2             |
|     └─IndexRangeScan_14     | 10.00   | cop[tikv] | table:t, index:a(a, b) | range:[2,2], keep order:false, stats:pseudo |
+-----------------------------+---------+-----------+------------------------+---------------------------------------------+
4 rows in set (0.00 sec)

tidb> desc select * from t where a = 2 order by b limit 2;
+-----------------------------+---------+-----------+------------------------+--------------------------------------------+
| id                          | estRows | task      | access object          | operator info                              |
+-----------------------------+---------+-----------+------------------------+--------------------------------------------+
| Limit_11                    | 2.00    | root      |                        | offset:0, count:2                          |
| └─IndexReader_21            | 2.00    | root      |                        | index:Limit_20                             |
|   └─Limit_20                | 2.00    | cop[tikv] |                        | offset:0, count:2                          |
|     └─IndexRangeScan_19     | 2.00    | cop[tikv] | table:t, index:a(a, b) | range:[2,2], keep order:true, stats:pseudo |
+-----------------------------+---------+-----------+------------------------+--------------------------------------------+
4 rows in set (0.00 sec)

```

### 4. What version of TiDB are you using? (`tidb-server -V` or run `select tidb_version();` on TiDB)
master
