ID: 17540
Title: incorrect result when plan cache enabled
Description:
## Bug Report

Please answer these questions before submitting your issue. Thanks!

### 1. Minimal reproduce step (Required)

enable plan cache, executing the following SQL sequentially, the last `execute` command got an incorrect result:
```sql
drop table if exists t;
create table t(a varchar(10) primary key, b varchar(10), c varchar(10));
insert into t values("a1", "b1", "c1"), ("a2", "b2", "c2");

prepare stmt from 'select * from t where a = ? and b = ?';

set @a = 'a1';
set @b = 'b1';
execute stmt using @a, @b;
explain for connection 1;

set @a = 'a2';
set @b = 'b2';
execute stmt using @a, @b;
explain for connection 1;
```

### 2. What did you expect to see? (Required)

Return the record `("a2", "b2", "c2")` when executing the second `execute` statement

### 3. What did you see instead (Required)

empty result returned by the second `execute` statement:

```sql
TiDB(root@127.0.0.1:test) > drop table if exists t;
Query OK, 0 rows affected (0.01 sec)

TiDB(root@127.0.0.1:test) > create table t(a varchar(10) primary key, b varchar(10), c varchar(10));
Query OK, 0 rows affected (0.00 sec)

TiDB(root@127.0.0.1:test) > insert into t values("a1", "b1", "c1"), ("a2", "b2", "c2");
Query OK, 2 rows affected (0.00 sec)
Records: 2  Duplicates: 0  Warnings: 0

TiDB(root@127.0.0.1:test) > prepare stmt from 'select * from t where a = ? and b = ?';
Query OK, 0 rows affected (0.00 sec)

TiDB(root@127.0.0.1:test) > set @a = 'a1';
Query OK, 0 rows affected (0.00 sec)

TiDB(root@127.0.0.1:test) > set @b = 'b1';
Query OK, 0 rows affected (0.00 sec)

TiDB(root@127.0.0.1:test) > execute stmt using @a, @b;
+----+------+------+
| a  | b    | c    |
+----+------+------+
| a1 | b1   | c1   |
+----+------+------+
1 row in set (0.00 sec)

TiDB(root@127.0.0.1:test) > explain for connection 1;
+-------------------+---------+------+---------------------------+--------------------+
| id                | estRows | task | access object             | operator info      |
+-------------------+---------+------+---------------------------+--------------------+
| Selection_6       | 0.00    | root |                           | eq(test.t.b, "b1") |
| └─Point_Get_5     | 1.00    | root | table:t, index:PRIMARY(a) |                    |
+-------------------+---------+------+---------------------------+--------------------+
2 rows in set (0.00 sec)

TiDB(root@127.0.0.1:test) > set @a = 'a2';
Query OK, 0 rows affected (0.00 sec)

TiDB(root@127.0.0.1:test) > set @b = 'b2';
Query OK, 0 rows affected (0.00 sec)

TiDB(root@127.0.0.1:test) > execute stmt using @a, @b;
Empty set (0.00 sec)

TiDB(root@127.0.0.1:test) > explain for connection 1;
+-------------------+---------+------+---------------------------+--------------------+
| id                | estRows | task | access object             | operator info      |
+-------------------+---------+------+---------------------------+--------------------+
| Selection_6       | 1.00    | root |                           | eq(test.t.b, "b1") |
| └─Point_Get_5     | 1.00    | root | table:t, index:PRIMARY(a) |                    |
+-------------------+---------+------+---------------------------+--------------------+
2 rows in set (0.00 sec)
```

### 4. Affected version (Required)

- v4.0.0
- latest master: 709691607daf167a75d4b950ef5b5a659d7bd743

### 5. Root Cause Analysis

> Note: should be filled by the investigator before it's closed
