ID: 17856
Title: The result of natural join in TiDB is not correct
Description:
## Bug Report

Please answer these questions before submitting your issue. Thanks!

### 1. Minimal reproduce step (Required)
```
create table t0(a int);
create table t1(a int);
insert into t0 values(1);
insert into t0 values(0);
insert into t1 values(0);
insert into t1 values(1);
```
<!-- a step by step guide for reproducing the bug. -->

### 2. What did you expect to see? (Required)
The following result is in MySQL:
```
mysql> select * from t0 natural join t1;
+------+
| a    |
+------+
|    1 |
|    0 |
+------+
2 rows in set (0.01 sec)
```
### 3. What did you see instead (Required)
```
mysql> select * from t0 natural join t1;
Empty set (0.00 sec)
```
### 4. Affected version (Required)
Any version implementing natural join in this way is affected.
<!-- v3.0.0, v4.0.0, etc -->

### 5. Root Cause Analysis
When using `explain`, get:
```
+------------------------------+---------+-----------+---------------+--------------------------------------------------------------------------------------------------------------+
| id                           | estRows | task      | access object | operator info                                                                                                |
+------------------------------+---------+-----------+---------------+--------------------------------------------------------------------------------------------------------------+
| MergeJoin_7                  | 2.00    | root      |               | inner join, left key:test.t0._tidb_rowid, right key:test.t1._tidb_rowid, other cond:eq(test.t0.a, test.t1.a) |
| ├─TableReader_37(Build)      | 1.60    | root      |               | data:Selection_36                                                                                            |
| │ └─Selection_36             | 1.60    | cop[tikv] |               | not(isnull(test.t1.a))                                                                                       |
| │   └─TableFullScan_35       | 2.00    | cop[tikv] | table:t1      | keep order:true, stats:pseudo                                                                                |
| └─TableReader_34(Probe)      | 1.60    | root      |               | data:Selection_33                                                                                            |
|   └─Selection_33             | 1.60    | cop[tikv] |               | not(isnull(test.t0.a))                                                                                       |
|     └─TableFullScan_32       | 2.00    | cop[tikv] | table:t0      | keep order:true, stats:pseudo                                                                                |
+------------------------------+---------+-----------+---------------+--------------------------------------------------------------------------------------------------------------+
```
We can see in `MergeJoin_7`, `rowid` is the part of join conditions. If the primary keys are not defined or have different names, `rowid` cannot be in join conditions.

And other natural join cases are also affected.
<!-- should be filled by the investigator before it's closed -->
