ID: 18420
Title: EXPLAIN with nth_plan hint will print the plan with plan ID larger than normal
Description:
## Bug Report

### 1. Minimal reproduce step (Required)

Use nth_plan hint in a EXPLAIN statement, such as `explain select * from test.tt where a=1 and b=1;`

### 2. What did you expect to see? (Required)
example:
```
MySQL [test]> explain select * from test.tt where a=1 and b=1;
+-------------------------+---------+-----------+---------------+------------------------------------+
| id                      | estRows | task      | access object | operator info                      |
+-------------------------+---------+-----------+---------------+------------------------------------+
| TableReader_7           | 0.00    | root      |               | data:Selection_6                   |
| └─Selection_6           | 0.00    | cop[tikv] |               | eq(test.tt.a, 1), eq(test.tt.b, 1) |
|   └─TableFullScan_5     | 3.00    | cop[tikv] | table:tt      | keep order:false, stats:pseudo     |
+-------------------------+---------+-----------+---------------+------------------------------------+
3 rows in set (0.002 sec)


MySQL [test]> explain select /*+nth_plan(1)*/ * from test.tt where a=1 and b=1;
+-------------------------+---------+-----------+---------------+------------------------------------+
| id                      | estRows | task      | access object | operator info                      |
+-------------------------+---------+-----------+---------------+------------------------------------+
| TableReader_7           | 0.00    | root      |               | data:Selection_6                   |
| └─Selection_6           | 0.00    | cop[tikv] |               | eq(test.tt.a, 1), eq(test.tt.b, 1) |
|   └─TableFullScan_5     | 3.00    | cop[tikv] | table:tt      | keep order:false, stats:pseudo     |
+-------------------------+---------+-----------+---------------+------------------------------------+
3 rows in set (0.002 sec)

```
### 3. What did you see instead (Required)
example:
```
MySQL [test]> explain select /*+nth_plan(1)*/ * from test.tt where a=1 and b=1;
+--------------------------+---------+-----------+---------------+------------------------------------+
| id                       | estRows | task      | access object | operator info                      |
+--------------------------+---------+-----------+---------------+------------------------------------+
| TableReader_18           | 0.00    | root      |               | data:Selection_17                  |
| └─Selection_17           | 0.00    | cop[tikv] |               | eq(test.tt.a, 1), eq(test.tt.b, 1) |
|   └─TableFullScan_16     | 3.00    | cop[tikv] | table:tt      | keep order:false, stats:pseudo     |
+--------------------------+---------+-----------+---------------+------------------------------------+
3 rows in set (0.002 sec)

```

### 4. Root Cause Analysis

If you use nth_plan hint, some of the searching process for the best plan will be repeated, which will cause plan ID larger than normal.
