ID: 19067
Title: Partition pruning is not as expected when condition exceeds the range of column type
Description:
## Bug Report

Please answer these questions before submitting your issue. Thanks!

### 1. Minimal reproduce step (Required)
```sql
DROP TABLE IF EXISTS t4;
CREATE TABLE `t4` (
  a bit(1) DEFAULT NULL,
  b int(11) DEFAULT NULL
) PARTITION BY HASH(a)
PARTITIONS 3;
EXPLAIN SELECT * FROM t4 WHERE a = 5;
```
<!-- a step by step guide for reproducing the bug. -->

### 2. What did you expect to see? (Required)
in mysql 8.0，the partition in the plan is null
```
+----+-------------+-------+------------+------+---------------+------+---------+------+------+----------+-------------+
| id | select_type | table | partitions | type | possible_keys | key  | key_len | ref  | rows | filtered | Extra       |
+----+-------------+-------+------------+------+---------------+------+---------+------+------+----------+-------------+
|  1 | SIMPLE      | t4    | NULL       | ALL  | NULL          | NULL | NULL    | NULL |    1 |   100.00 | Using where |
+----+-------------+-------+------------+------+---------------+------+---------+------+------+----------+-------------+
```
### 3. What did you see instead (Required)
```
+-------------------------+----------+-----------+------------------------+--------------------------------+
| id                      | estRows  | task      | access object          | operator info                  |
+-------------------------+----------+-----------+------------------------+--------------------------------+
| Selection_6             | 8000.00  | root      |                        | eq(test.t4.a, 5)               |
| └─TableReader_8         | 10000.00 | root      |                        | data:TableFullScan_7           |
|   └─TableFullScan_7     | 10000.00 | cop[tikv] | table:t4, partition:p2 | keep order:false, stats:pseudo |
+-------------------------+----------+-----------+------------------------+--------------------------------+
```
### 4. What is your TiDB version? (Required)
master
```
Release Version: v4.0.0-beta.2-855-g4db32ba
Edition: Community
Git Commit Hash: 4db32ba6fe6400d2e6db9cc225c22e6fae2949c9
Git Branch: HEAD
UTC Build Time: 2020-07-29 05:16:59
GoVersion: go1.13.7
Race Enabled: false
TiKV Min Version: v3.0.0-60965b006877ca7234adaced7890d7b029ed1306
Check Table Before Drop: false
```
<!-- Paste the output of SELECT tidb_version() -->

