ID: 19348
Title: partition pruning does not work when using equal operator in hash partitioned table
Description:
## Bug Report

Please answer these questions before submitting your issue. Thanks!

### 1. Minimal reproduce step (Required)

<!-- a step by step guide for reproducing the bug. -->
```
create table t(a int) partition by hash(a) partitions 4;
explain select * from t where a = 2;
```

### 2. What did you expect to see? (Required)
partition: p2
```
mysql> explain select * from t where a = 2;
+-------------------------+----------+-----------+---------------+--------------------------------+
| id                      | estRows  | task      | access object | operator info                  |
+-------------------------+----------+-----------+---------------+--------------------------------+
| TableReader_7           | 10.00    | root      | partition:p2 | data:Selection_6               |
| └─Selection_6           | 10.00    | cop[tikv] |               | eq(test.t.a, 2)                |
|   └─TableFullScan_5     | 10000.00 | cop[tikv] | table:t       | keep order:false, stats:pseudo |
+-------------------------+----------+-----------+---------------+--------------------------------+
3 rows in set (0.00 sec)
```

### 3. What did you see instead (Required)
partition: all
```
mysql> explain select * from t where a = 2;
+-------------------------+----------+-----------+---------------+--------------------------------+
| id                      | estRows  | task      | access object | operator info                  |
+-------------------------+----------+-----------+---------------+--------------------------------+
| TableReader_7           | 10.00    | root      | partition:all | data:Selection_6               |
| └─Selection_6           | 10.00    | cop[tikv] |               | eq(test.t.a, 2)                |
|   └─TableFullScan_5     | 10000.00 | cop[tikv] | table:t       | keep order:false, stats:pseudo |
+-------------------------+----------+-----------+---------------+--------------------------------+
3 rows in set (0.00 sec)
```
### 4. What is your TiDB version? (Required)

<!-- Paste the output of SELECT tidb_version() -->
```
Release Version: v4.0.0-beta.2-999-g6b3964c75
Edition: Community
Git Commit Hash: 6b3964c75d42f3a73970be2fcc308a0d65b84500
Git Branch: master
UTC Build Time: 2020-08-21 02:22:34
GoVersion: go1.14.6
Race Enabled: false
TiKV Min Version: v3.0.0-60965b006877ca7234adaced7890d7b029ed1306
Check Table Before Drop: false
```
