ID: 20019
Title: 'explain for connection' result wrong for partition table
Description:
## Bug Report

Please answer these questions before submitting your issue. Thanks!

### 1. Minimal reproduce step (Required)

<!-- a step by step guide for reproducing the bug. -->

```
mysql> show create table xx;
+-------+-----------------------------------------------------------------------------------------------------------------------------------------------------+
| Table | Create Table                                                                                                                                        |
+-------+-----------------------------------------------------------------------------------------------------------------------------------------------------+
| xx    | CREATE TABLE `xx` (
  `id` int(11) DEFAULT NULL
) ENGINE=InnoDB DEFAULT CHARSET=utf8mb4 COLLATE=utf8mb4_bin
PARTITION BY HASH( `id` )
PARTITIONS 10 |
+-------+-----------------------------------------------------------------------------------------------------------------------------------------------------+
1 row in set (0.00 sec)

mysql> select * from xx where id = 1;
Empty set (0.01 sec)

mysql> set @@tidb_partition_prune_mode = 'dynamic-only';
Query OK, 0 rows affected (0.00 sec)

mysql> explain select * from xx where id = 1;
+-------------------------+----------+-----------+---------------+--------------------------------+
| id                      | estRows  | task      | access object | operator info                  |
+-------------------------+----------+-----------+---------------+--------------------------------+
| TableReader_7           | 10.00    | root      | partition:p1  | data:Selection_6               |
| └─Selection_6           | 10.00    | cop[tikv] |               | eq(test.xx.id, 1)              |
|   └─TableFullScan_5     | 10000.00 | cop[tikv] | table:xx      | keep order:false, stats:pseudo |
+-------------------------+----------+-----------+---------------+--------------------------------+
3 rows in set (0.00 sec)

mysql> select * from xx where id = 1;
Empty set (0.00 sec)

mysql> explain for connection 1;
+-------------------------+----------+-----------+---------------+--------------------------------+
| id                      | estRows  | task      | access object | operator info                  |
+-------------------------+----------+-----------+---------------+--------------------------------+
| TableReader_7           | 10.00    | root      |               | data:Selection_6               |
| └─Selection_6           | 10.00    | cop[tikv] |               | eq(test.xx.id, 1)              |
|   └─TableFullScan_5     | 10000.00 | cop[tikv] | table:xx      | keep order:false, stats:pseudo |
+-------------------------+----------+-----------+---------------+--------------------------------+
3 rows in set (0.00 sec)
```

### 2. What did you expect to see? (Required)

```
+-------------------------+----------+-----------+---------------+--------------------------------+
| id                      | estRows  | task      | access object | operator info                  |
+-------------------------+----------+-----------+---------------+--------------------------------+
| TableReader_7           | 10.00    | root      | partition:p1  | data:Selection_6               |
| └─Selection_6           | 10.00    | cop[tikv] |               | eq(test.xx.id, 1)              |
|   └─TableFullScan_5     | 10000.00 | cop[tikv] | table:xx      | keep order:false, stats:pseudo |
+-------------------------+----------+-----------+---------------+--------------------------------+
```

### 3. What did you see instead (Required)

```
+-------------------------+----------+-----------+---------------+--------------------------------+
| id                      | estRows  | task      | access object | operator info                  |
+-------------------------+----------+-----------+---------------+--------------------------------+
| TableReader_7           | 10.00    | root      |               | data:Selection_6               |
| └─Selection_6           | 10.00    | cop[tikv] |               | eq(test.xx.id, 1)              |
|   └─TableFullScan_5     | 10000.00 | cop[tikv] | table:xx      | keep order:false, stats:pseudo |
+-------------------------+----------+-----------+---------------+--------------------------------+
```

Note the access object `partition:p1`, it should be there.

### 4. What is your TiDB version? (Required)

master branch f699bd81a24fafca6f96ea04fb5095bd9047c2ff

```
Release Version: v4.0.0-beta.2-1230-gf699bd81a-dirty
Edition: Community
Git Commit Hash: f699bd81a24fafca6f96ea04fb5095bd9047c2ff
Git Branch: master
UTC Build Time: 2020-09-15 17:15:27
GoVersion: go1.15
Race Enabled: false
TiKV Min Version: v3.0.0-60965b006877ca7234adaced7890d7b029ed1306
Check Table Before Drop: false 
```

This bug is introduced after the partition table refactoring.

<!-- Paste the output of SELECT tidb_version() -->

