ID: 20139
Title: constant propagate is not done before range partition pruning
Description:
## Description
## Bug Report

Please answer these questions before submitting your issue. Thanks!

### 1. Minimal reproduce step (Required)


```
mysql> create table t (id int, c int) partition by range (id) (partition p0 values less than (4), partition p1 values less than (7));
Query OK, 0 rows affected (0.02 sec)

mysql> explain select * from t where c = 1 and id = c;
+-----------------------------+----------+-----------+-----------------------+------------------------------------------+
| id                          | estRows  | task      | access object         | operator info                            |
+-----------------------------+----------+-----------+-----------------------+------------------------------------------+
| Union_8                     | 16.00    | root      |                       |                                          |
| ├─TableReader_11            | 8.00     | root      |                       | data:Selection_10                        |
| │ └─Selection_10            | 8.00     | cop[tikv] |                       | eq(test.t.c, 1), eq(test.t.id, test.t.c) |
| │   └─TableFullScan_9       | 10000.00 | cop[tikv] | table:t, partition:p0 | keep order:false, stats:pseudo           |
| └─TableReader_14            | 8.00     | root      |                       | data:Selection_13                        |
|   └─Selection_13            | 8.00     | cop[tikv] |                       | eq(test.t.c, 1), eq(test.t.id, test.t.c) |
|     └─TableFullScan_12      | 10000.00 | cop[tikv] | table:t, partition:p1 | keep order:false, stats:pseudo           |
+-----------------------------+----------+-----------+-----------------------+------------------------------------------+
7 rows in set (0.00 sec)
```

### 2. What did you expect to see? (Required)

```
mysql> explain select * from t where c = 1 and id = c;
+-------------------------+----------+-----------+-----------------------+--------------------------------+
| id                      | estRows  | task      | access object         | operator info                  |
+-------------------------+----------+-----------+-----------------------+--------------------------------+
| TableReader_8           | 10.00    | root      |                       | data:Selection_7               |
| └─Selection_7           | 10.00    | cop[tikv] |                       | eq(test.t.id, 1)               |
|   └─TableFullScan_6     | 10000.00 | cop[tikv] | table:t, partition:p0 | keep order:false, stats:pseudo |
+-------------------------+----------+-----------+-----------------------+--------------------------------+
3 rows in set (0.00 sec)
```

c = 1 and id = c, that means id = 1, so partition pruning result should be only p0

### 3. What did you see instead (Required)

partition pruning does not work well in this case.

### 4. What is your TiDB version? (Required)

<!-- Paste the output of SELECT tidb_version() -->

tidb 3.0
tidb 4.x


## SIG slack channel

 [#sig-planner](https://slack.tidb.io/invite?team=tidb-community&channel=sig-planner&ref=high-performance)

## Score

- 900

## Mentor

* @lzmhhh123
