ID: 20305
Title: Comparison result is incorrect between year column and int constant
Description:
## Bug Report

Please answer these questions before submitting your issue. Thanks!

### 1. Minimal reproduce step (Required)

<!-- a step by step guide for reproducing the bug. -->

``` mysql
create table t2 (a year(4));
insert into t2 values(69);
select * from t2 where a <= 69;
```

### 2. What did you expect to see? (Required)

In mysql 8.0

``` mysql
mysql> select * from t2 where a <= 69;
+------+
| a    |
+------+
| 2069 |
+------+
1 row in set (0.00 sec)
```

### 3. What did you see instead (Required)

``` mysql
mysql> select * from t2 where a <= 69;
Empty set (0.00 sec)

mysql> explain select * from t2 where a <= 69;
+-------------------------+---------+-----------+---------------+--------------------------------+
| id                      | estRows | task      | access object | operator info                  |
+-------------------------+---------+-----------+---------------+--------------------------------+
| TableReader_7           | 1.00    | root      |               | data:Selection_6               |
| └─Selection_6           | 1.00    | cop[tikv] |               | le(test.t2.a, 69)              |
|   └─TableFullScan_5     | 3.00    | cop[tikv] | table:t2      | keep order:false, stats:pseudo |
+-------------------------+---------+-----------+---------------+--------------------------------+
3 rows in set (0.00 sec)
```

`69` should be adjusted to `2069`.

### 4. What is your TiDB version? (Required)

<!-- Paste the output of SELECT tidb_version() -->

``` mysql
mysql> select tidb_version();
+---------------------------------------------------------------------------------------------------------------------------------------------------------------------------------------------------------------------------------------------+
| tidb_version()                                                                                                                                                                                                                              |
+---------------------------------------------------------------------------------------------------------------------------------------------------------------------------------------------------------------------------------------------+
| Release Version: None
Edition: Community
Git Commit Hash: None
Git Branch: None
UTC Build Time: None
GoVersion: go1.15
Race Enabled: false
TiKV Min Version: v3.0.0-60965b006877ca7234adaced7890d7b029ed1306
Check Table Before Drop: false |
+---------------------------------------------------------------------------------------------------------------------------------------------------------------------------------------------------------------------------------------------+
1 row in set (0.00 sec)
```

## Score

- 600

## Mentor

* @lzmhhh123  