ID: 20511
Title: IndexJoin/IndexMergeJoin panic on inner side's parser on partitioned table
Description:
## Bug Report

Please answer these questions before submitting your issue. Thanks!

### 1. Minimal reproduce step (Required)

tpcc query:

```
explain SELECT /*+ TIDB_INLJ(order_line,stock) */ COUNT(DISTINCT (s_i_id)) stock_count FROM order_line, stock \nWHERE ol_w_id = 4 AND ol_d_id = 7 AND ol_o_id < 3030 AND ol_o_id >= 3030 - 20 AND s_w_id = 4 AND s_i_id = ol_i_id AND s_quantity < 16;
+-------------------------------+---------+-----------+------------------+--------------------------------------------------------------------------------------------------+
| id                            | estRows | task      | access object    | operator info                                                                                    |
+-------------------------------+---------+-----------+------------------+--------------------------------------------------------------------------------------------------+
| StreamAgg_9                   | 1.00    | root      |                  | funcs:count(distinct test.stock.s_i_id)->Column#28                                               |
| └─IndexJoin_13            | 0.00    | root      |                  | inner join, inner:TableReader_12, outer key:test.order_line.ol_i_id, inner key:test.stock.s_i_id |
|   ├─TableReader_17(Build) | 0.00    | root      | partition:p0     | data:TableRangeScan_16                                                                           |
|   │ └─TableRangeScan_16 | 0.00    | cop[tikv] | table:order_line | range:[4 7 3010,4 7 3030), keep order:false                                                      |
|   └─TableReader_12(Probe) | 0.00    | root      | partition:p0     | data:Selection_11                                                                                |
|     └─Selection_11        | 0.00    | cop[tikv] |                  | eq(test.stock.s_w_id, 4), lt(test.stock.s_quantity, 16)                                          |
|       └─TableRangeScan_10 | 1.00    | cop[tikv] | table:stock      | range: decided by [test.order_line.ol_i_id], keep order:false                                    |
+-------------------------------+---------+-----------+------------------+--------------------------------------------------------------------------------------------------+
```

some times meet panic on the partitioned stock table

```
CREATE TABLE `stock` (
  `s_i_id` int(11) NOT NULL,
  `s_w_id` int(11) NOT NULL,
  `s_quantity` int(11) DEFAULT NULL,
  `s_dist_01` char(24) DEFAULT NULL,
  `s_dist_02` char(24) DEFAULT NULL,
  `s_dist_03` char(24) DEFAULT NULL,
  `s_dist_04` char(24) DEFAULT NULL,
  `s_dist_05` char(24) DEFAULT NULL,
  `s_dist_06` char(24) DEFAULT NULL,
  `s_dist_07` char(24) DEFAULT NULL,
  `s_dist_08` char(24) DEFAULT NULL,
  `s_dist_09` char(24) DEFAULT NULL,
  `s_dist_10` char(24) DEFAULT NULL,
  `s_ytd` int(11) DEFAULT NULL,
  `s_order_cnt` int(11) DEFAULT NULL,
  `s_remote_cnt` int(11) DEFAULT NULL,
  `s_data` varchar(50) DEFAULT NULL,
  PRIMARY KEY (`s_w_id`,`s_i_id`)
) ENGINE=InnoDB DEFAULT CHARSET=utf8mb4 COLLATE=utf8mb4_bin
PARTITION BY HASH( `s_w_id` )
PARTITIONS 4
```

<!-- a step by step guide for reproducing the bug. -->

### 2. What did you expect to see? (Required)

success

### 3. What did you see instead (Required)

```
[err="runtime error: index out of range [0] with length 0
github.com/pingcap/tidb/executor.(*innerWorker).run.func1
	/go/src/github.com/pingcap/tidb/executor/index_lookup_join.go:474
runtime.gopanic
	/usr/local/go/src/runtime/panic.go:679
github.com/pingcap/tidb/planner/core.generateHashPartitionExpr.func1
	/go/src/github.com/pingcap/tidb/planner/core/rule_partition_processor.go:116
runtime.gopanic
	/usr/local/go/src/runtime/panic.go:679
runtime.goPanicIndex
	/usr/local/go/src/runtime/panic.go:75
github.com/pingcap/tidb/expression.ParseSimpleExprsWithNames
	/go/src/github.com/pingcap/tidb/expression/simple_rewriter.go:99
github.com/pingcap/tidb/planner/core.generateHashPartitionExpr
	/go/src/github.com/pingcap/tidb/planner/core/rule_partition_processor.go:120
github.com/pingcap/tidb/planner/core.(*partitionProcessor).findUsedPartitions
	/go/src/github.com/pingcap/tidb/planner/core/rule_partition_processor.go:131
github.com/pingcap/tidb/planner/core.(*partitionProcessor).pruneHashPartition
	/go/src/github.com/pingcap/tidb/planner/core/rule_partition_processor.go:217
github.com/pingcap/tidb/planner/core.PartitionPruning
	/go/src/github.com/pingcap/tidb/planner/core/partition_prune.go:32
github.com/pingcap/tidb/executor.partitionPruning
	/go/src/github.com/pingcap/tidb/executor/builder.go:3792
github.com/pingcap/tidb/executor.prunePartitionForInnerExecutor
	/go/src/github.com/pingcap/tidb/executor/builder.go:2653
github.com/pingcap/tidb/executor.(*dataReaderBuilder).buildTableReaderForIndexJoin
	/go/src/github.com/pingcap/tidb/executor/builder.go:3152
github.com/pingcap/tidb/executor.(*dataReaderBuilder).buildExecutorForIndexJoinInternal
	/go/src/github.com/pingcap/tidb/executor/builder.go:3081
github.com/pingcap/tidb/executor.(*dataReaderBuilder).buildExecutorForIndexJoin
	/go/src/github.com/pingcap/tidb/executor/builder.go:3074
github.com/pingcap/tidb/executor.(*innerWorker).fetchInnerResults
	/go/src/github.com/pingcap/tidb/executor/index_lookup_join.go:657
github.com/pingcap/tidb/executor.(*innerWorker).handleTask
	/go/src/github.com/pingcap/tidb/executor/index_lookup_join.go:511
github.com/pingcap/tidb/executor.(*innerWorker).run
	/go/src/github.com/pingcap/tidb/executor/index_lookup_join.go:489
runtime.goexit
	/usr/local/go/src/runtime/asm_amd64.s:1357
SELECT /*+ TIDB_INLJ(order_line,stock) */ COUNT(DISTINCT (s_i_id)) stock_count FROM order_line, stock 
WHERE ol_w_id = ? AND ol_d_id = ? AND ol_o_id < ? AND ol_o_id >= ? - 20 AND s_w_id = ? AND s_i_id = ol_i_id AND s_quantity < ? [arguments: (4, 7, 3030, 3030, 4, 16)]"]
```

### 4. What is your TiDB version? (Required)

master

<!-- Paste the output of SELECT tidb_version() -->

