ID: 20795
Title: "explain for connection id" statement doesn't work
Description:
## Bug Report

Please answer these questions before submitting your issue. Thanks!

### 1. Minimal reproduce step (Required)

<!-- a step by step guide for reproducing the bug. -->
```
use test;
drop table if exists t;
select connection_id();
create table t(a int, b int);
select * from t;
explain for connection id;
```

### 2. What did you expect to see? (Required)
```
mysql> select * from t;
Empty set (0.00 sec)

mysql> explain for connection 2;
+-----------------------+----------+-----------+---------------+--------------------------------+
| id                    | estRows  | task      | access object | operator info                  |
+-----------------------+----------+-----------+---------------+--------------------------------+
| TableReader_5         | 10000.00 | root      |               | data:TableFullScan_4           |
| └─TableFullScan_4     | 10000.00 | cop[tikv] | table:t       | keep order:false, stats:pseudo |
+-----------------------+----------+-----------+---------------+--------------------------------+
2 rows in set (0.00 sec)
```

### 3. What did you see instead (Required)
```
mysql> select * from t;
Empty set (0.00 sec)

mysql> explain for connection 2;
Query OK, 0 rows affected (0.00 sec)
```
### 4. What is your TiDB version? (Required)

<!-- Paste the output of SELECT tidb_version() -->
master e9941af7839370e07ce1b7dc44e7d93456ed37db and release-4.0 14532253d21f02e0ef90353843c1fbfbdca9bdd0