ID: 21820
Title: SPM: original_sql can't distinguish variable and column
Description:
## Bug Report

Please answer these questions before submitting your issue. Thanks!

### 1. Minimal reproduce step (Required)

<!-- a step by step guide for reproducing the bug. -->
```
use test;
create table t(a int, b int, index idx(a));
create global binding for select @a=b from t using select @a=b from t ignore index(idx);
explain select a=b from t use index(idx);
explain select a=b from t ignore index(idx);
```

### 2. What did you expect to see? (Required)
```
mysql> explain select a=b from t use index(idx);
+---------------------------------+----------+-----------+-----------------------+----------------------------------+
| id                              | estRows  | task      | access object         | operator info                    |
+---------------------------------+----------+-----------+-----------------------+----------------------------------+
| Projection_3                    | 10000.00 | root      |                       | eq(test.t.a, test.t.b)->Column#4 |
| └─IndexLookUp_6                 | 10000.00 | root      |                       |                                  |
|   ├─IndexFullScan_4(Build)      | 10000.00 | cop[tikv] | table:t, index:idx(a) | keep order:false, stats:pseudo   |
|   └─TableRowIDScan_5(Probe)     | 10000.00 | cop[tikv] | table:t               | keep order:false, stats:pseudo   |
+---------------------------------+----------+-----------+-----------------------+----------------------------------+
4 rows in set (0.00 sec)

mysql> explain select a=b from t ignore index(idx);
+-------------------------+----------+-----------+---------------+----------------------------------+
| id                      | estRows  | task      | access object | operator info                    |
+-------------------------+----------+-----------+---------------+----------------------------------+
| Projection_3            | 10000.00 | root      |               | eq(test.t.a, test.t.b)->Column#4 |
| └─TableReader_5         | 10000.00 | root      |               | data:TableFullScan_4             |
|   └─TableFullScan_4     | 10000.00 | cop[tikv] | table:t       | keep order:false, stats:pseudo   |
+-------------------------+----------+-----------+---------------+----------------------------------+
3 rows in set (0.00 sec)
```

### 3. What did you see instead (Required)
```
mysql> explain select a=b from t use index(idx);
+-------------------------+----------+-----------+---------------+----------------------------------+
| id                      | estRows  | task      | access object | operator info                    |
+-------------------------+----------+-----------+---------------+----------------------------------+
| Projection_3            | 10000.00 | root      |               | eq(test.t.a, test.t.b)->Column#4 |
| └─TableReader_5         | 10000.00 | root      |               | data:TableFullScan_4             |
|   └─TableFullScan_4     | 10000.00 | cop[tikv] | table:t       | keep order:false, stats:pseudo   |
+-------------------------+----------+-----------+---------------+----------------------------------+
3 rows in set (0.00 sec)

mysql> explain select a=b from t ignore index(idx);
+-------------------------+----------+-----------+---------------+----------------------------------+
| id                      | estRows  | task      | access object | operator info                    |
+-------------------------+----------+-----------+---------------+----------------------------------+
| Projection_3            | 10000.00 | root      |               | eq(test.t.a, test.t.b)->Column#4 |
| └─TableReader_5         | 10000.00 | root      |               | data:TableFullScan_4             |
|   └─TableFullScan_4     | 10000.00 | cop[tikv] | table:t       | keep order:false, stats:pseudo   |
+-------------------------+----------+-----------+---------------+----------------------------------+
3 rows in set (0.00 sec)
```
### 4. What is your TiDB version? (Required)

<!-- Paste the output of SELECT tidb_version() -->

```
Release Version: v4.0.0-beta.2-1830-g67d66d68f
Edition: Community
Git Commit Hash: 67d66d68f2b2b2c9fc2d9450e7c6225a7bccea15
Git Branch: master
UTC Build Time: 2020-12-15 09:43:57
GoVersion: go1.15
Race Enabled: false
TiKV Min Version: v3.0.0-60965b006877ca7234adaced7890d7b029ed1306
Check Table Before Drop: false
```