ID: 22032
Title: got incorrect result when using prefix index
Description:
## Bug Report

Please answer these questions before submitting your issue. Thanks!

### 1. Minimal reproduce step (Required)

<!-- a step by step guide for reproducing the bug. -->
```
use test;
drop table if exists t;
create table t (a varchar(50), index idx_a(a(2)));
insert into t values ('aaa');
select * from t use index (idx_a) where a > 'aa';
```

### 2. What did you expect to see? (Required)
```
+------+
| a    |
+------+
| aaa  |
+------+
1 row in set (0.00 sec)
```

### 3. What did you see instead (Required)
```
Empty set (0.00 sec)
```

### 4. What is your TiDB version? (Required)

<!-- Paste the output of SELECT tidb_version() -->
```
tidb> select tidb_version()\G
*************************** 1. row ***************************
tidb_version(): Release Version: v4.0.0-beta.2-1918-g27071f14d
Edition: Community
Git Commit Hash: 27071f14d796492e50bed6729fa07d30ee9d57f2
Git Branch: master
UTC Build Time: 2020-12-25 08:41:27
GoVersion: go1.15.5
Race Enabled: false
TiKV Min Version: v3.0.0-60965b006877ca7234adaced7890d7b029ed1306
Check Table Before Drop: false
1 row in set (0.00 sec)
```

PS:
```
tidb> explain select * from t use index (idx_a) where a > 'aa';
+-------------------------------+---------+-----------+-------------------------+---------------------------------------------------+
| id                            | estRows | task      | access object           | operator info                                     |
+-------------------------------+---------+-----------+-------------------------+---------------------------------------------------+
| IndexLookUp_8                 | 3333.33 | root      |                         |                                                   |
| ├─IndexRangeScan_5(Build)     | 3333.33 | cop[tikv] | table:t, index:idx_a(a) | range:("aa",+inf], keep order:false, stats:pseudo |
| └─Selection_7(Probe)          | 3333.33 | cop[tikv] |                         | gt(test.t.a, "aa")                                |
|   └─TableRowIDScan_6          | 3333.33 | cop[tikv] | table:t                 | keep order:false, stats:pseudo                    |
+-------------------------------+---------+-----------+-------------------------+---------------------------------------------------+
```
For `IndexRangeScan_5`, since it is prefix index, the range should be `["aa",+inf]`. 