ID: 22108
Title: The plan is not as expected when expressions with same the column connected by or
Description:
## Bug Report

Please answer these questions before submitting your issue. Thanks!

### 1. Minimal reproduce step (Required)
```
create table tt(a int,key(a));
explain select /*+ use_index_merge(tt) */ * from tt where a=10 or a=20;
```
<!-- a step by step guide for reproducing the bug. -->

### 2. What did you expect to see? (Required)
single index scan without the IndexMerge operator
### 3. What did you see instead (Required)
```
+---------------------------------+---------+-----------+----------------------+-----------------------------------------------+
| id                              | estRows | task      | access object        | operator info                                 |
+---------------------------------+---------+-----------+----------------------+-----------------------------------------------+
| Projection_4                    | 20.00   | root      |                      | ticase_1843_ktpkfx.tt.a                       |
| └─IndexMerge_8                  | 20.00   | root      |                      |                                               |
|   ├─IndexRangeScan_5(Build)     | 10.00   | cop[tikv] | table:tt, index:a(a) | range:[10,10], keep order:false, stats:pseudo |
|   ├─IndexRangeScan_6(Build)     | 10.00   | cop[tikv] | table:tt, index:a(a) | range:[20,20], keep order:false, stats:pseudo |
|   └─TableRowIDScan_7(Probe)     | 20.00   | cop[tikv] | table:tt             | keep order:false, stats:pseudo                |
+---------------------------------+---------+-----------+----------------------+-----------------------------------------------+
```
### 4. What is your TiDB version? (Required)
release-5.0-rc
<!-- Paste the output of SELECT tidb_version() -->

