ID: 22654
Title: Aggregation query returns wrong results on TiFlash
Description:
## Bug Report
Schema:
`| cb_yield_curve_detail | CREATE TABLE cb_yield_curve_detail (
seq decimal(32,0) NOT NULL,
ctime datetime DEFAULT NULL,
rtime datetime DEFAULT NULL,
curve_encode varchar(240) DEFAULT NULL,
curve_name varchar(440) DEFAULT NULL,
curve_type_code varchar(240) DEFAULT NULL,
curve_type varchar(240) DEFAULT NULL,
dt datetime DEFAULT NULL,
term_y decimal(24,4) DEFAULT NULL,
yield decimal(24,8) DEFAULT NULL,
n_y decimal(8,2) DEFAULT NULL,
k_y decimal(8,2) DEFAULT NULL,
evaluation_date_basic_interest decimal(24,8) DEFAULT NULL,
yield_curve_num decimal(24,8) DEFAULT NULL,
PRIMARY KEY (seq)
) ENGINE=InnoDB DEFAULT CHARSET=utf8mb4 COLLATE=utf8mb4_bin |`

On TiFlash
```
MySQL [thsdata]> select max(yield) yield_max, min(yield) yield_min,avg(yield) yield_max_avg from cb_yield_curve_detail;
±------------±-----------±---------------+
| yield_max | yield_min | yield_max_avg |
±------------±-----------±---------------+
| -0.00010000 | 0.00000000 | 6.141568476459 |
±------------±-----------±---------------+
1 row in set (0.53 sec)

MySQL [thsdata]> explain select max(yield) yield_max, min(yield) yield_min,avg(yield) yield_max_avg from cb_yield_curve_detail;
±---------------------------±-------------±-------------±----------------------------±---------------------------------------------------------------------------------------------------------------------------------------------------------------------------------------------------------------------------------------------+
| id | estRows | task | access object | operator info |
±---------------------------±-------------±-------------±----------------------------±---------------------------------------------------------------------------------------------------------------------------------------------------------------------------------------------------------------------------------------------+
| StreamAgg_20 | 1.00 | root | | funcs:max(Column#23)->Column#16, funcs:min(Column#24)->Column#17, funcs:avg(Column#25, Column#26)->Column#18 |
| └─TableReader_21 | 1.00 | root | | data:StreamAgg_8 |
| └─StreamAgg_8 | 1.00 | cop[tiflash] | | funcs:max(thsdata.cb_yield_curve_detail.yield)->Column#23, funcs:min(thsdata.cb_yield_curve_detail.yield)->Column#24, funcs:count(thsdata.cb_yield_curve_detail.yield)->Column#25, funcs:sum(thsdata.cb_yield_curve_detail.yield)->Column#26 |
| └─TableFullScan_19 | 120471980.00 | cop[tiflash] | table:cb_yield_curve_detail | keep order:false |
±---------------------------±-------------±-------------±----------------------------±---------------------------------------------------------------------------------------------------------------------------------------------------------------------------------------------------------------------------------------------+
4 rows in set (0.00 sec)
```

On TiKV

```
MySQL [thsdata]> select max(yield) yield_max, min(yield) yield_min,avg(yield) yield_max_avg from cb_yield_curve_detail;
±------------±------------±---------------+
| yield_max | yield_min | yield_max_avg |
±------------±------------±---------------+
| 99.99990000 | -3.82000000 | 6.141568476459 |
±------------±------------±---------------+
1 row in set (9.35 sec)

MySQL [thsdata]> explain select max(yield) yield_max, min(yield) yield_min,avg(yield) yield_max_avg from cb_yield_curve_detail;
±---------------------------±-------------±----------±----------------------------±---------------------------------------------------------------------------------------------------------------------------------------------------------------------------------------------------------------------------------------------+
| id | estRows | task | access object | operator info |
±---------------------------±-------------±----------±----------------------------±---------------------------------------------------------------------------------------------------------------------------------------------------------------------------------------------------------------------------------------------+
| StreamAgg_16 | 1.00 | root | | funcs:max(Column#23)->Column#16, funcs:min(Column#24)->Column#17, funcs:avg(Column#25, Column#26)->Column#18 |
| └─TableReader_17 | 1.00 | root | | data:StreamAgg_8 |
| └─StreamAgg_8 | 1.00 | cop[tikv] | | funcs:max(thsdata.cb_yield_curve_detail.yield)->Column#23, funcs:min(thsdata.cb_yield_curve_detail.yield)->Column#24, funcs:count(thsdata.cb_yield_curve_detail.yield)->Column#25, funcs:sum(thsdata.cb_yield_curve_detail.yield)->Column#26 |
| └─TableFullScan_15 | 120471980.00 | cop[tikv] | table:cb_yield_curve_detail | keep order:false |
±---------------------------±-------------±----------±----------------------------±---------------------------------------------------------------------------------------------------------------------------------------------------------------------------------------------------------------------------------------------+
4 rows in set (0.00 sec)
```

### 4. What is your TiDB version? (Required)
4.0.8
3 TiKV + 1 TiFlash
Can be observed with/without batch_cop switch.

