ID: 22807
Title: index merge is not used as expected
Description:
## Bug Report

Please answer these questions before submitting your issue. Thanks!

### 1. Minimal reproduce step (Required)

<!-- a step by step guide for reproducing the bug. -->
```
create table index_testing(
id int not null,
c1 varchar(255),
c2 varchar(255),
c3 varchar(255),
c4 varchar(255),
aid bigint,
created_at timestamp,
primary key (id)
);create index aid_c1 on index_testing(aid,c1);
create index aid_c2 on index_testing(aid,c2);
create index aid_c3 on index_testing(aid,c3);
create index aid_c4 on index_testing(aid,c4);
create index testing_created on index_testing(created_at);
set @@tidb_enable_index_merge="ON";
desc select /*+ USE_INDEX_MERGE(index_testing, aid_c1, aid_c2) */ * from index_testing where (aid = 1 and c1="aaa") or (aid = 2 and c2="bbb");
+-------------------------------+---------+-----------+--------------------------------------------+------------------------------------------------------------------------------------------------------------------------------------------------+
| id                            | estRows | task      | access object                              | operator info                                                                                                                                  |
+-------------------------------+---------+-----------+--------------------------------------------+------------------------------------------------------------------------------------------------------------------------------------------------+
| IndexLookUp_11                | 8.08    | root      |                                            |                                                                                                                                                |
| ├─IndexRangeScan_8(Build)     | 10.10   | cop[tikv] | table:index_testing, index:aid_c1(aid, c1) | range:[1 "aaa",1 "aaa"], [2,2], keep order:false, stats:pseudo                                                                                 |
| └─Selection_10(Probe)         | 8.08    | cop[tikv] |                                            | or(and(eq(test.index_testing.aid, 1), eq(test.index_testing.c1, "aaa")), and(eq(test.index_testing.aid, 2), eq(test.index_testing.c2, "bbb"))) |
|   └─TableRowIDScan_9          | 10.10   | cop[tikv] | table:index_testing                        | keep order:false, stats:pseudo                                                                                                                 |
+-------------------------------+---------+-----------+--------------------------------------------+------------------------------------------------------------------------------------------------------------------------------------------------+
4 rows in set, 1 warning (0.00 sec)
```
### 2. What did you expect to see? (Required)
index merge is used.
### 3. What did you see instead (Required)
indexLookUp
### 4. What is your TiDB version? (Required)
master
<!-- Paste the output of SELECT tidb_version() -->

