ID: 23053
Title: wrong fast plan for set or enum 
Description:
## Bug Report

Please answer these questions before submitting your issue. Thanks!

### 1. Minimal reproduce step (Required)

<!-- a step by step guide for reproducing the bug. -->
```
create table t1(c set("A", "B") collate utf8mb4_general_ci);
desc select  c   from t1  where c = "a";
```

### 2. What did you expect to see? (Required)
``` sql
mysql> desc select  c   from t1  where c = "a";
+-------------------------+---------+-----------+---------------+--------------------------------+
| id                      | estRows | task      | access object | operator info                  |
+-------------------------+---------+-----------+---------------+--------------------------------+
| Selection_5             | 0.80    | root      |               | eq(test.t1.c, "a")             |
| └─TableReader_7         | 1.00    | root      |               | data:TableFullScan_6           |
|   └─TableFullScan_6     | 1.00    | cop[tikv] | table:t1      | keep order:false, stats:pseudo |
+-------------------------+---------+-----------+---------------+--------------------------------+
3 rows in set (0.00 sec)
```
### 3. What did you see instead (Required)
``` sql 
mysql> desc select  c   from t1  where c = "a";
+-------------+---------+------+---------------+---------------+
| id          | estRows | task | access object | operator info |
+-------------+---------+------+---------------+---------------+
| TableDual_2 | 0.00    | root |               | rows:0        |
+-------------+---------+------+---------------+---------------+
1 row in set (0.00 sec)
```
### 4. What is your TiDB version? (Required)

<!-- Paste the output of SELECT tidb_version() -->

4.0, master