ID: 23608
Title: wrong partition pruning cause the query result incorrect
Description:
## Bug Report

Please answer these questions before submitting your issue. Thanks!

### 1. Minimal reproduce step (Required)
```sql
drop table if exists t;
create table t(a int) partition by hash (a) partitions 10;
insert into t values (1), (2), (12), (3), (11), (13);
select * from t where a not between 2 and 2;
explain select * from t where a not between 2 and 2;
```
<!-- a step by step guide for reproducing the bug. -->

### 2. What did you expect to see? (Required)
```sql
MySQL > select * from t where a not between 2 and 2;
+----+
| a  |
+----+
| 1  |
| 11 |
| 12 |
| 3  |
| 13 |
+----+

```
### 3. What did you see instead (Required)
```sql
mysql > select * from t where a not between 2 and 2;
+----+
| a  |
+----+
| 12 |
+----+

mysql > explain select * from t where a not between 2 and 2;
+---------------------+---------+-----------+-----------------------+--------------------------------------+
| id                  | estRows | task      | access object         | operator info                        |
+---------------------+---------+-----------+-----------------------+--------------------------------------+
| TableReader_9       | 1.33    | root      |                       | data:Selection_8                     |
| └─Selection_8       | 1.33    | cop[tikv] |                       | or(lt(test.t.a, 2), gt(test.t.a, 2)) |
|   └─TableFullScan_7 | 2.00    | cop[tikv] | table:t, partition:p2 | keep order:false, stats:pseudo       |
+---------------------+---------+-----------+-----------------------+--------------------------------------+


```

### 4. What is your TiDB version? (Required)
```sql
mysql > select tidb_version()\G
***************************[ 1. row ]***************************
tidb_version() | Release Version: v4.0.0-beta.2-2477-g149440854-dirty
Edition: Community
Git Commit Hash: 149440854e539ba5e674109f96af13cf9e34fe7f
Git Branch: master
UTC Build Time: 2021-03-26 13:48:42
GoVersion: go1.13
Race Enabled: false
TiKV Min Version: v3.0.0-60965b006877ca7234adaced7890d7b029ed1306
Check Table Before Drop: false
```
<!-- Paste the output of SELECT tidb_version() -->

