ID: 24213
Title: DB::TiFlashException: Duplicated selection in DAG request
Description:
## Bug Report

Please answer these questions before submitting your issue. Thanks!

### 1. Minimal reproduce step (Required)
from https://github.com/pingcap/tics/issues/1731
```
create table ts (col_char_64 char(64), col_varchar_64_not_null varchar(64) not null, col_varchar_key varchar(1), id int primary key, col_varchar_64 varchar(64),col_char_64_not_null char(64) not null);
alter table ts set tiflash replica 1;

mysql> desc SELECT table2 . `col_char_64` AS field1 FROM `ts` AS table2 INNER JOIN (SELECT DISTINCT SUBQUERY3_t1 . * FROM `ts` AS SUBQUERY3_t1 LEFT OUTER JOIN `ts` AS SUBQUERY3_t2 ON SUBQUERY3_t2 . `col_varchar_64_not_null` = SUBQUERY3_t1 . `col_varchar_key`) AS table3 ON (table3 . `col_varchar_key` = table2 . `col_varchar_64`) WHERE table3 . `col_char_64_not_null` >= SOME (SELECT SUBQUERY4_t1 . `col_varchar_64` AS SUBQUERY4_field1 FROM `ts` AS SUBQUERY4_t1) GROUP BY field1 ;
+------------------------------------------+----------+-------------------+--------------------+-------------------------------------------------------------------------------------------------------------------------------+
| id                                       | estRows  | task              | access object      | operator info                                                                                                                 |
+------------------------------------------+----------+-------------------+--------------------+-------------------------------------------------------------------------------------------------------------------------------+
| HashAgg_24                               | 7992.00  | root              |                    | group by:subquery_agg10000.ts.col_char_64, funcs:firstrow(subquery_agg10000.ts.col_char_64)->subquery_agg10000.ts.col_char_64 |
| └─HashJoin_31                            | 7992.00  | root              |                    | CARTESIAN inner join, other cond:or(ge(subquery_agg10000.ts.col_char_64_not_null, Column#25), if(ne(Column#26, 0), NULL, 0))  |
|   ├─Selection_32(Build)                  | 0.80     | root              |                    | 1, ne(Column#27, 0)                                                                                                           |
|   │ └─HashAgg_53                         | 1.00     | root              |                    | funcs:min(Column#33)->Column#25, funcs:sum(Column#34)->Column#26, funcs:count(Column#35)->Column#27                           |
|   │   └─TableReader_55                   | 1.00     | root              |                    | data:ExchangeSender_54                                                                                                        |
|   │     └─ExchangeSender_54              | 1.00     | batchCop[tiflash] |                    | ExchangeType: PassThrough                                                                                                     |
|   │       └─HashAgg_36                   | 1.00     | batchCop[tiflash] |                    | funcs:min(Column#39)->Column#33, funcs:sum(Column#40)->Column#34, funcs:count(1)->Column#35                                   |
|   │         └─Projection_101             | 8000.00  | batchCop[tiflash] |                    | subquery_agg10000.ts.col_varchar_64, cast(isnull(subquery_agg10000.ts.col_varchar_64), decimal(22,0) BINARY)->Column#40       |
|   │           └─Selection_52             | 8000.00  | batchCop[tiflash] |                    | 1                                                                                                                             |
|   │             └─TableFullScan_51       | 10000.00 | batchCop[tiflash] | table:SUBQUERY4_t1 | keep order:false, stats:pseudo                                                                                                |
|   └─TableReader_82(Probe)                | 9990.00  | root              |                    | data:ExchangeSender_81                                                                                                        |
|     └─ExchangeSender_81                  | 9990.00  | cop[tiflash]      |                    | ExchangeType: PassThrough                                                                                                     |
|       └─HashJoin_68                      | 9990.00  | cop[tiflash]      |                    | inner join, equal:[eq(subquery_agg10000.ts.col_varchar_64, subquery_agg10000.ts.col_varchar_key)]                             |
|         ├─ExchangeReceiver_80(Build)     | 7992.00  | cop[tiflash]      |                    |                                                                                                                               |
|         │ └─ExchangeSender_79            | 7992.00  | cop[tiflash]      |                    | ExchangeType: Broadcast                                                                                                       |
|         │   └─Selection_74               | 7992.00  | cop[tiflash]      |                    | 1                                                                                                                             |
|         │     └─Selection_78             | 9990.00  | cop[tiflash]      |                    | not(isnull(subquery_agg10000.ts.col_varchar_key))                                                                             |
|         │       └─TableFullScan_77       | 10000.00 | cop[tiflash]      | table:SUBQUERY3_t1 | keep order:false, stats:pseudo                                                                                                |
|         └─Selection_72(Probe)            | 9990.00  | cop[tiflash]      |                    | 1, not(isnull(subquery_agg10000.ts.col_varchar_64))                                                                           |
|           └─TableFullScan_71             | 10000.00 | cop[tiflash]      | table:table2       | keep order:false, stats:pseudo                                                                                                |
+------------------------------------------+----------+-------------------+--------------------+-------------------------------------------------------------------------------------------------------------------------------+
```
<!-- a step by step guide for reproducing the bug. -->

### 2. What did you expect to see? (Required)
no duplicated selections

### 3. What did you see instead (Required)

### 4. What is your TiDB version? (Required)
master
<!-- Paste the output of SELECT tidb_version() -->

