ID: 24421
Title: The variable tidb_allow_fallback_to_tikv can't take effect when the tiflash nodes stop
Description:
## Bug Report

Please answer these questions before submitting your issue. Thanks!

### 1. Minimal reproduce step (Required)

<!-- a step by step guide for reproducing the bug. -->
```
tpcc 10k warehouses and tiflash replica 2
tiup cluster stop xxx -R tiflash
select sum(s_order_cnt) from stock where s_i_id=1; -- ERROR 9012 (HY000): TiFlash server timeout
set @@tidb_allow_fallback_to_tikv="tiflash";
select sum(s_order_cnt) from stock where s_i_id=1; -- ERROR 9005 (HY000): Region is unavailable
```
The plan is
```
+--------------------------------+---------------+-------------------+---------------+---------------------------------------------------------------+
| id                             | estRows       | task              | access object | operator info                                                 |
+--------------------------------+---------------+-------------------+---------------+---------------------------------------------------------------+
| StreamAgg_27                   | 1.00          | root              |               | funcs:sum(Column#21)->Column#19                               |
| └─TableReader_28               | 1.00          | root              |               | data:StreamAgg_9                                              |
|   └─StreamAgg_9                | 1.00          | batchCop[tiflash] |               | funcs:sum(Column#22)->Column#21                               |
|     └─Projection_35            | 10064.41      | batchCop[tiflash] |               | cast(tpcc.stock.s_order_cnt, decimal(32,0) BINARY)->Column#22 |
|       └─Selection_26           | 10064.41      | batchCop[tiflash] |               | eq(tpcc.stock.s_i_id, 1)                                      |
|         └─TableFullScan_25     | 1000000000.00 | batchCop[tiflash] | table:stock   | keep order:false                                              |
+--------------------------------+---------------+-------------------+---------------+---------------------------------------------------------------+
6 rows in set (0.05 sec)
```
### 2. What did you expect to see? (Required)
The last query fallback to tikv
### 3. What did you see instead (Required)
ERROR 9005 (HY000): Region is unavailable
### 4. What is your TiDB version? (Required)

<!-- Paste the output of SELECT tidb_version() -->
Release Version: v4.0.0-beta.2-2791-g207ce344c-dirty
Edition: Community
Git Commit Hash: 207ce344cbb044ffb1b2681f1ba320a154979f6d
Git Branch: master
UTC Build Time: 2021-05-02 15:24:42
GoVersion: go1.13
Race Enabled: false
TiKV Min Version: v3.0.0-60965b006877ca7234adaced7890d7b029ed1306
Check Table Before Drop: false
