ID: 24452
Title: The max/min aggregation function on set type column is ambiguous in cascades planner
Description:
## Bug Report

Please answer these questions before submitting your issue. Thanks!

### 1. Minimal reproduce step (Required)

<!-- a step by step guide for reproducing the bug. -->
```
create table t(a set('y','b','1','x','0','null') DEFAULT NULL,key(a));
insert into t values('y'),('b');
set @@tidb_enable_cascades_planner=on;
select min(a) from t; -- b , and the plan is
+--------------------------+---------+-----------+---------------+--------------------------------+
| id                       | estRows | task      | access object | operator info                  |
+--------------------------+---------+-----------+---------------+--------------------------------+
| HashAgg_14               | 1.00    | root      |               | funcs:min(rs.t.a)->Column#3    |
| └─TableReader_15         | 2.00    | root      |               | data:TableFullScan_16          |
|   └─TableFullScan_16     | 2.00    | cop[tikv] | table:t       | keep order:false, stats:pseudo |
+--------------------------+---------+-----------+---------------+--------------------------------+
select min(distinct a) from t; -- y , and the plan is
+------------------------------+---------+-----------+---------------------+--------------------------------------+
| id                           | estRows | task      | access object       | operator info                        |
+------------------------------+---------+-----------+---------------------+--------------------------------------+
| HashAgg_37                   | 1.00    | root      |                     | funcs:min(distinct rs.t.a)->Column#3 |
| └─Limit_39                   | 1.00    | root      |                     | offset:0, count:1                    |
|   └─Selection_41             | 1.00    | root      |                     | not(isnull(rs.t.a))                  |
|     └─IndexReader_28         | 1.00    | root      |                     | index:IndexFullScan_29               |
|       └─IndexFullScan_29     | 1.00    | cop[tikv] | table:t, index:a(a) | keep order:true, stats:pseudo        |
+------------------------------+---------+-----------+---------------------+--------------------------------------+
```
### 2. What did you expect to see? (Required)
the result is to be same
### 3. What did you see instead (Required)
the result is different
### 4. What is your TiDB version? (Required)

<!-- Paste the output of SELECT tidb_version() -->
Release Version: v4.0.0-beta.2-2807-g289dcfefd-dirty
Edition: Community
Git Commit Hash: 289dcfefdd159345972f71cf42c9d6e594255290
Git Branch: master
UTC Build Time: 2021-05-06 15:11:16
GoVersion: go1.13
Race Enabled: false
TiKV Min Version: v3.0.0-60965b006877ca7234adaced7890d7b029ed1306
Check Table Before Drop: false
