ID: 24473
Title: The result of inl_merge_join with the enum type join column is wrong
Description:
## Bug Report

Please answer these questions before submitting your issue. Thanks!

### 1. Minimal reproduce step (Required)

<!-- a step by step guide for reproducing the bug. -->
```sql
CREATE TABLE `x` (
  `a` enum('y','b','1','x','0','null') DEFAULT NULL,
  KEY `a` (`a`)
);
insert into x values("x"),("x"),("b"),("y");
SELECT /*+ inl_merge_join (t2,t3) */ t2.a,t3.a FROM x t2 inner join x t3 on t2.a = t3.a;
```
The plan is
```
+-----------------------------+---------+-----------+----------------------+-----------------------------------------------------------------------+
| id                          | estRows | task      | access object        | operator info                                                         |
+-----------------------------+---------+-----------+----------------------+-----------------------------------------------------------------------+
| IndexMergeJoin_18           | 5.00    | root      |                      | inner join, inner:IndexReader_16, outer key:rs.x.a, inner key:rs.x.a  |
| ├─IndexReader_31(Build)     | 4.00    | root      |                      | index:IndexFullScan_30                                                |
| │ └─IndexFullScan_30        | 4.00    | cop[tikv] | table:t2, index:a(a) | keep order:false, stats:pseudo                                        |
| └─IndexReader_16(Probe)     | 1.25    | root      |                      | index:Selection_15                                                    |
|   └─Selection_15            | 1.25    | cop[tikv] |                      | not(isnull(rs.x.a))                                                   |
|     └─IndexRangeScan_14     | 1.25    | cop[tikv] | table:t3, index:a(a) | range: decided by [eq(rs.x.a, rs.x.a)], keep order:true, stats:pseudo |
+-----------------------------+---------+-----------+----------------------+-----------------------------------------------------------------------+
```
### 2. What did you expect to see? (Required)
```
+------+------+
| a    | a    |
+------+------+
| y    | y    |
| b    | b    |
| x    | x    |
| x    | x    |
| x    | x    |
| x    | x    |
+------+------+
```
### 3. What did you see instead (Required)
```
+------+------+
| a    | a    |
+------+------+
| y    | y    |
+------+------+
```
### 4. What is your TiDB version? (Required)

<!-- Paste the output of SELECT tidb_version() -->
Release Version: v4.0.0-beta.2-2807-g289dcfefd-dirty
Edition: Community
Git Commit Hash: 289dcfefdd159345972f71cf42c9d6e594255290
Git Branch: master
UTC Build Time: 2021-05-06 15:11:16
GoVersion: go1.13
Race Enabled: false
TiKV Min Version: v3.0.0-60965b006877ca7234adaced7890d7b029ed1306
Check Table Before Drop: false
