ID: 24610
Title: enum type min/max result is different from order result
Description:
## Bug Report

Please answer these questions before submitting your issue. Thanks!

### 1. Minimal reproduce step (Required)
```sql
create table t(a enum('y','b','1','x','0',null') DEFAULT NULL,key(a));
insert into t values('y'),('b');

select a from t order by a asc;
select min(a) from t;
explain select a from t order by a asc;
explain select min(a) from t;
```
<!-- a step by step guide for reproducing the bug. -->

### 2. What did you expect to see? (Required)
```sql
MySQL > select a from t order by a asc;
+---+
| a |
+---+
| y |
| b |
+---+

2 rows in set
Time: 0.050s
MySQL > select min(a) from t;
+--------+
| min(a) |
+--------+
| y      |
+--------+

1 row in set
Time: 0.047s
```
### 3. What did you see instead (Required)
```sql
MySQL > select a from t order by a asc;
+---+
| a |
+---+
| y |
| b |
+---+

MySQL > select min(a) from t;
+--------+
| min(a) |
+--------+
| b      |
+--------+

1 row in set
Time: 0.061s
MySQL > explain select a from t order by a asc;
+--------------------+----------+-----------+---------------------+-------------------------------+
| id                 | estRows  | task      | access object       | operator info                 |
+--------------------+----------+-----------+---------------------+-------------------------------+
| IndexReader_13     | 10000.00 | root      |                     | index:IndexFullScan_12        |
| └─IndexFullScan_12 | 10000.00 | cop[tikv] | table:t, index:a(a) | keep order:true, stats:pseudo |
+--------------------+----------+-----------+---------------------+-------------------------------+

2 rows in set
Time: 0.089s

MySQL > explain select min(a) from t;
+------------------------+----------+-----------+---------------+----------------------------------+
| id                     | estRows  | task      | access object | operator info                    |
+------------------------+----------+-----------+---------------+----------------------------------+
| StreamAgg_20           | 1.00     | root      |               | funcs:min(Column#5)->Column#3    |
| └─TableReader_21       | 1.00     | root      |               | data:StreamAgg_8                 |
|   └─StreamAgg_8        | 1.00     | cop[tikv] |               | funcs:min(hchwang.t.a)->Column#5 |
|     └─TableFullScan_18 | 10000.00 | cop[tikv] | table:t       | keep order:false, stats:pseudo   |
+------------------------+----------+-----------+---------------+----------------------------------+

4 rows in set
Time: 0.248s
```
### 4. What is your TiDB version? (Required)

<!-- Paste the output of SELECT tidb_version() -->
```sql
tidb_version() | Release Version: v4.0.0-beta.2-2832-gc6c8265e0-dirty
Edition: Community
Git Commit Hash: c6c8265e098b65339a85be2e35678b1c13f0f53a
Git Branch: master
UTC Build Time: 2021-05-10 14:58:41
GoVersion: go1.13
Race Enabled: false
TiKV Min Version: v3.0.0-60965b006877ca7234adaced7890d7b029ed1306
Check Table Before Drop: false
```
