ID: 24954
Title: the hint inl_merge_join doesn't work
Description:
## Bug Report

Please answer these questions before submitting your issue. Thanks!

### 1. Minimal reproduce step (Required)

<!-- a step by step guide for reproducing the bug. -->
```
CREATE TABLE `t` (
  `a` bigint(20) NOT NULL,
  `b` tinyint(1) DEFAULT NULL,
  `c` datetime DEFAULT NULL,
  `d` int(10) unsigned DEFAULT NULL,
  `e` varchar(20) DEFAULT NULL,
  `f` double DEFAULT NULL,
  `g` decimal(30,5) DEFAULT NULL,
  `h` float DEFAULT NULL,
  `i` date DEFAULT NULL,
  `j` timestamp NULL DEFAULT NULL,
  PRIMARY KEY (`a`),
  UNIQUE KEY `b` (`b`),
  KEY `c` (`c`,`d`,`e`),
  KEY `f` (`f`),
  KEY `g` (`g`,`h`),
  KEY `g_2` (`g`),
  UNIQUE KEY `g_3` (`g`),
  KEY `i` (`i`)
) ENGINE=InnoDB DEFAULT CHARSET=utf8mb4 COLLATE=utf8mb4_bin;
explain select /*+inl_merge_join(t2)*/ t1.a, t2.a from t t1 left join t t2 on t1.a=t2.a and t1.d=t2.d;
```
### 2. What did you expect to see? (Required)
use IndexMergeJoin

### 3. What did you see instead (Required)
```
mysql> explain select /*+inl_merge_join(t2)*/ t1.a, t2.a from t t1 left join t t2 on t1.a=t2.a and t1.d=t2.d;
+-----------------------------+---------+-----------+----------------------------+-----------------------------------------------------------------------------------------------------------------------------------------------------------------------------------------------------------------------------+
| id                          | estRows | task      | access object              | operator info                                                                                                                                                                                                               |
+-----------------------------+---------+-----------+----------------------------+-----------------------------------------------------------------------------------------------------------------------------------------------------------------------------------------------------------------------------+
| IndexJoin_9                 | 3.00    | root      |                            | left outer join, inner:TableReader_8, outer key:ticase_1288_tiucuz.t.a, inner key:ticase_1288_tiucuz.t.a, equal cond:eq(ticase_1288_tiucuz.t.a, ticase_1288_tiucuz.t.a), eq(ticase_1288_tiucuz.t.d, ticase_1288_tiucuz.t.d) |
| ├─IndexReader_15(Build)     | 3.00    | root      |                            | index:IndexFullScan_14                                                                                                                                                                                                      |
| │ └─IndexFullScan_14        | 3.00    | cop[tikv] | table:t1, index:c(c, d, e) | keep order:false                                                                                                                                                                                                            |
| └─TableReader_8(Probe)      | 1.00    | root      |                            | data:Selection_7                                                                                                                                                                                                            |
|   └─Selection_7             | 1.00    | cop[tikv] |                            | not(isnull(ticase_1288_tiucuz.t.d))                                                                                                                                                                                         |
|     └─TableRangeScan_6      | 1.00    | cop[tikv] | table:t2                   | range: decided by [ticase_1288_tiucuz.t.a], keep order:false                                                                                                                                                                |
+-----------------------------+---------+-----------+----------------------------+-----------------------------------------------------------------------------------------------------------------------------------------------------------------------------------------------------------------------------+
6 rows in set (0.00 sec)
```
### 4. What is your TiDB version? (Required)

<!-- Paste the output of SELECT tidb_version() -->
```
Release Version: v4.0.12-67-g57fa70a90
Edition: Community
Git Commit Hash: 57fa70a90d62222578a8f050a0ba24547d91327c
Git Branch: release-4.0
UTC Build Time: 2021-05-27 08:00:56
GoVersion: go1.16.2
Race Enabled: false
TiKV Min Version: v3.0.0-60965b006877ca7234adaced7890d7b029ed1306
Check Table Before Drop: false
```
