ID: 24977
Title: generated-column-index-optimizations is invalid
Description:
## Bug Report

Please answer these questions before submitting your issue. Thanks!

### 1. Minimal reproduce step (Required)

<!-- a step by step guide for reproducing the bug. -->
  1. CREATE TABLE t1 (f1 INT, gc INT AS (f1 + 1) VIRTUAL, INDEX (gc));
  2. insert into t1 (f1) values (1),(2),(3),(4),(5),(6),(7),(8),(9),(10),(11),(12),(13),(14);
  3. explain SELECT * FROM t1  WHERE (f1+1) = 13;
### 2. What did you expect to see? (Required)
  query use index that on gc
### 3. What did you see instead (Required)
+-------------------------+----------+-----------+---------------+--------------------------------+
| id                      | estRows  | task      | access object | operator info                  |
+-------------------------+----------+-----------+---------------+--------------------------------+
| TableReader_7           | 8000.00  | root      |               | data:Selection_6               |
| └─Selection_6       | 8000.00  | cop[tikv] |               | eq(plus(test.t1.f1, 1), 13)    |
|   └─TableFullScan_5 | 10000.00 | cop[tikv] | table:t1      | keep order:false, stats:pseudo |
+-------------------------+----------+-----------+---------------+--------------------------------+
### 4. What is your TiDB version? (Required)
master
<!-- Paste the output of SELECT tidb_version() -->

