ID: 25852
Title: some error appears in explain results when pruning partition for TiFlash
Description:
## Bug Report

Please answer these questions before submitting your issue. Thanks!

### 1. Minimal reproduce step (Required)

<!-- a step by step guide for reproducing the bug. -->
```
CREATE TABLE `t` (
	`create_time` datetime NOT NULL,
	`id` varchar(64) NOT NULL,
	PRIMARY KEY (`id`, `create_time`)
) ENGINE = InnoDB CHARSET = utf8mb4 COLLATE utf8mb4_bin
PARTITION BY RANGE (TO_DAYS(`create_time`)) (
	PARTITION `p_min` VALUES LESS THAN (738322),
	PARTITION `p20210616` VALUES LESS THAN (738323),
	PARTITION `p20210617` VALUES LESS THAN (738324),
	PARTITION `p20210618` VALUES LESS THAN (738325),
	PARTITION `p20210619` VALUES LESS THAN (738326),
	PARTITION `p20210620` VALUES LESS THAN (738327),
	PARTITION `p20210621` VALUES LESS THAN (738328),
	PARTITION `p20210622` VALUES LESS THAN (738329),
	PARTITION `p20210623` VALUES LESS THAN (738330),
	PARTITION `p20210624` VALUES LESS THAN (738331),
	PARTITION `p20210625` VALUES LESS THAN (738332),
	PARTITION `p20210626` VALUES LESS THAN (738333),
	PARTITION `p20210627` VALUES LESS THAN (738334),
	PARTITION `p20210628` VALUES LESS THAN (738335),
	PARTITION `p20210629` VALUES LESS THAN (738336),
	PARTITION `p20210630` VALUES LESS THAN (738337)
);
alter table t set tiflash replica 1;

set tidb_partition_prune_mode = 'dynamic';
set tidb_opt_agg_push_down = 1;
set tidb_isolation_read_engines = 'tiflash';
explain select count(*) from t where t.create_time>='2021-06-25 00:00:00' and t.create_time<='2021-06-26 23:59:59';
```

### 2. What did you expect to see? (Required)
Partition Pruning can work correctly.

### 3. What did you see instead (Required)
Some error appears in the result: `error[planner:1054]Unknown column 'create_time' in 'expression'`
```
mysql> explain select count(*) from t where t.create_time>='2021-06-25 00:00:00' and t.create_time<='2021-06-26 23:59:59';
+--------------------------------+----------+-------------------+-----------------------------------------------------------------------------------+--------------------------------------------------------------------------------------------------------+
| id                             | estRows  | task              | access object                                                                     | operator info                                                                                          |
+--------------------------------+----------+-------------------+-----------------------------------------------------------------------------------+--------------------------------------------------------------------------------------------------------+
| HashAgg_19                     | 1.00     | root              |                                                                                   | funcs:count(Column#6)->Column#4                                                                        |
| └─TableReader_21               | 1.00     | root              | partition pruning error[planner:1054]Unknown column 'create_time' in 'expression' | data:ExchangeSender_20                                                                                 |
|   └─ExchangeSender_20          | 1.00     | batchCop[tiflash] |                                                                                   | ExchangeType: PassThrough                                                                              |
|     └─HashAgg_8                | 1.00     | batchCop[tiflash] |                                                                                   | funcs:count(1)->Column#6                                                                               |
|       └─Selection_18           | 250.00   | batchCop[tiflash] |                                                                                   | ge(test.t.create_time, 2021-06-25 00:00:00.000000), le(test.t.create_time, 2021-06-26 23:59:59.000000) |
|         └─TableFullScan_17     | 10000.00 | batchCop[tiflash] | table:t                                                                           | keep order:false, stats:pseudo                                                                         |
+--------------------------------+----------+-------------------+-----------------------------------------------------------------------------------+--------------------------------------------------------------------------------------------------------+
6 rows in set (0.00 sec)
```

### 4. What is your TiDB version? (Required)

<!-- Paste the output of SELECT tidb_version() -->
v5.1
