ID: 25961
Title: expression index can not be used if condition connected by or
Description:
## Bug Report

Please answer these questions before submitting your issue. Thanks!

### 1. Minimal reproduce step (Required)

<!-- a step by step guide for reproducing the bug. -->
``` sql
create table t(a int, b varchar(10), key((lower(b)), (a+1)));
desc  select  * from t use index(expression_index) where (lower(b) = "a" and a+1 = 2) or (lower(b) = "b" and a+1 = 3);
```

### 2. What did you expect to see? (Required)

``` SQL
mysql> desc  select  * from t use index(expression_index) where (lower(b) = "a" and a+1 = 2) or (lower(b) = "b" and a+1 = 3);
+---------------------------------+---------+-----------+------------------------------------------------------+--------------------------------------------------------------------+
| id                              | estRows | task      | access object                                        | operator info                                                      |
+---------------------------------+---------+-----------+------------------------------------------------------+--------------------------------------------------------------------+
| Projection_4                    | 0.20    | root      |                                                      | test.t.a, test.t.b                                                 |
| └─IndexLookUp_7                 | 0.20    | root      |                                                      |                                                                    |
|   ├─IndexRangeScan_5(Build)     | 0.20    | cop[tikv] | table:t, index:expression_index(lower(`b`), `a` + 1) | range:["a" 2,"a" 2], ["b" 3,"b" 3], keep order:false, stats:pseudo |
|   └─TableRowIDScan_6(Probe)     | 0.20    | cop[tikv] | table:t                                              | keep order:false, stats:pseudo                                     |
+---------------------------------+---------+-----------+------------------------------------------------------+--------------------------------------------------------------------+
4 rows in set (0.00 sec)
```

### 3. What did you see instead (Required)
```
mysql> desc  select  * from t use index(expression_index) where (lower(b) = "a" and a+1 = 2) or (lower(b) = "b" and a+1 = 3);
+---------------------------------+----------+-----------+------------------------------------------------------+----------------------------------------------------------------------------------------------------------------------+
| id                              | estRows  | task      | access object                                        | operator info                                                                                                        |
+---------------------------------+----------+-----------+------------------------------------------------------+----------------------------------------------------------------------------------------------------------------------+
| Selection_5                     | 8000.00  | root      |                                                      | or(and(eq(lower(test.t.b), "a"), eq(plus(test.t.a, 1), 2)), and(eq(lower(test.t.b), "b"), eq(plus(test.t.a, 1), 3))) |
| └─IndexLookUp_8                 | 10000.00 | root      |                                                      |                                                                                                                      |
|   ├─IndexFullScan_6(Build)      | 10000.00 | cop[tikv] | table:t, index:expression_index(lower(`b`), `a` + 1) | keep order:false, stats:pseudo                                                                                       |
|   └─TableRowIDScan_7(Probe)     | 10000.00 | cop[tikv] | table:t                                              | keep order:false, stats:pseudo                                                                                       |
+---------------------------------+----------+-----------+------------------------------------------------------+----------------------------------------------------------------------------------------------------------------------+
4 rows in set, 1 warning (0.00 sec)
```

### 4. What is your TiDB version? (Required)
master
<!-- Paste the output of SELECT tidb_version() -->

