ID: 26217
Title: can use invisible index after admin check table
Description:
## Bug Report

Please answer these questions before submitting your issue. Thanks!

### 1. Minimal reproduce step (Required)

<!-- a step by step guide for reproducing the bug. -->
``` SQL
mysql> create table te(a int, unique key(a) invisible);
Query OK, 0 rows affected (0.00 sec)

mysql> desc select * from te where a= 3;
+-------------------------+----------+-----------+---------------+--------------------------------+
| id                      | estRows  | task      | access object | operator info                  |
+-------------------------+----------+-----------+---------------+--------------------------------+
| TableReader_7           | 1.00     | root      |               | data:Selection_6               |
| └─Selection_6           | 1.00     | cop[tikv] |               | eq(test.te.a, 3)               |
|   └─TableFullScan_5     | 10000.00 | cop[tikv] | table:te      | keep order:false, stats:pseudo |
+-------------------------+----------+-----------+---------------+--------------------------------+
3 rows in set (0.00 sec)

mysql> admin check table te;
Query OK, 0 rows affected (0.01 sec)

mysql> desc select * from te where a= 3;
+-------------+---------+------+----------------------+---------------+
| id          | estRows | task | access object        | operator info |
+-------------+---------+------+----------------------+---------------+
| Point_Get_5 | 1.00    | root | table:te, index:a(a) |               |
+-------------+---------+------+----------------------+---------------+
1 row in set (0.00 sec)
```
### 2. What did you expect to see? (Required)
Can't use the invisible index.
### 3. What did you see instead (Required)
Use the invisible index
### 4. What is your TiDB version? (Required)
master
<!-- Paste the output of SELECT tidb_version() -->

