ID: 26327
Title: invalid plan for index on generated column
Description:
## Bug Report

Please answer these questions before submitting your issue. Thanks!

### 1. Minimal reproduce step (Required)

```
CREATE TABLE `t` (
  `id1` int(11) NOT NULL,
  `id2` int(11) NOT NULL,
  `v` int(11) DEFAULT NULL,
  `create_at` timestamp NULL DEFAULT NULL,
  `tidb_hidden_pk_shard` bigint(20) GENERATED ALWAYS AS ((vitess_hash(cast(`id1` as char)) + vitess_hash(cast(`id2` as char))) % 8) STORED NOT NULL,
  UNIQUE KEY `tidb_hidden_pk_shard` (`tidb_hidden_pk_shard`,`id1`,`id2`)
);
```

```
select * from t where (id1, id2) in ((1, 1))
```

<!-- a step by step guide for reproducing the bug. -->

### 2. What did you expect to see? (Required)

use `tidb_hidden_pk_shard`

### 3. What did you see instead (Required)

```
explain select * from t where (id1, id2) in ((1, 1));
+-------------------------+----------+-----------+---------------+--------------------------------------+
| id                      | estRows  | task      | access object | operator info                        |
+-------------------------+----------+-----------+---------------+--------------------------------------+
| TableReader_7           | 0.01     | root      |               | data:Selection_6                     |
| └─Selection_6           | 0.01     | cop[tikv] |               | eq(test.t.id1, 1), eq(test.t.id2, 1) |
|   └─TableFullScan_5     | 10000.00 | cop[tikv] | table:t       | keep order:false, stats:pseudo       |
+-------------------------+----------+-----------+---------------+--------------------------------------+
3 rows in set (0.02 sec)
```

### 4. What is your TiDB version? (Required)

master
<!-- Paste the output of SELECT tidb_version() -->

