ID: 26388
Title: Explain shows that hints seems not work as expected
Description:
## Bug Report

Please answer these questions before submitting your issue. Thanks!

### 1. Minimal reproduce step (Required)

```sql
CREATE TABLE employees3 (
    id INT NOT NULL,
    fname VARCHAR(30),
    lname VARCHAR(30),
    hired DATE NOT NULL DEFAULT '1970-01-01',
    separated DATE NOT NULL DEFAULT '9999-12-31',
    job_code INT NOT NULL,
    store_id INT NOT NULL
);

CREATE TABLE employees4 (
    id INT NOT NULL,
    fname VARCHAR(30),
    lname VARCHAR(30),
    hired DATE NOT NULL DEFAULT '1970-01-01',
    separated DATE NOT NULL DEFAULT '9999-12-31',
    job_code INT,
    store_id INT
);

ALTER TABLE employees3 ADD INDEX (id);
ALTER TABLE employees4 ADD INDEX (id);

explain select * from employees3 a join employees4 b on a.id = b.id where a.lname='Johnson';

explain select * from employees3 /*+ IGNORE_INDEX(employees3, id) */ /*+ IGNORE_INDEX(employees4, id) */ /*+ merge_join(a,b) */ a join employees4 b on a.id = b.id where a.lname='Johnson';

```

### 2. What did you expect to see? (Required)

Use `merge_join` as the hints hinted.

### 3. What did you see instead (Required)

```
## after add idx

MySQL [testdb]> explain select * from employees3 a join employees4 b on a.id = b.id where a.lname='Johnson';
+----------------------------------+----------+-----------+-----------------------+-------------------------------------------------------------------------------------------------------------------------------------------------------------+
| id                               | estRows  | task      | access object         | operator info                                                                                                                                               |
+----------------------------------+----------+-----------+-----------------------+-------------------------------------------------------------------------------------------------------------------------------------------------------------+
| IndexJoin_14                     | 12.50    | root      |                       | inner join, inner:IndexLookUp_13, outer key:testdb.employees3.id, inner key:testdb.employees4.id, equal cond:eq(testdb.employees3.id, testdb.employees4.id) |
| ├─TableReader_59(Build)      | 10.00    | root      |                       | data:Selection_58                                                                                                                                           |
| │ └─Selection_58           | 10.00    | cop[tikv] |                       | eq(testdb.employees3.lname, "Johnson")                                                                                                                      |
| │   └─TableFullScan_57     | 10000.00 | cop[tikv] | table:a               | keep order:false, stats:pseudo                                                                                                                              |
| └─IndexLookUp_13(Probe)      | 1.25     | root      |                       |                                                                                                                                                             |
|   ├─IndexRangeScan_11(Build) | 1.25     | cop[tikv] | table:b, index:id(id) | range: decided by [eq(testdb.employees4.id, testdb.employees3.id)], keep order:false, stats:pseudo                                                          |
|   └─TableRowIDScan_12(Probe) | 1.25     | cop[tikv] | table:b               | keep order:false, stats:pseudo                                                                                                                              |
+----------------------------------+----------+-----------+-----------------------+-------------------------------------------------------------------------------------------------------------------------------------------------------------+
7 rows in set (0.01 sec)

MySQL [testdb]> explain select * from employees3 /*+ IGNORE_INDEX(employees3, id) */ /*+ IGNORE_INDEX(employees4, id) */ /*+ merge_join(a,b) */ a join employees4 b on a.id = b.id where a.lname='Johnson';
+----------------------------------+----------+-----------+-----------------------+-------------------------------------------------------------------------------------------------------------------------------------------------------------+
| id                               | estRows  | task      | access object         | operator info                                                                                                                                               |
+----------------------------------+----------+-----------+-----------------------+-------------------------------------------------------------------------------------------------------------------------------------------------------------+
| IndexJoin_14                     | 12.50    | root      |                       | inner join, inner:IndexLookUp_13, outer key:testdb.employees3.id, inner key:testdb.employees4.id, equal cond:eq(testdb.employees3.id, testdb.employees4.id) |
| ├─TableReader_59(Build)      | 10.00    | root      |                       | data:Selection_58                                                                                                                                           |
| │ └─Selection_58           | 10.00    | cop[tikv] |                       | eq(testdb.employees3.lname, "Johnson")                                                                                                                      |
| │   └─TableFullScan_57     | 10000.00 | cop[tikv] | table:a               | keep order:false, stats:pseudo                                                                                                                              |
| └─IndexLookUp_13(Probe)      | 1.25     | root      |                       |                                                                                                                                                             |
|   ├─IndexRangeScan_11(Build) | 1.25     | cop[tikv] | table:b, index:id(id) | range: decided by [eq(testdb.employees4.id, testdb.employees3.id)], keep order:false, stats:pseudo                                                          |
|   └─TableRowIDScan_12(Probe) | 1.25     | cop[tikv] | table:b               | keep order:false, stats:pseudo                                                                                                                              |
+----------------------------------+----------+-----------+-----------------------+-------------------------------------------------------------------------------------------------------------------------------------------------------------+
7 rows in set (0.01 sec)
```

### 4. What is your TiDB version? (Required)

<!-- Paste the output of SELECT tidb_version() -->

```
MySQL [testdb]> SELECT tidb_version();
+----------------------------------------------------------------------------------------------------------------------------------------------------------------------------------------------------------------------------------------------------------------------------------------------------------------------+
| tidb_version()                                                                                                                                                                                                                                                                                                       |
+----------------------------------------------------------------------------------------------------------------------------------------------------------------------------------------------------------------------------------------------------------------------------------------------------------------------+
| Release Version: v5.1.0
Edition: Community
Git Commit Hash: 8acd5c88471cb7b4d4c4a8ed73b4d53d6833f13e
Git Branch: heads/refs/tags/v5.1.0
UTC Build Time: 2021-06-24 07:10:32
GoVersion: go1.16.4
Race Enabled: false
TiKV Min Version: v3.0.0-60965b006877ca7234adaced7890d7b029ed1306
Check Table Before Drop: false |
+----------------------------------------------------------------------------------------------------------------------------------------------------------------------------------------------------------------------------------------------------------------------------------------------------------------------+
1 row in set (0.00 sec)
```
