ID: 26727
Title: global binding doesn't work for expression index
Description:
## Bug Report

Please answer these questions before submitting your issue. Thanks!

### 1. Minimal reproduce step (Required)

<!-- a step by step guide for reproducing the bug. -->
``` SQL
mysql> create table t(a int, index idx((a+1)));
Query OK, 0 rows affected (0.01 sec)

mysql> create binding for select * from t where a+1>1 using select * from t use index(idx) where a+1>1;
Query OK, 0 rows affected (0.00 sec)

mysql> desc select * from t use index() where a+1>1;
+---------------------------------+---------+-----------+-----------------------------+------------------------------------------------+
| id                              | estRows | task      | access object               | operator info                                  |
+---------------------------------+---------+-----------+-----------------------------+------------------------------------------------+
| Projection_4                    | 3333.33 | root      |                             | test.t.a                                       |
| └─IndexLookUp_7                 | 3333.33 | root      |                             |                                                |
|   ├─IndexRangeScan_5(Build)     | 3333.33 | cop[tikv] | table:t, index:idx(`a` + 1) | range:(1,+inf], keep order:false, stats:pseudo |
|   └─TableRowIDScan_6(Probe)     | 3333.33 | cop[tikv] | table:t                     | keep order:false, stats:pseudo                 |
+---------------------------------+---------+-----------+-----------------------------+------------------------------------------------+
4 rows in set (0.00 sec)

mysql> drop binding for select * from t where a+1>1 using select * from t use index(idx) where a+1>1;
Query OK, 0 rows affected (0.00 sec)

mysql> create global binding for select * from t where a+1>1 using select * from t use index(idx) where a+1>1;
Query OK, 0 rows affected (0.01 sec)

mysql> desc select * from t use index() where a+1>1;
+-------------------------+----------+-----------+---------------+--------------------------------+
| id                      | estRows  | task      | access object | operator info                  |
+-------------------------+----------+-----------+---------------+--------------------------------+
| TableReader_7           | 8000.00  | root      |               | data:Selection_6               |
| └─Selection_6           | 8000.00  | cop[tikv] |               | gt(plus(test.t.a, 1), 1)       |
|   └─TableFullScan_5     | 10000.00 | cop[tikv] | table:t       | keep order:false, stats:pseudo |
+-------------------------+----------+-----------+---------------+--------------------------------+
3 rows in set (0.00 sec)
```

### 2. What did you expect to see? (Required)
Last query uses the expression index.
### 3. What did you see instead (Required)
TableFullScan
### 4. What is your TiDB version? (Required)
master
<!-- Paste the output of SELECT tidb_version() -->

