ID: 26942
Title: builtinFunc InetAton/InetNtoa/Inet6Aton/Inet6Ntoa/IsIPv4/IsIPv4Compat/IsIPv4Mapped/IsIPv6 miss to fill pbCode
Description:
## Bug Report

Please answer these questions before submitting your issue. Thanks!

### 1. Minimal reproduce step (Required)

<!-- a step by step guide for reproducing the bug. -->
```
mysql> create table t (a varchar(100), b int);
mysql> insert into t values ('1.2.3.4', 100);
mysql> explain select * from t where inet_aton(a)=0 and inet_ntoa(b)='' and inet6_aton(a)=0 and inet6_ntoa(b)='' and is_ipv4(a) and is_ipv4_compat(a) and is_ipv4_mapped(a) and is_ipv6(a);
```

### 2. What did you expect to see? (Required)

All functions are pushed down to TiKV.

### 3. What did you see instead (Required)

None of them are pushed down.

```
+-------------------------+---------+-----------+---------------+--------------------------------------------------------------------------------------------------------------------------------------------------------------------------------------------------------------------------+
| id                      | estRows | task      | access object | operator info
             |
+-------------------------+---------+-----------+---------------+--------------------------------------------------------------------------------------------------------------------------------------------------------------------------------------------------------------------------+
| Selection_5             | 0.80    | root      |               | eq(cast(inet6_aton(test.t.a)), 0), eq(inet6_ntoa(cast(test.t.b)), ""), eq(inet_aton(test.t.a), 0), eq(inet_ntoa(test.t.b), ""), is_ipv4(test.t.a), is_ipv4_compat(test.t.a), is_ipv4_mapped(test.t.a), is_ipv6(test.t.a) |
| └─TableReader_7         | 1.00    | root      |               | data:TableFullScan_6
             |
|   └─TableFullScan_6     | 1.00    | cop[tikv] | table:t       | keep order:false, stats:pseudo
             |
+-------------------------+---------+-----------+---------------+--------------------------------------------------------------------------------------------------------------------------------------------------------------------------------------------------------------------------+
```

### 4. What is your TiDB version? (Required)

<!-- Paste the output of SELECT tidb_version() -->

5.7.25-TiDB-v5.0.1
