ID: 26955
Title: Junk in execution plan when `INET6_ATON` is present in query
Description:
## Bug Report

Please answer these questions before submitting your issue. Thanks!

### 1. Minimal reproduce step (Required)

```mysql
explain select INET6_ATON('fdfe::5a55:caff:fefa:9089');
```

### 2. What did you expect to see? (Required)

No strange characters in output.

### 3. What did you see instead (Required)

```
+-------------------+---------+------+---------------+----------------------------+
| id                | estRows | task | access object | operator info              |
+-------------------+---------+------+---------------+----------------------------+
| Projection_3      | 1.00    | root |               | ��      ZU������->Column#1         |
| └─TableDual_4     | 1.00    | root |               | rows:1                     |
+-------------------+---------+------+---------------+----------------------------+
```

### 4. What is your TiDB version? (Required)

```
Release Version: v5.2.0-alpha-447-g4f6be1798
Edition: Community
Git Commit Hash: 4f6be1798bc934b090ec8a44ffac5f1f93099a24
Git Branch: origin/master
UTC Build Time: 2021-08-02 05:54:36
GoVersion: go1.16.6
Race Enabled: false
TiKV Min Version: v3.0.0-60965b006877ca7234adaced7890d7b029ed1306
Check Table Before Drop: false
```