ID: 27949
Title: planner: binding cannot work when `sql_select_limit` is enabled
Description:
## Bug Report

Please answer these questions before submitting your issue. Thanks!

### 1. Minimal reproduce step (Required)

<!-- a step by step guide for reproducing the bug. -->
```
create table t (a int, b int, key(b));
explain select * from t where b=1;
create global binding for select * from t where b=1 using select * from t ignore index(b) where b=1;

mysql> explain select * from t where b=1;
+-------------------------+----------+-----------+---------------+--------------------------------+
| id                      | estRows  | task      | access object | operator info                  |
+-------------------------+----------+-----------+---------------+--------------------------------+
| TableReader_7           | 10.00    | root      |               | data:Selection_6               |
| └─Selection_6           | 10.00    | cop[tikv] |               | eq(test.t.b, 1)                |
|   └─TableFullScan_5     | 10000.00 | cop[tikv] | table:t       | keep order:false, stats:pseudo |
+-------------------------+----------+-----------+---------------+--------------------------------+
3 rows in set (0.00 sec)

mysql> 
mysql> set @@sql_select_limit=100;
Query OK, 0 rows affected (0.00 sec)

mysql> 
mysql> explain select * from t where b=1;
+--------------------------------+---------+-----------+---------------------+---------------------------------------------+
| id                             | estRows | task      | access object       | operator info                               |
+--------------------------------+---------+-----------+---------------------+---------------------------------------------+
| IndexLookUp_17                 | 10.00   | root      |                     | limit embedded(offset:0, count:100)         |
| ├─Limit_16(Build)              | 10.00   | cop[tikv] |                     | offset:0, count:100                         |
| │ └─IndexRangeScan_14          | 10.00   | cop[tikv] | table:t, index:b(b) | range:[1,1], keep order:false, stats:pseudo |
| └─TableRowIDScan_15(Probe)     | 10.00   | cop[tikv] | table:t             | keep order:false, stats:pseudo              |
+--------------------------------+---------+-----------+---------------------+---------------------------------------------+
4 rows in set (0.00 sec)
```

The binding is not working after setting `sql_select_limit`.

### 2. What did you expect to see? (Required)
The binding can work.

### 3. What did you see instead (Required)
The binding is not working.

### 4. What is your TiDB version? (Required)

<!-- Paste the output of SELECT tidb_version() -->

