ID: 28316
Title: Duplicate predicates in Selection operator
Description:
## Bug Report

Please answer these questions before submitting your issue. Thanks!

### 1. Minimal reproduce step (Required)
```sql
create table t(a int);
explain select * from t where a < 3 and a < 3;
```
### 2. What did you expect to see? (Required)
```
+---------------------+----------+-----------+---------------+--------------------------------+
| id                  | estRows  | task      | access object | operator info                  |
+---------------------+----------+-----------+---------------+--------------------------------+
| TableReader_7       | 3323.33  | root      |               | data:Selection_6               |
| └─Selection_6       | 3323.33  | cop[tikv] |               | lt(a_test.t.a, 3)              |
|   └─TableFullScan_5 | 10000.00 | cop[tikv] | table:t       | keep order:false, stats:pseudo |
+---------------------+----------+-----------+---------------+--------------------------------+
```

### 3. What did you see instead (Required)
```
+---------------------+----------+-----------+---------------+--------------------------------------+
| id                  | estRows  | task      | access object | operator info                        |
+---------------------+----------+-----------+---------------+--------------------------------------+
| TableReader_7       | 3323.33  | root      |               | data:Selection_6                     |
| └─Selection_6       | 3323.33  | cop[tikv] |               | lt(a_test.t.a, 3), lt(a_test.t.a, 3) |
|   └─TableFullScan_5 | 10000.00 | cop[tikv] | table:t       | keep order:false, stats:pseudo       |
+---------------------+----------+-----------+---------------+--------------------------------------+

```

### 4. What is your TiDB version? (Required)

master


