ID: 29252
Title: config: enforce-mpp config item is useless in v5.0.4
Description:
## Bug Report

Please answer these questions before submitting your issue. Thanks!

### 1. Minimal reproduce step (Required)

set config:

```
[performance]
enforce-mpp=true
```

start tidb 5.0.4+

### 2. What did you expect to see? (Required)

```sql
mysql> explain select a+1 from t;
+-------------------------+---------+-----------+---------------+--------------------------------+
| id                      | estRows | task      | access object | operator info                  |
+-------------------------+---------+-----------+---------------+--------------------------------+
| Projection_3            | 2.00    | root      |               | plus(test.t.a, 1)->Column#3    |
| └─TableReader_5         | 2.00    | root      |               | data:TableFullScan_4           |
|   └─TableFullScan_4     | 2.00    | cop[tikv] | table:t       | keep order:false, stats:pseudo |
+-------------------------+---------+-----------+---------------+--------------------------------+
3 rows in set, 1 warning (0.00 sec)

mysql> show warnings;
+---------+------+-----------------------------------------------------------------------------+
| Level   | Code | Message                                                                     |
+---------+------+-----------------------------------------------------------------------------+
| Warning | 1105 | MPP mode may be blocked because there aren't tiflash replicas of table `t`. |
+---------+------+-----------------------------------------------------------------------------+
1 row in set (0.00 sec)
```

### 3. What did you see instead (Required)

no warning.

### 4. What is your TiDB version? (Required)

v5.0.4

<!-- Paste the output of SELECT tidb_version() -->

