ID: 30365
Title: when using dynamic partition prune mode, MPP query does not show accessed partition in explain results
Description:
## Bug Report

Please answer these questions before submitting your issue. Thanks!

### 1. Minimal reproduce step (Required)

<!-- a step by step guide for reproducing the bug. -->
```
mysql> show create table partition_table;
+-----------------+--------------------------------------------------------------------------------------------------------------------------------------------------------------------------------------------------------------------------------------------------------------------------------------------------------------------------------------------------------+
| Table           | Create Table                                                                                                                                                                                                                                                                                                                                           |
+-----------------+--------------------------------------------------------------------------------------------------------------------------------------------------------------------------------------------------------------------------------------------------------------------------------------------------------------------------------------------------------+
| partition_table | CREATE TABLE `partition_table` (
  `id` int(11) DEFAULT NULL,
  `store_id` int(11) DEFAULT NULL
) ENGINE=InnoDB DEFAULT CHARSET=utf8mb4 COLLATE=utf8mb4_bin
PARTITION BY RANGE (`store_id`)
(PARTITION `p0` VALUES LESS THAN (6),
 PARTITION `p1` VALUES LESS THAN (11),
 PARTITION `p2` VALUES LESS THAN (16),
 PARTITION `p3` VALUES LESS THAN (21)) |
+-----------------+--------------------------------------------------------------------------------------------------------------------------------------------------------------------------------------------------------------------------------------------------------------------------------------------------------------------------------------------------------+
1 row in set (0.00 sec)

mysql> explain select count(*) from partition_table where store_id < 10;
+--------------------------------+----------+-------------------+--------------------------------------------------------------------------------+---------------------------------------+
| id                             | estRows  | task              | access object                                                                  | operator info                         |
+--------------------------------+----------+-------------------+--------------------------------------------------------------------------------+---------------------------------------+
| HashAgg_19                     | 1.00     | root              |                                                                                | funcs:count(Column#6)->Column#4       |
| └─TableReader_21               | 1.00     | root              | partition pruning error[planner:1054]Unknown column 'store_id' in 'expression' | data:ExchangeSender_20                |
|   └─ExchangeSender_20          | 1.00     | batchCop[tiflash] |                                                                                | ExchangeType: PassThrough             |
|     └─HashAgg_8                | 1.00     | batchCop[tiflash] |                                                                                | funcs:count(1)->Column#6              |
|       └─Selection_18           | 3323.33  | batchCop[tiflash] |                                                                                | lt(test.partition_table.store_id, 10) |
|         └─TableFullScan_17     | 10000.00 | batchCop[tiflash] | table:partition_table                                                          | keep order:false, stats:pseudo        |
+--------------------------------+----------+-------------------+--------------------------------------------------------------------------------+---------------------------------------+
6 rows in set (0.00 sec)
```
### 2. What did you expect to see? (Required)
The access object of `TableReader_21` shows the accessed partition.
### 3. What did you see instead (Required)
partition pruning error[planner:1054]Unknown column 'store_id' in 'expression' 
### 4. What is your TiDB version? (Required)

<!-- Paste the output of SELECT tidb_version() -->
master@ cec4acbf5ea952a8f92c8258fce3142528f9fb1e
