ID: 30685
Title: UnionScan + IndexMerge,  query with or missing record in transaction
Description:
## Bug Report

Please answer these questions before submitting your issue. Thanks!

### 1. Minimal reproduce step (Required)

```
set tidb_enable_index_merge =1;
CREATE TABLE `t2` (
  `c_int` int(11) NOT NULL,
  `c_str` varchar(40) DEFAULT NULL,
  PRIMARY KEY (`c_int`) /*T![clustered_index] CLUSTERED */,
  KEY `c_int_2` (`c_int`),
  KEY `c_str` (`c_str`)
);
insert into t2 values( 7,'infallible feistel');
begin;
update t2  set c_int=5;
select * from t2 where c_int between 4 and 8 or c_str is null;
```

### 2. What did you expect to see? (Required)

```
mysql> select * from t2 where c_int between 4 and 8 or c_str is null;
+-------+--------------------+
| c_int | c_str              |
+-------+--------------------+
|     5 | infallible feistel |
+-------+--------------------+
1 row in set (0.06 sec)
```

### 3. What did you see instead (Required)

```
mysql> select * from t2 where c_int between 4 and 8 or c_str is null;
Empty set (0.00 sec)

mysql> explain select * from t2 where c_int between 4 and 8 or c_str is null;        
+----------------------------------+---------+-----------+------------------------------+-------------------------------------------------------------------------------+
| id                               | estRows | task      | access object                | operator info                                                                 |
+----------------------------------+---------+-----------+------------------------------+-------------------------------------------------------------------------------+
| UnionScan_6                      | 1.00    | root      |                              | or(and(ge(test2.t2.c_int, 4), le(test2.t2.c_int, 8)), isnull(test2.t2.c_str)) |
| └─IndexMerge_16                  | 1.00    | root      |                              |                                                                               |
|   ├─TableRangeScan_13(Build)     | 1.00    | cop[tikv] | table:t2                     | range:[4,8], keep order:false, stats:pseudo                                   |
|   ├─IndexRangeScan_14(Build)     | 1.00    | cop[tikv] | table:t2, index:c_str(c_str) | range:[NULL,NULL], keep order:false, stats:pseudo                             |
|   └─TableRowIDScan_15(Probe)     | 1.00    | cop[tikv] | table:t2                     | keep order:false, stats:pseudo                                                |
+----------------------------------+---------+-----------+------------------------------+-------------------------------------------------------------------------------+
5 rows in set (0.00 sec)

mysql> commit;
Query OK, 0 rows affected (0.00 sec)

mysql> select * from t2 where c_int between 4 and 8 or c_str is null;        
+-------+--------------------+
| c_int | c_str              |
+-------+--------------------+
|     5 | infallible feistel |
+-------+--------------------+
1 row in set (0.01 sec)
```

### 4. What is your TiDB version? (Required)

```
Release Version: v5.4.0-alpha-383-g755553660
Edition: Community
Git Commit Hash: 755553660e6036ead13d1f0aa271eaf59d939fbd
Git Branch: master
UTC Build Time: 2021-12-12 12:39:48
GoVersion: go1.16.4
Race Enabled: false
TiKV Min Version: v3.0.0-60965b006877ca7234adaced7890d7b029ed1306
Check Table Before Drop: false
```

