ID: 30946
Title: `└` is not valid in GBK encoding.
Description:
## Bug Report

Please answer these questions before submitting your issue. Thanks!

### 1. Minimal reproduce step (Required)
```mysql
set names gbk;
use test;
drop table if exists t;
create table t(a int);
explain select * from t;
```

### 2. What did you expect to see? (Required)
```mysql
mysql> explain select * from t;
+-----------------------+----------+-----------+---------------+--------------------------------+
| id                    | estRows  | task      | access object | operator info                  |
+-----------------------+----------+-----------+---------------+--------------------------------+
| TableReader_5         | 10000.00 | root      |               | data:TableFullScan_4           |
| └─TableFullScan_4     | 10000.00 | cop[tikv] | table:t       | keep order:false, stats:pseudo |
+-----------------------+----------+-----------+---------------+--------------------------------+
```
### 3. What did you see instead (Required)
```mysql
mysql> explain select * from t;
+---------------------+----------+-----------+---------------+--------------------------------+
| id                  | estRows  | task      | access object | operator info                  |
+---------------------+----------+-----------+---------------+--------------------------------+
| TableReader_5       | 10000.00 | root      |               | data:TableFullScan_4           |
| ����TableFullScan_4     | 10000.00 | cop[tikv] | table:t       | keep order:false, stats:pseudo |
+---------------------+----------+-----------+---------------+--------------------------------+
```
### 4. What is your TiDB version? (Required)

<!-- Paste the output of SELECT tidb_version() -->
```mysql
mysql> SELECT tidb_version();
+-----------------------------------------------------------------------------------------------------------------------------------------------------------------------------------------------------------------------------------------------------------------------------------------------------------------------------------+
| tidb_version()                                                                                                                                                                                                                                                                                                                    |
+-----------------------------------------------------------------------------------------------------------------------------------------------------------------------------------------------------------------------------------------------------------------------------------------------------------------------------------+
| Release Version: v5.4.0-alpha-461-g5838c9ead
Edition: Community
Git Commit Hash: 5838c9ead3cb5dc2f694f933b3bfee6fa287f8a7
Git Branch: fix-gbk-client
UTC Build Time: 2021-12-22 09:49:33
GoVersion: go1.17.2
Race Enabled: false
TiKV Min Version: v3.0.0-60965b006877ca7234adaced7890d7b029ed1306
Check Table Before Drop: false |
+-----------------------------------------------------------------------------------------------------------------------------------------------------------------------------------------------------------------------------------------------------------------------------------------------------------------------------------+
1 row in set (0.00 sec)
```
