ID: 31286
Title: uionscan + query use order by enum datatype，wrong sort
Description:
## Bug Report

Please answer these questions before submitting your issue. Thanks!

### 1. Minimal reproduce step (Required)

```
set new_collations_enabled_on_first_bootstrap = true
CREATE TABLE `t2` (
  `c_int` int(11) NOT NULL,
  `c_str` varchar(40) CHARACTER SET latin1 COLLATE latin1_bin DEFAULT NULL,
  `c_datetime` datetime DEFAULT NULL,
  `c_timestamp` timestamp NULL DEFAULT NULL,
  `c_double` double DEFAULT NULL,
  `c_decimal` decimal(12,6) DEFAULT NULL,
  `c_enum` enum('blue','green','red','yellow','white','orange','purple') DEFAULT NULL,
  PRIMARY KEY (`c_int`) /*T![clustered_index] CLUSTERED */,
  KEY `c_str` (`c_str`(16)),
  KEY `c_datetime` (`c_datetime`),
  KEY `c_enum` (`c_enum`)
);
insert into t2 values( 7,'admiring khayyam','2020-02-25 02:55:09',NULL               ,65.843024,    NULL,'yellow');
insert into t2 values( 8,'strange lewin'   ,'2020-06-25 11:14:24','2020-06-08 22:14:07',30.433171,0.911000,'purple');
insert into t2 values(12,'mystifying gauss','2020-04-22 11:27:40','2020-06-28 00:18:24', 7.166505,7.212000,'red'   );
begin;
update t2 set c_double = c_decimal, c_decimal = 8.897 where c_int=8;
select c_enum from t2 order by c_enum; 
```

### 2. What did you expect to see? (Required)

```
mysql> select c_enum from t2 order by c_enum;        
+--------+
| c_enum |
+--------+
| red    |
| yellow |
| purple |
+--------+
3 rows in set (0.01 sec)
```

### 3. What did you see instead (Required)

```
mysql> select c_enum from t2 order by c_enum; 
+--------+
| c_enum |
+--------+
| purple |
| red    |
| yellow |
+--------+
3 rows in set (0.02 sec)

access plan：
mysql> select c_enum from t2 order by c_enum;        
+--------+
| c_enum |
+--------+
| red    |
| yellow |
| purple |
+--------+
3 rows in set (0.01 sec)

mysql> explain select c_enum from t2 order by c_enum;
+------------------------+----------+-----------+--------------------------------+-------------------------------+
| id                     | estRows  | task      | access object                  | operator info                 |
+------------------------+----------+-----------+--------------------------------+-------------------------------+
| IndexReader_13         | 10000.00 | root      |                                | index:IndexFullScan_12        |
| └─IndexFullScan_12     | 10000.00 | cop[tikv] | table:t2, index:c_enum(c_enum) | keep order:true, stats:pseudo |
+------------------------+----------+-----------+--------------------------------+-------------------------------+
2 rows in set (0.02 sec)

begin;
update t2 set c_double = c_decimal, c_decimal = 8.897 where c_int=8;
mysql> select c_enum from t2 order by c_enum; 
+--------+
| c_enum |
+--------+
| purple |
| red    |
| yellow |
+--------+
3 rows in set (0.02 sec)

mysql> explain select c_enum from t2 order by c_enum;
+----------------------------+----------+-----------+--------------------------------+-------------------------------+
| id                         | estRows  | task      | access object                  | operator info                 |
+----------------------------+----------+-----------+--------------------------------+-------------------------------+
| Projection_13              | 10000.00 | root      |                                | test1.t2.c_enum               |
| └─UnionScan_14             | 10000.00 | root      |                                |                               |
|   └─IndexReader_16         | 10000.00 | root      |                                | index:IndexFullScan_15        |
|     └─IndexFullScan_15     | 10000.00 | cop[tikv] | table:t2, index:c_enum(c_enum) | keep order:true, stats:pseudo |
+----------------------------+----------+-----------+--------------------------------+-------------------------------+
4 rows in set (0.13 sec)
```

### 4. What is your TiDB version? (Required)

```
Release Version: v5.4.0-nightly
Edition: Community
Git Commit Hash: e50e03c92cb7b437dfa76fd7582359a6d7215341
Git Branch: heads/refs/tags/v5.4.0-nightly
UTC Build Time: 2022-01-04 01:14:36
GoVersion: go1.16.4
Race Enabled: false
TiKV Min Version: v3.0.0-60965b006877ca7234adaced7890d7b029ed1306
Check Table Before Drop: false
```

