ID: 32026
Title: range columns partition with like can't be pruning
Description:
## Bug Report

Please answer these questions before submitting your issue. Thanks!

### 1. Minimal reproduce step (Required)
```sql
create table t2 (a varchar(20), b blob, index (a(5))) partition by range columns (a) (
    partition p0 values less than ('aaaaa'),
    partition p1 values less than ('bbbbb'),
    partition p2 values less than ('ccccc')
);

insert into t2 values ('aaaaab', '0'), ('bbbbba', 1);
select * from t2 where a like 'aaaaa%';
explain select * from t2 where a like 'aaaaa%';
select * from t2 where a like 'bbbbb%';
explain select * from t2 where a like 'bbbbb%';

```
<!-- a step by step guide for reproducing the bug. -->

### 2. What did you expect to see? (Required)
`explain select * from t2 where a like 'aaaaa%';` using partition p1;
`explain select * from t2 where a like 'bbbbb%';` using partition p2;
### 3. What did you see instead (Required)
```sql
MySQL root@127.0.0.1:test> explain select * from t2 where a like 'aaaaa%';
                       ->  explain select * from t2 where a like 'bbbbb%';
+---------------------+---------+-----------+---------------+--------------------------------+
| id                  | estRows | task      | access object | operator info                  |
+---------------------+---------+-----------+---------------+--------------------------------+
| TableReader_7       | 0.05    | root      | partition:all | data:Selection_6               |
| └─Selection_6       | 0.05    | cop[tikv] |               | like(test.t2.a, "aaaaa%", 92)  |
|   └─TableFullScan_5 | 2.00    | cop[tikv] | table:t2      | keep order:false, stats:pseudo |
+---------------------+---------+-----------+---------------+--------------------------------+

3 rows in set
Time: 0.006s

+---------------------+---------+-----------+---------------+--------------------------------+
| id                  | estRows | task      | access object | operator info                  |
+---------------------+---------+-----------+---------------+--------------------------------+
| TableReader_7       | 0.05    | root      | partition:all | data:Selection_6               |
| └─Selection_6       | 0.05    | cop[tikv] |               | like(test.t2.a, "bbbbb%", 92)  |
|   └─TableFullScan_5 | 2.00    | cop[tikv] | table:t2      | keep order:false, stats:pseudo |
+---------------------+---------+-----------+---------------+--------------------------------+

```
### 4. What is your TiDB version? (Required)

<!-- Paste the output of SELECT tidb_version() -->

```sql
MySQL root@127.0.0.1:test> select tidb_version()\G
***************************[ 1. row ]***************************
tidb_version() | Release Version: v5.5.0-alpha-234-g19a020c59-dirty
Edition: Community
Git Commit Hash: 19a020c59956d1f430c41ca9d168a7417dc33490
Git Branch: master
UTC Build Time: 2022-01-27 03:45:36
GoVersion: go1.17.2
Race Enabled: false
TiKV Min Version: v3.0.0-60965b006877ca7234adaced7890d7b029ed1306
Check Table Before Drop: false
```