ID: 32516
Title: sub select LIMIT does not work as expected with dynamic partition prune mode
Description:
## Bug Report

Please answer these questions before submitting your issue. Thanks!

### 1. Minimal reproduce step (Required)

<!-- a step by step guide for reproducing the bug. -->
```sql
set @@tidb_partition_prune_mode=dynamic;
CREATE TABLE pt (
  `id` bigint(20) DEFAULT NULL,
  a int,
  KEY (a))
PARTITION BY RANGE(id)
(PARTITION p1 VALUES LESS THAN (4),
 PARTITION p2 VALUES LESS THAN (8),
 PARTITION p3 VALUES LESS THAN (12),
 PARTITION p4 VALUES LESS THAN (MAXVALUE));
insert into pt values (1,1),(2,2),(3,3),(4,4),(5,5),(6,6),(7,7),(8,8),(9,9),(10,10),(11,11),(12,12),(13,13),(14,14),(15,15),(16,16);
SELECT COUNT(*) FROM (SELECT * FROM pt WHERE a BETWEEN 1 AND 15 LIMIT 2) as t;
EXPLAIN SELECT COUNT(*) FROM (SELECT * FROM pt WHERE a BETWEEN 1 AND 15 LIMIT 2) as t;
```

I would expect it to only count 2 rows due to the `LIMIT 2`, but it gives 8 (2 from each partition?)

### 2. What did you expect to see? (Required)

```
--------------
SELECT COUNT(*) FROM (SELECT * FROM pt WHERE a BETWEEN 1 AND 15 LIMIT 2) as t
--------------

+----------+
| COUNT(*) |
+----------+
|        2 |
+----------+
1 row in set (0,00 sec)

--------------
EXPLAIN SELECT COUNT(*) FROM (SELECT * FROM pt WHERE a BETWEEN 1 AND 15 LIMIT 2) as t
--------------

+----------------------------------+---------+-----------+----------------------+----------------------------------------------+
| id                               | estRows | task      | access object        | operator info                                |
+----------------------------------+---------+-----------+----------------------+----------------------------------------------+
| StreamAgg_11                     | 1.00    | root      |                      | funcs:count(1)->Column#4                     |
| └─IndexLookUp_27                 | 2.00    | root      | partition:all        | limit embedded(offset:0, count:2)            |
|   ├─Limit_26(Build)              | 2.00    | cop[tikv] |                      | offset:0, count:2                            |
|   │ └─IndexRangeScan_18          | 2.00    | cop[tikv] | table:pt, index:a(a) | range:[1,15], keep order:false, stats:pseudo |
|   └─TableRowIDScan_19(Probe)     | 2.00    | cop[tikv] | table:pt             | keep order:false, stats:pseudo               |
+----------------------------------+---------+-----------+----------------------+----------------------------------------------+
5 rows in set (0,00 sec)
```

### 3. What did you see instead (Required)

```
--------------
SELECT COUNT(*) FROM (SELECT * FROM pt WHERE a BETWEEN 1 AND 15 LIMIT 2) as t
--------------

+----------+
| COUNT(*) |
+----------+
|        8 |
+----------+
1 row in set (0,00 sec)

--------------
EXPLAIN SELECT COUNT(*) FROM (SELECT * FROM pt WHERE a BETWEEN 1 AND 15 LIMIT 2) as t
--------------

+----------------------------------+---------+-----------+----------------------+----------------------------------------------+
| id                               | estRows | task      | access object        | operator info                                |
+----------------------------------+---------+-----------+----------------------+----------------------------------------------+
| StreamAgg_11                     | 1.00    | root      |                      | funcs:count(1)->Column#4                     |
| └─IndexLookUp_27                 | 2.00    | root      | partition:all        | limit embedded(offset:0, count:2)            |
|   ├─Limit_26(Build)              | 2.00    | cop[tikv] |                      | offset:0, count:2                            |
|   │ └─IndexRangeScan_18          | 2.00    | cop[tikv] | table:pt, index:a(a) | range:[1,15], keep order:false, stats:pseudo |
|   └─TableRowIDScan_19(Probe)     | 2.00    | cop[tikv] | table:pt             | keep order:false, stats:pseudo               |
+----------------------------------+---------+-----------+----------------------+----------------------------------------------+
5 rows in set (0,00 sec)
```

### 4. What is your TiDB version? (Required)

<!-- Paste the output of SELECT tidb_version() -->
```
tidb_version(): Release Version: v5.5.0-alpha
Edition: Community
Git Commit Hash: 171a35486036e8ea5b168c2d4d29f4639df1611d
Git Branch: heads/refs/tags/v5.5.0-alpha
UTC Build Time: 2022-02-20 14:52:57
GoVersion: go1.16.4
Race Enabled: false
TiKV Min Version: v3.0.0-60965b006877ca7234adaced7890d7b029ed1306
Check Table Before Drop: false
```
