ID: 32675
Title: planner: cost trace for pushed-down Selection in explain results is not correct
Description:
## Bug Report

Please answer these questions before submitting your issue. Thanks!

### 1. Minimal reproduce step (Required)

<!-- a step by step guide for reproducing the bug. -->
```
mysql> explain format='verbose' select * from t use index(a) where b>=1;
+------------------------------+----------+-----------+-----------+---------------------+--------------------------------+
| id                           | estRows  | estCost   | task      | access object       | operator info                  |
+------------------------------+----------+-----------+-----------+---------------------+--------------------------------+
| IndexLookUp_8                | 3333.33  | 211190.05 | root      |                     |                                |
| ├─IndexFullScan_5(Build)     | 10000.00 | 570020.00 | cop[tikv] | table:t, index:a(a) | keep order:false, stats:pseudo |
| └─Selection_7(Probe)         | 3333.33  | 0.00      | cop[tikv] |                     | ge(test.t.b, 1)                |
|   └─TableRowIDScan_6         | 10000.00 | 570020.00 | cop[tikv] | table:t             | keep order:false, stats:pseudo |
+------------------------------+----------+-----------+-----------+---------------------+--------------------------------+
4 rows in set (0.00 sec)
```
The actual cost of this plan is correct, but the traced cost(`estCost` in the explain result) is not correct.

### 2. What did you expect to see? (Required)
estCost of Selection_7 is not 0.

### 3. What did you see instead (Required)
It's 0.

### 4. What is your TiDB version? (Required)

<!-- Paste the output of SELECT tidb_version() -->
```
mysql> select tidb_version();
+---------------------------------------------------------------------------------------------------------------------------------------------------------------------------------------------------------------------------------------------------------------------------------------------------------------------------+
| tidb_version()                                                                                                                                                                                                                                                                                                            |
+---------------------------------------------------------------------------------------------------------------------------------------------------------------------------------------------------------------------------------------------------------------------------------------------------------------------------+
| Release Version: v5.5.0-alpha-430-gc19e899b6
Edition: Community
Git Commit Hash: c19e899b6559ffbb0c5ab9c5c95fbf59289f5b07
Git Branch: master
UTC Build Time: 2022-02-28 13:37:46
GoVersion: go1.16.3
Race Enabled: false
TiKV Min Version: v3.0.0-60965b006877ca7234adaced7890d7b029ed1306
Check Table Before Drop: false |
+---------------------------------------------------------------------------------------------------------------------------------------------------------------------------------------------------------------------------------------------------------------------------------------------------------------------------+
```
