ID: 32816
Title: tidb_partition_prune_mode = 'dynamic' only uses full table statistics for scans, not per partition aggregates
Description:
## Bug Report

Please answer these questions before submitting your issue. Thanks!

### 1. Minimal reproduce step (Required)

<!-- a step by step guide for reproducing the bug. -->
```
create table t (a int primary key, b int, key (b)) partition by hash(a) (partition P0, partition p1, partition P2);
insert into t values (1,1),(2,2),(3,3),(4,4),(7,7),(5,5);
insert into t select a+9, b+9 from t;
insert into t select a+18, b+18 from t;
analyze table t;
set @@tidb_partition_prune_mode = 'static';
explain select * from t;
explain select * from t where a % 3 = 1;
explain select * from t partition (P0);
explain select * from t partition (P0,p1);
explain select * from t partition (P2,p1);
explain select * from t partition (P2);
set @@tidb_partition_prune_mode = 'dynamic';
analyze table t;
explain select * from t;
explain select * from t where a % 3 = 1;
explain select * from t partition (P0);
explain select * from t partition (P0,p1);
explain select * from t partition (P2,p1);
explain select * from t partition (P2);
```

### 2. What did you expect to see? (Required)

```tidb> create table t (a int primary key, b int, key (b)) partition by hash(a) (partition P0, partition p1, partition P2);
Query OK, 0 rows affected (0,01 sec)

tidb> insert into t values (1,1),(2,2),(3,3),(4,4),(7,7),(5,5);
Query OK, 6 rows affected (0,00 sec)
Records: 6  Duplicates: 0  Warnings: 0

tidb> insert into t select a+9, b+9 from t;
Query OK, 6 rows affected (0,00 sec)
Records: 6  Duplicates: 0  Warnings: 0

tidb> insert into t select a+18, b+18 from t;
Query OK, 12 rows affected (0,00 sec)
Records: 12  Duplicates: 0  Warnings: 0

tidb> analyze table t;
Query OK, 0 rows affected, 3 warnings (0,07 sec)

tidb> set @@tidb_partition_prune_mode = 'static';
Query OK, 0 rows affected (0,00 sec)

tidb> explain select * from t;
+----------------------------+---------+-----------+-----------------------+-----------------------+
| id                         | estRows | task      | access object         | operator info         |
+----------------------------+---------+-----------+-----------------------+-----------------------+
| PartitionUnion_9           | 24.00   | root      |                       |                       |
| ├─TableReader_11           | 4.00    | root      |                       | data:TableFullScan_10 |
| │ └─TableFullScan_10       | 4.00    | cop[tikv] | table:t, partition:p0 | keep order:false      |
| ├─TableReader_15           | 12.00   | root      |                       | data:TableFullScan_14 |
| │ └─TableFullScan_14       | 12.00   | cop[tikv] | table:t, partition:p1 | keep order:false      |
| └─TableReader_19           | 8.00    | root      |                       | data:TableFullScan_18 |
|   └─TableFullScan_18       | 8.00    | cop[tikv] | table:t, partition:p2 | keep order:false      |
+----------------------------+---------+-----------+-----------------------+-----------------------+
7 rows in set (0,00 sec)

tidb> explain select * from t where a % 3 = 1;
+------------------------------+---------+-----------+-----------------------+-------------------------+
| id                           | estRows | task      | access object         | operator info           |
+------------------------------+---------+-----------+-----------------------+-------------------------+
| PartitionUnion_10            | 19.20   | root      |                       |                         |
| ├─TableReader_13             | 3.20    | root      |                       | data:Selection_12       |
| │ └─Selection_12             | 3.20    | cop[tikv] |                       | eq(mod(test.t.a, 3), 1) |
| │   └─TableFullScan_11       | 4.00    | cop[tikv] | table:t, partition:p0 | keep order:false        |
| ├─TableReader_19             | 9.60    | root      |                       | data:Selection_18       |
| │ └─Selection_18             | 9.60    | cop[tikv] |                       | eq(mod(test.t.a, 3), 1) |
| │   └─TableFullScan_17       | 12.00   | cop[tikv] | table:t, partition:p1 | keep order:false        |
| └─TableReader_25             | 6.40    | root      |                       | data:Selection_24       |
|   └─Selection_24             | 6.40    | cop[tikv] |                       | eq(mod(test.t.a, 3), 1) |
|     └─TableFullScan_23       | 8.00    | cop[tikv] | table:t, partition:p2 | keep order:false        |
+------------------------------+---------+-----------+-----------------------+-------------------------+
10 rows in set (0,00 sec)

tidb> explain select * from t partition (P0);
+-----------------------+---------+-----------+-----------------------+----------------------+
| id                    | estRows | task      | access object         | operator info        |
+-----------------------+---------+-----------+-----------------------+----------------------+
| TableReader_7         | 4.00    | root      |                       | data:TableFullScan_6 |
| └─TableFullScan_6     | 4.00    | cop[tikv] | table:t, partition:p0 | keep order:false     |
+-----------------------+---------+-----------+-----------------------+----------------------+
2 rows in set (0,00 sec)

tidb> explain select * from t partition (P0,p1);
+---------------------------+---------+-----------+-----------------------+-----------------------+
| id                        | estRows | task      | access object         | operator info         |
+---------------------------+---------+-----------+-----------------------+-----------------------+
| PartitionUnion_8          | 16.00   | root      |                       |                       |
| ├─TableReader_10          | 4.00    | root      |                       | data:TableFullScan_9  |
| │ └─TableFullScan_9       | 4.00    | cop[tikv] | table:t, partition:p0 | keep order:false      |
| └─TableReader_14          | 12.00   | root      |                       | data:TableFullScan_13 |
|   └─TableFullScan_13      | 12.00   | cop[tikv] | table:t, partition:p1 | keep order:false      |
+---------------------------+---------+-----------+-----------------------+-----------------------+
5 rows in set (0,00 sec)

tidb> explain select * from t partition (P2,p1);
+---------------------------+---------+-----------+-----------------------+-----------------------+
| id                        | estRows | task      | access object         | operator info         |
+---------------------------+---------+-----------+-----------------------+-----------------------+
| PartitionUnion_8          | 20.00   | root      |                       |                       |
| ├─TableReader_10          | 12.00   | root      |                       | data:TableFullScan_9  |
| │ └─TableFullScan_9       | 12.00   | cop[tikv] | table:t, partition:p1 | keep order:false      |
| └─TableReader_14          | 8.00    | root      |                       | data:TableFullScan_13 |
|   └─TableFullScan_13      | 8.00    | cop[tikv] | table:t, partition:p2 | keep order:false      |
+---------------------------+---------+-----------+-----------------------+-----------------------+
5 rows in set (0,00 sec)

tidb> explain select * from t partition (P2);
+-----------------------+---------+-----------+-----------------------+----------------------+
| id                    | estRows | task      | access object         | operator info        |
+-----------------------+---------+-----------+-----------------------+----------------------+
| TableReader_7         | 8.00    | root      |                       | data:TableFullScan_6 |
| └─TableFullScan_6     | 8.00    | cop[tikv] | table:t, partition:p2 | keep order:false     |
+-----------------------+---------+-----------+-----------------------+----------------------+
2 rows in set (0,00 sec)

tidb> set @@tidb_partition_prune_mode = 'dynamic';
Query OK, 0 rows affected (0,00 sec)

tidb> analyze table t;
Query OK, 0 rows affected, 3 warnings (0,07 sec)

tidb> explain select * from t;
+-----------------------+---------+-----------+---------------+----------------------+
| id                    | estRows | task      | access object | operator info        |
+-----------------------+---------+-----------+---------------+----------------------+
| TableReader_5         | 24.00   | root      | partition:all | data:TableFullScan_4 |
| └─TableFullScan_4     | 24.00   | cop[tikv] | table:t       | keep order:false     |
+-----------------------+---------+-----------+---------------+----------------------+
2 rows in set (0,00 sec)

tidb> explain select * from t where a % 3 = 1;
+-------------------------+---------+-----------+---------------+-------------------------+
| id                      | estRows | task      | access object | operator info           |
+-------------------------+---------+-----------+---------------+-------------------------+
| TableReader_7           | 19.20   | root      | partition:all | data:Selection_6        |
| └─Selection_6           | 19.20   | cop[tikv] |               | eq(mod(test.t.a, 3), 1) |
|   └─TableFullScan_5     | 24.00   | cop[tikv] | table:t       | keep order:false        |
+-------------------------+---------+-----------+---------------+-------------------------+
3 rows in set (0,00 sec)

tidb> explain select * from t partition (P0);
+-----------------------+---------+-----------+---------------+----------------------+
| id                    | estRows | task      | access object | operator info        |
+-----------------------+---------+-----------+---------------+----------------------+
| TableReader_5         | 4.00    | root      | partition:P0  | data:TableFullScan_4 |
| └─TableFullScan_4     | 4.00    | cop[tikv] | table:t       | keep order:false     |
+-----------------------+---------+-----------+---------------+----------------------+
2 rows in set (0,00 sec)

tidb> explain select * from t partition (P0,p1);
+-----------------------+---------+-----------+-----------------+----------------------+
| id                    | estRows | task      | access object   | operator info        |
+-----------------------+---------+-----------+-----------------+----------------------+
| TableReader_5         | 16.00   | root      | partition:P0,p1 | data:TableFullScan_4 |
| └─TableFullScan_4     | 16.00   | cop[tikv] | table:t         | keep order:false     |
+-----------------------+---------+-----------+-----------------+----------------------+
2 rows in set (0,00 sec)

tidb> explain select * from t partition (P2,p1);
+-----------------------+---------+-----------+-----------------+----------------------+
| id                    | estRows | task      | access object   | operator info        |
+-----------------------+---------+-----------+-----------------+----------------------+
| TableReader_5         | 20.00   | root      | partition:p1,P2 | data:TableFullScan_4 |
| └─TableFullScan_4     | 20.00   | cop[tikv] | table:t         | keep order:false     |
+-----------------------+---------+-----------+-----------------+----------------------+
2 rows in set (0,00 sec)

tidb> explain select * from t partition (P2);
+-----------------------+---------+-----------+---------------+----------------------+
| id                    | estRows | task      | access object | operator info        |
+-----------------------+---------+-----------+---------------+----------------------+
| TableReader_5         | 8.00    | root      | partition:P2  | data:TableFullScan_4 |
| └─TableFullScan_4     | 8.00    | cop[tikv] | table:t       | keep order:false     |
+-----------------------+---------+-----------+---------------+----------------------+
2 rows in set (0,01 sec)

```

### 3. What did you see instead (Required)

```
tidb> create table t (a int primary key, b int, key (b)) partition by hash(a) (partition P0, partition p1, partition P2);
Query OK, 0 rows affected (0,01 sec)

tidb> insert into t values (1,1),(2,2),(3,3),(4,4),(7,7),(5,5);
Query OK, 6 rows affected (0,00 sec)
Records: 6  Duplicates: 0  Warnings: 0

tidb> insert into t select a+9, b+9 from t;
Query OK, 6 rows affected (0,00 sec)
Records: 6  Duplicates: 0  Warnings: 0

tidb> insert into t select a+18, b+18 from t;
Query OK, 12 rows affected (0,00 sec)
Records: 12  Duplicates: 0  Warnings: 0

tidb> analyze table t;
Query OK, 0 rows affected, 3 warnings (0,07 sec)

tidb> set @@tidb_partition_prune_mode = 'static';
Query OK, 0 rows affected (0,00 sec)

tidb> explain select * from t;
+----------------------------+---------+-----------+-----------------------+-----------------------+
| id                         | estRows | task      | access object         | operator info         |
+----------------------------+---------+-----------+-----------------------+-----------------------+
| PartitionUnion_9           | 24.00   | root      |                       |                       |
| ├─TableReader_11           | 4.00    | root      |                       | data:TableFullScan_10 |
| │ └─TableFullScan_10       | 4.00    | cop[tikv] | table:t, partition:p0 | keep order:false      |
| ├─TableReader_15           | 12.00   | root      |                       | data:TableFullScan_14 |
| │ └─TableFullScan_14       | 12.00   | cop[tikv] | table:t, partition:p1 | keep order:false      |
| └─TableReader_19           | 8.00    | root      |                       | data:TableFullScan_18 |
|   └─TableFullScan_18       | 8.00    | cop[tikv] | table:t, partition:p2 | keep order:false      |
+----------------------------+---------+-----------+-----------------------+-----------------------+
7 rows in set (0,00 sec)

tidb> explain select * from t where a % 3 = 1;
+------------------------------+---------+-----------+-----------------------+-------------------------+
| id                           | estRows | task      | access object         | operator info           |
+------------------------------+---------+-----------+-----------------------+-------------------------+
| PartitionUnion_10            | 19.20   | root      |                       |                         |
| ├─TableReader_13             | 3.20    | root      |                       | data:Selection_12       |
| │ └─Selection_12             | 3.20    | cop[tikv] |                       | eq(mod(test.t.a, 3), 1) |
| │   └─TableFullScan_11       | 4.00    | cop[tikv] | table:t, partition:p0 | keep order:false        |
| ├─TableReader_19             | 9.60    | root      |                       | data:Selection_18       |
| │ └─Selection_18             | 9.60    | cop[tikv] |                       | eq(mod(test.t.a, 3), 1) |
| │   └─TableFullScan_17       | 12.00   | cop[tikv] | table:t, partition:p1 | keep order:false        |
| └─TableReader_25             | 6.40    | root      |                       | data:Selection_24       |
|   └─Selection_24             | 6.40    | cop[tikv] |                       | eq(mod(test.t.a, 3), 1) |
|     └─TableFullScan_23       | 8.00    | cop[tikv] | table:t, partition:p2 | keep order:false        |
+------------------------------+---------+-----------+-----------------------+-------------------------+
10 rows in set (0,00 sec)

tidb> explain select * from t partition (P0);
+-----------------------+---------+-----------+-----------------------+----------------------+
| id                    | estRows | task      | access object         | operator info        |
+-----------------------+---------+-----------+-----------------------+----------------------+
| TableReader_7         | 4.00    | root      |                       | data:TableFullScan_6 |
| └─TableFullScan_6     | 4.00    | cop[tikv] | table:t, partition:p0 | keep order:false     |
+-----------------------+---------+-----------+-----------------------+----------------------+
2 rows in set (0,00 sec)

tidb> explain select * from t partition (P0,p1);
+---------------------------+---------+-----------+-----------------------+-----------------------+
| id                        | estRows | task      | access object         | operator info         |
+---------------------------+---------+-----------+-----------------------+-----------------------+
| PartitionUnion_8          | 16.00   | root      |                       |                       |
| ├─TableReader_10          | 4.00    | root      |                       | data:TableFullScan_9  |
| │ └─TableFullScan_9       | 4.00    | cop[tikv] | table:t, partition:p0 | keep order:false      |
| └─TableReader_14          | 12.00   | root      |                       | data:TableFullScan_13 |
|   └─TableFullScan_13      | 12.00   | cop[tikv] | table:t, partition:p1 | keep order:false      |
+---------------------------+---------+-----------+-----------------------+-----------------------+
5 rows in set (0,00 sec)

tidb> explain select * from t partition (P2,p1);
+---------------------------+---------+-----------+-----------------------+-----------------------+
| id                        | estRows | task      | access object         | operator info         |
+---------------------------+---------+-----------+-----------------------+-----------------------+
| PartitionUnion_8          | 20.00   | root      |                       |                       |
| ├─TableReader_10          | 12.00   | root      |                       | data:TableFullScan_9  |
| │ └─TableFullScan_9       | 12.00   | cop[tikv] | table:t, partition:p1 | keep order:false      |
| └─TableReader_14          | 8.00    | root      |                       | data:TableFullScan_13 |
|   └─TableFullScan_13      | 8.00    | cop[tikv] | table:t, partition:p2 | keep order:false      |
+---------------------------+---------+-----------+-----------------------+-----------------------+
5 rows in set (0,00 sec)

tidb> explain select * from t partition (P2);
+-----------------------+---------+-----------+-----------------------+----------------------+
| id                    | estRows | task      | access object         | operator info        |
+-----------------------+---------+-----------+-----------------------+----------------------+
| TableReader_7         | 8.00    | root      |                       | data:TableFullScan_6 |
| └─TableFullScan_6     | 8.00    | cop[tikv] | table:t, partition:p2 | keep order:false     |
+-----------------------+---------+-----------+-----------------------+----------------------+
2 rows in set (0,00 sec)

tidb> set @@tidb_partition_prune_mode = 'dynamic';
Query OK, 0 rows affected (0,00 sec)

tidb> analyze table t;
Query OK, 0 rows affected, 3 warnings (0,07 sec)

tidb> explain select * from t;
+-----------------------+---------+-----------+---------------+----------------------+
| id                    | estRows | task      | access object | operator info        |
+-----------------------+---------+-----------+---------------+----------------------+
| TableReader_5         | 24.00   | root      | partition:all | data:TableFullScan_4 |
| └─TableFullScan_4     | 24.00   | cop[tikv] | table:t       | keep order:false     |
+-----------------------+---------+-----------+---------------+----------------------+
2 rows in set (0,00 sec)

tidb> explain select * from t where a % 3 = 1;
+-------------------------+---------+-----------+---------------+-------------------------+
| id                      | estRows | task      | access object | operator info           |
+-------------------------+---------+-----------+---------------+-------------------------+
| TableReader_7           | 19.20   | root      | partition:all | data:Selection_6        |
| └─Selection_6           | 19.20   | cop[tikv] |               | eq(mod(test.t.a, 3), 1) |
|   └─TableFullScan_5     | 24.00   | cop[tikv] | table:t       | keep order:false        |
+-------------------------+---------+-----------+---------------+-------------------------+
3 rows in set (0,00 sec)

tidb> explain select * from t partition (P0);
+-----------------------+---------+-----------+---------------+----------------------+
| id                    | estRows | task      | access object | operator info        |
+-----------------------+---------+-----------+---------------+----------------------+
| TableReader_5         | 24.00   | root      | partition:P0  | data:TableFullScan_4 |
| └─TableFullScan_4     | 24.00   | cop[tikv] | table:t       | keep order:false     |
+-----------------------+---------+-----------+---------------+----------------------+
2 rows in set (0,00 sec)

tidb> explain select * from t partition (P0,p1);
+-----------------------+---------+-----------+-----------------+----------------------+
| id                    | estRows | task      | access object   | operator info        |
+-----------------------+---------+-----------+-----------------+----------------------+
| TableReader_5         | 24.00   | root      | partition:P0,p1 | data:TableFullScan_4 |
| └─TableFullScan_4     | 24.00   | cop[tikv] | table:t         | keep order:false     |
+-----------------------+---------+-----------+-----------------+----------------------+
2 rows in set (0,00 sec)

tidb> explain select * from t partition (P2,p1);
+-----------------------+---------+-----------+-----------------+----------------------+
| id                    | estRows | task      | access object   | operator info        |
+-----------------------+---------+-----------+-----------------+----------------------+
| TableReader_5         | 24.00   | root      | partition:p1,P2 | data:TableFullScan_4 |
| └─TableFullScan_4     | 24.00   | cop[tikv] | table:t         | keep order:false     |
+-----------------------+---------+-----------+-----------------+----------------------+
2 rows in set (0,00 sec)

tidb> explain select * from t partition (P2);
+-----------------------+---------+-----------+---------------+----------------------+
| id                    | estRows | task      | access object | operator info        |
+-----------------------+---------+-----------+---------------+----------------------+
| TableReader_5         | 24.00   | root      | partition:P2  | data:TableFullScan_4 |
| └─TableFullScan_4     | 24.00   | cop[tikv] | table:t       | keep order:false     |
+-----------------------+---------+-----------+---------------+----------------------+
2 rows in set (0,01 sec)
```

### 4. What is your TiDB version? (Required)

<!-- Paste the output of SELECT tidb_version() -->

```
Release Version: v5.5.0-alpha-489-g493eb45c75
Edition: Community
Git Commit Hash: 493eb45c75a8f9687d5bf9185e5e167aadc81012
Git Branch: master
UTC Build Time: 2022-03-04 00:14:01
GoVersion: go1.17
Race Enabled: false
TiKV Min Version: v3.0.0-60965b006877ca7234adaced7890d7b029ed1306
Check Table Before Drop: false
```