ID: 34590
Title: join get the incorrect result
Description:
## Bug Report

Please answer these questions before submitting your issue. Thanks!

### 1. Minimal reproduce step (Required)
```sql

CREATE TABLE t0 (a int, b int, c int);
CREATE TABLE t1 (a int, b int, c int);
CREATE TABLE t2 (a int, b int, c int);
CREATE TABLE t3 (a int, b int, c int);
CREATE TABLE t4 (a int, b int, c int);
CREATE TABLE t5 (a int, b int, c int);
CREATE TABLE t6 (a int, b int, c int);
CREATE TABLE t7 (a int, b int, c int);
CREATE TABLE t8 (a int, b int, c int);
CREATE TABLE t9 (a int, b int, c int);

INSERT INTO t0 VALUES (1,1,0), (1,2,0), (2,2,0);
INSERT INTO t1 VALUES (1,3,0), (2,2,0), (3,2,0);
INSERT INTO t2 VALUES (3,3,0), (4,2,0), (5,3,0);
INSERT INTO t3 VALUES (1,2,0), (2,2,0);
INSERT INTO t4 VALUES (3,2,0), (4,2,0);
INSERT INTO t5 VALUES (3,1,0), (2,2,0), (3,3,0);
INSERT INTO t6 VALUES (3,2,0), (6,2,0), (6,1,0);
INSERT INTO t7 VALUES (1,1,0), (2,2,0);
INSERT INTO t8 VALUES (0,2,0), (1,2,0);
INSERT INTO t9 VALUES (1,1,0), (1,2,0), (3,3,0);

SELECT t2.a,t2.b,t3.a,t3.b,t4.a,t4.b
  FROM (t3,t4)
       LEFT JOIN
       (t1,t2)
       ON t3.a=1 AND t3.b=t2.b AND t2.b=t4.b order by 1, 2, 3, 4, 5;

explain SELECT t2.a,t2.b,t3.a,t3.b,t4.a,t4.b
  FROM (t3,t4)
       LEFT JOIN
       (t1,t2)
       ON t3.a=1 AND t3.b=t2.b AND t2.b=t4.b order by 1, 2, 3, 4, 5;
```
<!-- a step by step guide for reproducing the bug. -->

### 2. What did you expect to see? (Required)
```sql
MySQL root@127.0.0.1:test>  SELECT t2.a,t2.b,t3.a,t3.b,t4.a,t4.b
                       ->    FROM (t3,t4)
                       ->         LEFT JOIN
                       ->         (t1,t2)
                       ->         ON t3.a=1 AND t3.b=t2.b AND t2.b=t4.b order by 1, 2, 3, 4, 5;
+--------+--------+---+---+---+---+
| a      | b      | a | b | a | b |
+--------+--------+---+---+---+---+
| <null> | <null> | 2 | 2 | 3 | 2 |
| <null> | <null> | 2 | 2 | 4 | 2 |
| 4      | 2      | 1 | 2 | 3 | 2 |
| 4      | 2      | 1 | 2 | 3 | 2 |
| 4      | 2      | 1 | 2 | 3 | 2 |
| 4      | 2      | 1 | 2 | 4 | 2 |
| 4      | 2      | 1 | 2 | 4 | 2 |
| 4      | 2      | 1 | 2 | 4 | 2 |
+--------+--------+---+---+---+---+
MySQL root@127.0.0.1:test>  explain SELECT t2.a,t2.b,t3.a,t3.b,t4.a,t4.b
                       ->    FROM (t3,t4)
                       ->         LEFT JOIN
                       ->         (t1,t2)
                       ->         ON t3.a=1 AND t3.b=t2.b AND t2.b=t4.b order by 1, 2, 3, 4, 5;
+-------------------------------+---------+-----------+---------------+----------------------------------------------------------------------------------------------------------+
| id                            | estRows | task      | access object | operator info                                                                                            |
+-------------------------------+---------+-----------+---------------+----------------------------------------------------------------------------------------------------------+
| Sort_13                       | 15.00   | root      |               | test.t2.a, test.t2.b, test.t3.a, test.t3.b, test.t4.a                                                    |
| └─Projection_15               | 15.00   | root      |               | test.t2.a, test.t2.b, test.t3.a, test.t3.b, test.t4.a, test.t4.b                                         |
|   └─HashJoin_17               | 15.00   | root      |               | left outer join, equal:[eq(test.t3.b, test.t2.b) eq(test.t4.b, test.t2.b)], left cond:[eq(test.t3.a, 1)] |
|     ├─HashJoin_18(Build)      | 4.00    | root      |               | CARTESIAN inner join                                                                                     |
|     │ ├─TableReader_23(Build) | 2.00    | root      |               | data:TableFullScan_22                                                                                    |
|     │ │ └─TableFullScan_22    | 2.00    | cop[tikv] | table:t4      | keep order:false, stats:pseudo                                                                           |
|     │ └─TableReader_21(Probe) | 2.00    | root      |               | data:TableFullScan_20                                                                                    |
|     │   └─TableFullScan_20    | 2.00    | cop[tikv] | table:t3      | keep order:false, stats:pseudo                                                                           |
|     └─HashJoin_26(Probe)      | 8.99    | root      |               | CARTESIAN inner join                                                                                     |
|       ├─TableReader_29(Build) | 3.00    | root      |               | data:Selection_28                                                                                        |
|       │ └─Selection_28        | 3.00    | cop[tikv] |               | not(isnull(test.t2.b))                                                                                   |
|       │   └─TableFullScan_27  | 3.00    | cop[tikv] | table:t2      | keep order:false, stats:pseudo                                                                           |
|       └─TableReader_31(Probe) | 3.00    | root      |               | data:TableFullScan_30                                                                                    |
|         └─TableFullScan_30    | 3.00    | cop[tikv] | table:t1      | keep order:false, stats:pseudo                                                                           |
+-------------------------------+---------+-----------+---------------+----------------------------------------------------------------------------------------------------------+


```

### 3. What did you see instead (Required)
```sql
MySQL root@127.0.0.1:test>  SELECT t2.a,t2.b,t3.a,t3.b,t4.a,t4.b
                       ->    FROM (t3,t4)
                       ->         LEFT JOIN
                       ->         (t1,t2)
                       ->         ON t3.a=1 AND t3.b=t2.b AND t2.b=t4.b order by 1, 2, 3, 4, 5;
+---+---+---+---+---+---+
| a | b | a | b | a | b |
+---+---+---+---+---+---+
| 4 | 2 | 1 | 2 | 3 | 2 |
| 4 | 2 | 1 | 2 | 3 | 2 |
| 4 | 2 | 1 | 2 | 3 | 2 |
| 4 | 2 | 1 | 2 | 4 | 2 |
| 4 | 2 | 1 | 2 | 4 | 2 |
| 4 | 2 | 1 | 2 | 4 | 2 |
+---+---+---+---+---+---+

MySQL root@127.0.0.1:test>  explain SELECT t2.a,t2.b,t3.a,t3.b,t4.a,t4.b
                       ->    FROM (t3,t4)
                       ->         LEFT JOIN
                       ->         (t1,t2)
                       ->         ON t3.a=1 AND t3.b=t2.b AND t2.b=t4.b order by 1, 2, 3, 4, 5;
+-----------------------------------+---------+-----------+---------------+---------------------------------------------------------------------------------+
| id                                | estRows | task      | access object | operator info                                                                   |
+-----------------------------------+---------+-----------+---------------+---------------------------------------------------------------------------------+
| Sort_15                           | 6.26    | root      |               | test.t2.a, test.t2.b, test.t3.a, test.t3.b, test.t4.a                           |
| └─Projection_17                   | 6.26    | root      |               | test.t2.a, test.t2.b, test.t3.a, test.t3.b, test.t4.a, test.t4.b                |
|   └─Projection_18                 | 6.26    | root      |               | test.t3.a, test.t3.b, test.t4.a, test.t4.b, test.t2.a, test.t2.b                |
|     └─HashJoin_20                 | 6.26    | root      |               | left outer join, equal:[eq(test.t4.b, test.t2.b)]                               |
|       ├─TableReader_22(Build)     | 2.00    | root      |               | data:TableFullScan_21                                                           |
|       │ └─TableFullScan_21        | 2.00    | cop[tikv] | table:t4      | keep order:false, stats:pseudo                                                  |
|       └─HashJoin_24(Probe)        | 7.50    | root      |               | left outer join, equal:[eq(test.t3.b, test.t2.b)], left cond:[eq(test.t3.a, 1)] |
|         ├─TableReader_26(Build)   | 2.00    | root      |               | data:TableFullScan_25                                                           |
|         │ └─TableFullScan_25      | 2.00    | cop[tikv] | table:t3      | keep order:false, stats:pseudo                                                  |
|         └─HashJoin_29(Probe)      | 8.99    | root      |               | CARTESIAN inner join                                                            |
|           ├─TableReader_32(Build) | 3.00    | root      |               | data:Selection_31                                                               |
|           │ └─Selection_31        | 3.00    | cop[tikv] |               | not(isnull(test.t2.b))                                                          |
|           │   └─TableFullScan_30  | 3.00    | cop[tikv] | table:t2      | keep order:false, stats:pseudo                                                  |
|           └─TableReader_34(Probe) | 3.00    | root      |               | data:TableFullScan_33                                                           |
|             └─TableFullScan_33    | 3.00    | cop[tikv] | table:t1      | keep order:false, stats:pseudo                                                  |
+-----------------------------------+---------+-----------+---------------+---------------------------------------------------------------------------------+

```
### 4. What is your TiDB version? (Required)
```sql
MySQL root@127.0.0.1:test> select tidb_version()\G
***************************[ 1. row ]***************************
tidb_version() | Release Version: v6.1.0-alpha-390-g98c31070d
Edition: Community
Git Commit Hash: 98c31070d95858ecf5f9ffb9d5e0dab3aca13d9c
Git Branch: master
UTC Build Time: 2022-05-12 01:58:56
GoVersion: go1.18
Race Enabled: false
TiKV Min Version: v3.0.0-60965b006877ca7234adaced7890d7b029ed1306
Check Table Before Drop: false
```
<!-- Paste the output of SELECT tidb_version() -->

