ID: 35083
Title: tidb_opt_projection_push_down doesn't take effect
Description:
## Bug Report

Please answer these questions before submitting your issue. Thanks!

### 1. Minimal reproduce step (Required)

Set config `performance.projection-push-down = true`.
```
use test;
create table t1(a varchar(100), b int);
select @@tidb_opt_projection_push_down;
explain select cast(a as datetime) from t1;
set @@tidb_opt_projection_push_down=1;
explain select cast(a as datetime) from t1;
```

### 2. What did you expect to see? (Required)
```
mysql> select @@tidb_opt_projection_push_down;
+---------------------------------+
| @@tidb_opt_projection_push_down |
+---------------------------------+
|                               1 |
+---------------------------------+
1 row in set (0.00 sec)

mysql> explain select cast(a as datetime) from t1;
+-------------------------+----------+-----------+---------------+--------------------------------------------+
| id                      | estRows  | task      | access object | operator info                              |
+-------------------------+----------+-----------+---------------+--------------------------------------------+
| TableReader_8           | 10000.00 | root      |               | data:Projection_4                          |
| └─Projection_4          | 10000.00 | cop[tikv] |               | cast(test.t1.a, datetime BINARY)->Column#4 |
|   └─TableFullScan_7     | 10000.00 | cop[tikv] | table:t1      | keep order:false, stats:pseudo             |
+-------------------------+----------+-----------+---------------+--------------------------------------------+
3 rows in set (0.01 sec)

mysql> set @@tidb_opt_projection_push_down=1;
Query OK, 0 rows affected (0.00 sec)

mysql> explain select cast(a as datetime) from t1;
+-------------------------+----------+-----------+---------------+--------------------------------------------+
| id                      | estRows  | task      | access object | operator info                              |
+-------------------------+----------+-----------+---------------+--------------------------------------------+
| TableReader_8           | 10000.00 | root      |               | data:Projection_4                          |
| └─Projection_4          | 10000.00 | cop[tikv] |               | cast(test.t1.a, datetime BINARY)->Column#4 |
|   └─TableFullScan_7     | 10000.00 | cop[tikv] | table:t1      | keep order:false, stats:pseudo             |
+-------------------------+----------+-----------+---------------+--------------------------------------------+
3 rows in set (0.00 sec)
```

### 3. What did you see instead (Required)
```
mysql> select @@tidb_opt_projection_push_down;
+---------------------------------+
| @@tidb_opt_projection_push_down |
+---------------------------------+
|                               1 |
+---------------------------------+
1 row in set (0.00 sec)

mysql> explain select cast(a as datetime) from t1;
+-------------------------+----------+-----------+---------------+--------------------------------------------+
| id                      | estRows  | task      | access object | operator info                              |
+-------------------------+----------+-----------+---------------+--------------------------------------------+
| Projection_3            | 10000.00 | root      |               | cast(test.t1.a, datetime BINARY)->Column#4 |
| └─TableReader_5         | 10000.00 | root      |               | data:TableFullScan_4                       |
|   └─TableFullScan_4     | 10000.00 | cop[tikv] | table:t1      | keep order:false, stats:pseudo             |
+-------------------------+----------+-----------+---------------+--------------------------------------------+
3 rows in set (0.01 sec)

mysql> set @@tidb_opt_projection_push_down=1;
Query OK, 0 rows affected (0.00 sec)

mysql> explain select cast(a as datetime) from t1;
+-------------------------+----------+-----------+---------------+--------------------------------------------+
| id                      | estRows  | task      | access object | operator info                              |
+-------------------------+----------+-----------+---------------+--------------------------------------------+
| TableReader_8           | 10000.00 | root      |               | data:Projection_4                          |
| └─Projection_4          | 10000.00 | cop[tikv] |               | cast(test.t1.a, datetime BINARY)->Column#4 |
|   └─TableFullScan_7     | 10000.00 | cop[tikv] | table:t1      | keep order:false, stats:pseudo             |
+-------------------------+----------+-----------+---------------+--------------------------------------------+
3 rows in set (0.00 sec)
```


### 4. What is your TiDB version? (Required)
```
mysql> SELECT tidb_version();
+-------------------------------------------------------------------------------------------------------------------------------------------------------------------------------------------------------------------------------------------------------------------------------------------------------------------------------------+
| tidb_version()                                                                                                                                                                                                                                                                                                                      |
+-------------------------------------------------------------------------------------------------------------------------------------------------------------------------------------------------------------------------------------------------------------------------------------------------------------------------------------+
| Release Version: v5.4.0-655-g2c3f717af
Edition: Community
Git Commit Hash: 2c3f717af66c6925f46776da867790ca150ecfcc
Git Branch: master
UTC Build Time: 2022-05-31 07:40:03
GoVersion: go1.18.1
Race Enabled: false
TiKV Min Version: v3.0.0-60965b006877ca7234adaced7890d7b029ed1306
Check Table Before Drop: false
Store: unistore |
+-------------------------------------------------------------------------------------------------------------------------------------------------------------------------------------------------------------------------------------------------------------------------------------------------------------------------------------+
1 row in set (0.01 sec)
```

