ID: 35985
Title: Apply operator can be decorrelated related in some cases
Description:
## Enhancement
Related to https://github.com/pingcap/tidb/pull/32370

The following case should be decorrelated.
```
mysql> explain select count(1) from (select (select count(t0.a) as a  from t0 where t0.c = t1.c) as a from t1) as t;
+----------------------------------+----------+-----------+---------------+-----------------------------------+
| id                               | estRows  | task      | access object | operator info                     |
+----------------------------------+----------+-----------+---------------+-----------------------------------+
| HashAgg_13                       | 1.00     | root      |               | funcs:count(1)->Column#14         |
| └─Apply_16                       | 10000.00 | root      |               | CARTESIAN left outer join         |
|   ├─TableReader_18(Build)        | 10000.00 | root      |               | data:TableFullScan_17             |
|   │ └─TableFullScan_17           | 10000.00 | cop[tikv] | table:t1      | keep order:false, stats:pseudo    |
|   └─StreamAgg_33(Probe)          | 1.00     | root      |               | funcs:count(Column#18)->Column#16 |
|     └─TableReader_34             | 1.00     | root      |               | data:StreamAgg_22                 |
|       └─StreamAgg_22             | 1.00     | cop[tikv] |               | funcs:count(1)->Column#18         |
|         └─Selection_32           | 10.00    | cop[tikv] |               | eq(test.t0.c, test.t1.c)          |
|           └─TableFullScan_31     | 10000.00 | cop[tikv] | table:t0      | keep order:false, stats:pseudo    |
+----------------------------------+----------+-----------+---------------+-----------------------------------+
9 rows in set (0.00 sec)
```