ID: 37255
Title: Plan replayer can't handle tiflash replica 
Description:
## Bug Report

Please answer these questions before submitting your issue. Thanks!

### 1. Minimal reproduce step (Required)

1. Plan replayer dump query with tiflash engine like following:

```sh
mysql> explain select /*+ read_from_storage(tiflash[t]) */ * from t;
+-----------------------+----------+--------------+---------------+--------------------------------+
| id                    | estRows  | task         | access object | operator info                  |
+-----------------------+----------+--------------+---------------+--------------------------------+
| TableReader_5         | 10000.00 | root         |               | data:TableFullScan_4           |
| └─TableFullScan_4     | 10000.00 | cop[tiflash] | table:t       | keep order:false, stats:pseudo |
+-----------------------+----------+--------------+---------------+--------------------------------+
2 rows in set (0.00 sec)
```

Load result into another tidbcluster with tiflash

<!-- a step by step guide for reproducing the bug. -->

### 2. What did you expect to see? (Required)

Explain query will get tiflash result as well

### 3. What did you see instead (Required)

Explain query got tikv result

```sh
mysql> explain select /*+ read_from_storage(tiflash[t]) */ * from t;
+-----------------------+----------+-----------+---------------+--------------------------------+
| id                    | estRows  | task      | access object | operator info                  |
+-----------------------+----------+-----------+---------------+--------------------------------+
| TableReader_5         | 10000.00 | root      |               | data:TableFullScan_4           |
| └─TableFullScan_4     | 10000.00 | cop[tikv] | table:t       | keep order:false, stats:pseudo |
+-----------------------+----------+-----------+---------------+--------------------------------+
2 rows in set, 1 warning (0.01 sec)

```

### 4. What is your TiDB version? (Required)

<!-- Paste the output of SELECT tidb_version() -->

