ID: 37273
Title: index merge hint shouldn't be case sensitivity
Description:
## Bug Report

Please answer these questions before submitting your issue. Thanks!

### 1. Minimal reproduce step (Required)

```sh
mysql>  explain select /*+ use_index_merge(t,idx1,idx2) */ * from t where a = 1 or b =1 ;
+-------------------------------+---------+-----------+------------------------+---------------------------------------------+
| id                            | estRows | task      | access object          | operator info                               |
+-------------------------------+---------+-----------+------------------------+---------------------------------------------+
| IndexMerge_8                  | 19.99   | root      |                        |                                             |
| ├─IndexRangeScan_5(Build)     | 10.00   | cop[tikv] | table:t, index:idx1(a) | range:[1,1], keep order:false, stats:pseudo |
| ├─IndexRangeScan_6(Build)     | 10.00   | cop[tikv] | table:t, index:idx2(b) | range:[1,1], keep order:false, stats:pseudo |
| └─TableRowIDScan_7(Probe)     | 19.99   | cop[tikv] | table:t                | keep order:false, stats:pseudo              |
+-------------------------------+---------+-----------+------------------------+---------------------------------------------+
4 rows in set (0.00 sec)

mysql>  explain select /*+ use_index_merge(t,IDX1,IDX2) */ * from t where a = 1 or b =1 ;
+-------------------------+----------+-----------+---------------+--------------------------------------+
| id                      | estRows  | task      | access object | operator info                        |
+-------------------------+----------+-----------+---------------+--------------------------------------+
| TableReader_7           | 19.99    | root      |               | data:Selection_6                     |
| └─Selection_6           | 19.99    | cop[tikv] |               | or(eq(test.t.a, 1), eq(test.t.b, 1)) |
|   └─TableFullScan_5     | 10000.00 | cop[tikv] | table:t       | keep order:false, stats:pseudo       |
+-------------------------+----------+-----------+---------------+--------------------------------------+
3 rows in set, 1 warning (0.00 sec)

mysql> show warnings;
+---------+------+----------------------------+
| Level   | Code | Message                    |
+---------+------+----------------------------+
| Warning | 1105 | IndexMerge is inapplicable |
+---------+------+----------------------------+
1 row in set (0.00 sec)
```

<!-- a step by step guide for reproducing the bug. -->

### 2. What did you expect to see? (Required)

index merge hint shouldn't be case sensitivity

### 3. What did you see instead (Required)

index merge hint is case sensitivity

### 4. What is your TiDB version? (Required)

<!-- Paste the output of SELECT tidb_version() -->

