ID: 37520
Title: Some join operators can't be controlled by join hints
Description:
## Bug Report

Not all `LogicalJoin` set `preferJoinType`. For these `LogicalJoin`, join hints can't control them.

After checking the code, I find 5 places with this issue:
1. `buildApplyWithJoinType` in `logical_plan_builder.go`
2. `buildSemiJoinForSetOperator` in `logical_plan_builder.go` (This case might be hard to fix because we don't have hints for `ast.SetOprStmt`)
3. `composeAggsByInnerJoin` in `rule_max_min_eliminate.go` (This case should be a minor one because we don't need hints for such joins)
4. `recursivePlan` in `rule_semi_join_rewrite.go`
5. `newCartesianJoin` in `join_join_reorder.go` (This case is as expected because now we don't reorder joins with hints, but we should notice this when we modify join reorder in the future)

Examples below are case 1 and case 4.

### 1. Minimal reproduce step (Required)

```sql
create table t1(a int primary key, b int);
create table t2(a int, b int, index ia(a));
```
case 1:
```sql
explain select /*+ inl_join(t1@sel_2) */ a, (select b from t1 where t1.a = t2.b) from t2;
```

case 4:
```sql
explain select /*+ inl_join(t2@sel_2) */ * from t1 where exists ( select /*+ semi_join_rewrite() */ * from t2 where t1.a = t2.a);
explain select /*+ inl_join(t1) */ * from t1 where exists ( select /*+ semi_join_rewrite() */ * from t2 where t1.a = t2.a);
```

### 2. What did you expect to see? (Required)

Join hints take effect as expected.

### 3. What did you see instead (Required)

Join hints don't take effect. In some cases, there are even no warnings.

case 1:
```
+-----------------------------+----------+-----------+---------------+---------------------------------------------------+
| id                          | estRows  | task      | access object | operator info                                     |
+-----------------------------+----------+-----------+---------------+---------------------------------------------------+
| HashJoin_19                 | 12500.00 | root      |               | left outer join, equal:[eq(test.t2.b, test.t1.a)] |
| ├─TableReader_24(Build)     | 10000.00 | root      |               | data:TableFullScan_23                             |
| │ └─TableFullScan_23        | 10000.00 | cop[tikv] | table:t1      | keep order:false, stats:pseudo                    |
| └─TableReader_22(Probe)     | 10000.00 | root      |               | data:TableFullScan_21                             |
|   └─TableFullScan_21        | 10000.00 | cop[tikv] | table:t2      | keep order:false, stats:pseudo                    |
+-----------------------------+----------+-----------+---------------+---------------------------------------------------+
5 rows in set, 1 warning (0.003 sec)

+---------+------+--------------------------------------------------------------------------------------------------------------------------------------------------+
| Level   | Code | Message                                                                                                                                          |
+---------+------+--------------------------------------------------------------------------------------------------------------------------------------------------+
| Warning | 1815 | There are no matching table names for (t1) in optimizer hint /*+ INL_JOIN(t1) */ or /*+ TIDB_INLJ(t1) */. Maybe you can use the table alias name |
+---------+------+--------------------------------------------------------------------------------------------------------------------------------------------------+
```

case 4:
```
+------------------------------+----------+-----------+-----------------------+----------------------------------------------------------+
| id                           | estRows  | task      | access object         | operator info                                            |
+------------------------------+----------+-----------+-----------------------+----------------------------------------------------------+
| HashJoin_22                  | 9990.00  | root      |                       | inner join, equal:[eq(test.t1.a, test.t2.a)]             |
| ├─HashAgg_35(Build)          | 7992.00  | root      |                       | group by:test.t2.a, funcs:firstrow(test.t2.a)->test.t2.a |
| │ └─IndexReader_42           | 9990.00  | root      |                       | index:IndexFullScan_41                                   |
| │   └─IndexFullScan_41       | 9990.00  | cop[tikv] | table:t2, index:ia(a) | keep order:false, stats:pseudo                           |
| └─TableReader_46(Probe)      | 10000.00 | root      |                       | data:TableFullScan_45                                    |
|   └─TableFullScan_45         | 10000.00 | cop[tikv] | table:t1              | keep order:false, stats:pseudo                           |
+------------------------------+----------+-----------+-----------------------+----------------------------------------------------------+
6 rows in set (0.004 sec)

+------------------------------+----------+-----------+-----------------------+----------------------------------------------------------+
| id                           | estRows  | task      | access object         | operator info                                            |
+------------------------------+----------+-----------+-----------------------+----------------------------------------------------------+
| HashJoin_22                  | 9990.00  | root      |                       | inner join, equal:[eq(test.t1.a, test.t2.a)]             |
| ├─HashAgg_35(Build)          | 7992.00  | root      |                       | group by:test.t2.a, funcs:firstrow(test.t2.a)->test.t2.a |
| │ └─IndexReader_42           | 9990.00  | root      |                       | index:IndexFullScan_41                                   |
| │   └─IndexFullScan_41       | 9990.00  | cop[tikv] | table:t2, index:ia(a) | keep order:false, stats:pseudo                           |
| └─TableReader_46(Probe)      | 10000.00 | root      |                       | data:TableFullScan_45                                    |
|   └─TableFullScan_45         | 10000.00 | cop[tikv] | table:t1              | keep order:false, stats:pseudo                           |
+------------------------------+----------+-----------+-----------------------+----------------------------------------------------------+
6 rows in set, 1 warning (0.005 sec)

+---------+------+--------------------------------------------------------------------------------------------------------------------------------------------------+
| Level   | Code | Message                                                                                                                                          |
+---------+------+--------------------------------------------------------------------------------------------------------------------------------------------------+
| Warning | 1815 | There are no matching table names for (t1) in optimizer hint /*+ INL_JOIN(t1) */ or /*+ TIDB_INLJ(t1) */. Maybe you can use the table alias name |
+---------+------+--------------------------------------------------------------------------------------------------------------------------------------------------+
1 row in set (0.001 sec)
```

### 4. What is your TiDB version? (Required)

master