ID: 37722
Title: dynamic partition pruning is not used for RANGE COLUMNS
Description:
## Bug Report

Please answer these questions before submitting your issue. Thanks!

### 1. Minimal reproduce step (Required)

<!-- a step by step guide for reproducing the bug. -->
```sql
set @@tidb_partition_prune_mode = 'dynamic';
create table t (a date) 
partition by range columns (a) 
(partition p0 values less than ('19990601'),
 partition p1 values less than ('2000-05-01'),
 partition p2 values less than ('20080401'),
 partition p3 values less than ('2010-03-01'),
 partition p4 values less than ('20160201'),
 partition p5 values less than ('2020-01-01'),
 partition p6 values less than (MAXVALUE));
explain select * from t where a > '1949-10-10';
```

### 2. What did you expect to see? (Required)

That the PartitionUnion was not used, but a single TableReader.
```sql
tidb> set @@tidb_partition_prune_mode = 'dynamic';
Query OK, 0 rows affected, 2 warnings (0.00 sec)

tidb> create table t (a date) 
    -> partition by range columns (a) 
    -> (partition p0 values less than ('19990601'),
    ->  partition p1 values less than ('2000-05-01'),
    ->  partition p2 values less than ('20080401'),
    ->  partition p3 values less than ('2010-03-01'),
    ->  partition p4 values less than ('20160201'),
    ->  partition p5 values less than ('2020-01-01'),
    ->  partition p6 values less than (MAXVALUE));
Query OK, 0 rows affected (0.01 sec)

tidb> explain select * from t where a > '1949-10-10';
+-------------------------+----------+-----------+---------------+------------------------------------------+
| id                      | estRows  | task      | access object | operator info                            |
+-------------------------+----------+-----------+---------------+------------------------------------------+
| TableReader_7           | 3333.33  | root      | partition:all | data:Selection_6                         |
| └─Selection_6       | 3333.33  | cop[tikv] |               | gt(test.t.a, 1949-10-10 00:00:00.000000) |
|   └─TableFullScan_5 | 10000.00 | cop[tikv] | table:t       | keep order:false, stats:pseudo           |
+-------------------------+----------+-----------+---------------+------------------------------------------+
3 rows in set (0.01 sec)
```

### 3. What did you see instead (Required)
```sql
tidb> create table t (a date) 
    -> partition by range columns (a) 
    -> (partition p0 values less than ('19990601'),
    ->  partition p1 values less than ('2000-05-01'),
    ->  partition p2 values less than ('20080401'),
    ->  partition p3 values less than ('2010-03-01'),
    ->  partition p4 values less than ('20160201'),
    ->  partition p5 values less than ('2020-01-01'),
    ->  partition p6 values less than (MAXVALUE));
Query OK, 0 rows affected (0,01 sec)

tidb> set @@tidb_partition_prune_mode = 'dynamic'
    -> ;
Query OK, 0 rows affected, 2 warnings (0,00 sec)

tidb> select @@tidb_partition_prune_mode;
+-----------------------------+
| @@tidb_partition_prune_mode |
+-----------------------------+
| dynamic                     |
+-----------------------------+
1 row in set (0,00 sec)

tidb> explain select * from t where a > '1949-10-10';
+------------------------------+----------+-----------+-----------------------+------------------------------------------+
| id                           | estRows  | task      | access object         | operator info                            |
+------------------------------+----------+-----------+-----------------------+------------------------------------------+
| PartitionUnion_13            | 23333.33 | root      |                       |                                          |
| ├─TableReader_16             | 3333.33  | root      |                       | data:Selection_15                        |
| │ └─Selection_15             | 3333.33  | cop[tikv] |                       | gt(test.t.a, 1949-10-10 00:00:00.000000) |
| │   └─TableFullScan_14       | 10000.00 | cop[tikv] | table:t, partition:p0 | keep order:false, stats:pseudo           |
| ├─TableReader_19             | 3333.33  | root      |                       | data:Selection_18                        |
| │ └─Selection_18             | 3333.33  | cop[tikv] |                       | gt(test.t.a, 1949-10-10 00:00:00.000000) |
| │   └─TableFullScan_17       | 10000.00 | cop[tikv] | table:t, partition:p1 | keep order:false, stats:pseudo           |
| ├─TableReader_22             | 3333.33  | root      |                       | data:Selection_21                        |
| │ └─Selection_21             | 3333.33  | cop[tikv] |                       | gt(test.t.a, 1949-10-10 00:00:00.000000) |
| │   └─TableFullScan_20       | 10000.00 | cop[tikv] | table:t, partition:p2 | keep order:false, stats:pseudo           |
| ├─TableReader_25             | 3333.33  | root      |                       | data:Selection_24                        |
| │ └─Selection_24             | 3333.33  | cop[tikv] |                       | gt(test.t.a, 1949-10-10 00:00:00.000000) |
| │   └─TableFullScan_23       | 10000.00 | cop[tikv] | table:t, partition:p3 | keep order:false, stats:pseudo           |
| ├─TableReader_28             | 3333.33  | root      |                       | data:Selection_27                        |
| │ └─Selection_27             | 3333.33  | cop[tikv] |                       | gt(test.t.a, 1949-10-10 00:00:00.000000) |
| │   └─TableFullScan_26       | 10000.00 | cop[tikv] | table:t, partition:p4 | keep order:false, stats:pseudo           |
| ├─TableReader_31             | 3333.33  | root      |                       | data:Selection_30                        |
| │ └─Selection_30             | 3333.33  | cop[tikv] |                       | gt(test.t.a, 1949-10-10 00:00:00.000000) |
| │   └─TableFullScan_29       | 10000.00 | cop[tikv] | table:t, partition:p5 | keep order:false, stats:pseudo           |
| └─TableReader_34             | 3333.33  | root      |                       | data:Selection_33                        |
|   └─Selection_33             | 3333.33  | cop[tikv] |                       | gt(test.t.a, 1949-10-10 00:00:00.000000) |
|     └─TableFullScan_32       | 10000.00 | cop[tikv] | table:t, partition:p6 | keep order:false, stats:pseudo           |
+------------------------------+----------+-----------+-----------------------+------------------------------------------+
22 rows in set (0,00 sec)
```

### 4. What is your TiDB version? (Required)

<!-- Paste the output of SELECT tidb_version() -->
```
tidb_version(): Release Version: v6.3.0-alpha-194-gcdcbfc838a
Edition: Community
Git Commit Hash: cdcbfc838ab3d4768d5761181ca9f3ee361811ce
Git Branch: master
UTC Build Time: 2022-09-08 11:57:31
GoVersion: go1.19
Race Enabled: false
TiKV Min Version: 6.2.0-alpha
Check Table Before Drop: false
Store: unistore
```
