ID: 37837
Title: `inl_hash_join` hint has not taken effect
Description:
## Bug Report

Please answer these questions before submitting your issue. Thanks!

### 1. Minimal reproduce step (Required)
```sql
CREATE TABLE `t` (  `id` int primary key,  `a` bigint(20) DEFAULT NULL,  `b` char(20) DEFAULT NULL,  `c` datetime DEFAULT NULL,  `d` double DEFAULT NULL,  `e` json DEFAULT NULL,  `f` decimal(40,6) DEFAULT NULL,  KEY `a` (`a`),  KEY `b` (`b`),  KEY `c` (`c`),  KEY `d` (`d`),  KEY `f` (`f`)) ENGINE=InnoDB DEFAULT CHARSET=utf8mb4 COLLATE=utf8mb4_bin;

explain select /*+ inl_hash_join (t1) */ * from t t1 join t t2 on t1.d=t2.e;
```
<!-- a step by step guide for reproducing the bug. -->

### 2. What did you expect to see? (Required)
using index hash join
### 3. What did you see instead (Required)
```sql
-------------------------+----------+-----------+---------------+---------------------------------------------------------------------------------------------------------------+
| id                      | estRows  | task      | access object | operator info                                                                                                 |
+-------------------------+----------+-----------+---------------+---------------------------------------------------------------------------------------------------------------+
| HashJoin_8              | 12500.00 | root      |               | inner join, equal:[eq(Column#15, test.t.e)]                                                                   |
| ├─TableReader_14(Build) | 10000.00 | root      |               | data:TableFullScan_13                                                                                         |
| │ └─TableFullScan_13    | 10000.00 | cop[tikv] | table:t2      | keep order:false, stats:pseudo                                                                                |
| └─Projection_10(Probe)  | 10000.00 | root      |               | test.t.id, test.t.a, test.t.b, test.t.c, test.t.d, test.t.e, test.t.f, cast(test.t.d, json BINARY)->Column#15 |
|   └─TableReader_12      | 10000.00 | root      |               | data:TableFullScan_11                                                                                         |
|     └─TableFullScan_11  | 10000.00 | cop[tikv] | table:t1      | keep order:false, stats:pseudo                                                                                |
+-------------------------+----------+-----------+---------------+---------------------------------------------------------------------------------------------------------------+
```
### 4. What is your TiDB version? (Required)
```sql
MySQL root@127.0.0.1:test> select tidb_version()\G
***************************[ 1. row ]***************************
tidb_version() | Release Version: v6.3.0-alpha
Edition: Community
Git Commit Hash: 899bd79686f677f531caa165053a28aaea3191c9
Git Branch: heads/refs/tags/v6.3.0-alpha
UTC Build Time: 2022-09-13 14:25:20
GoVersion: go1.19
Race Enabled: false
TiKV Min Version: 6.2.0-alpha
Check Table Before Drop: false
Store: unistore
```
<!-- Paste the output of SELECT tidb_version() -->

