ID: 37885
Title: The hint `READ_FROM_STORAGE` not work for views
Description:
## Bug Report

Please answer these questions before submitting your issue. Thanks!

### 1. Minimal reproduce step (Required)

`mysql --connect-timeout 15 -u '3sDg3oSF1k7eu15.root' -h [gateway01.ap-northeast-1.prod.aws.tidbcloud.com](http://gateway01.ap-northeast-1.prod.aws.tidbcloud.com/) -P 4000 -D test -p`

You can use your own tidb-cloud dev_tier.

```
use gharchive_dev;
create view v1 as select * from github_events;
explain select /*+ READ_FROM_STORAGE(TIFLASH[github_events]) */ * from v1 where id = 1;
```

<!-- a step by step guide for reproducing the bug. -->

### 2. What did you expect to see? (Required)

The plan should use TiFlash as the storage engine.

### 3. What did you see instead (Required)

```
mysql> explain select * from v1 where id=100;
+--------------------------------+---------+-----------+----------------------------------------------------------+-----------------------------------+
| id                             | estRows | task      | access object                                            | operator info                     |
+--------------------------------+---------+-----------+----------------------------------------------------------+-----------------------------------+
| IndexLookUp_15                 | 0.00    | root      |                                                          |                                   |
| ├─IndexRangeScan_13(Build)     | 0.00    | cop[tikv] | table:github_events, index:index_github_events_on_id(id) | range:[100,100], keep order:false |
| └─TableRowIDScan_14(Probe)     | 0.00    | cop[tikv] | table:github_events                                      | keep order:false                  |
+--------------------------------+---------+-----------+----------------------------------------------------------+-----------------------------------+
3 rows in set (0.14 sec)

mysql> explain select /*+ READ_FROM_STORAGE(TIFLASH[github_events]) */ * from v1 where id=100;
+--------------------------------+---------+-----------+----------------------------------------------------------+-----------------------------------+
| id                             | estRows | task      | access object                                            | operator info                     |
+--------------------------------+---------+-----------+----------------------------------------------------------+-----------------------------------+
| IndexLookUp_15                 | 0.00    | root      |                                                          |                                   |
| ├─IndexRangeScan_13(Build)     | 0.00    | cop[tikv] | table:github_events, index:index_github_events_on_id(id) | range:[100,100], keep order:false |
| └─TableRowIDScan_14(Probe)     | 0.00    | cop[tikv] | table:github_events                                      | keep order:false                  |
+--------------------------------+---------+-----------+----------------------------------------------------------+-----------------------------------+
3 rows in set, 1 warning (0.14 sec)

mysql> show warnings;
+---------+------+------------------------------------------------------------------------------------------------------------------------------------------------------------------+
| Level   | Code | Message                                                                                                                                                          |
+---------+------+------------------------------------------------------------------------------------------------------------------------------------------------------------------+
| Warning | 1815 | There are no matching table names for (github_events) in optimizer hint /*+ READ_FROM_STORAGE(tiflash[github_events]) */. Maybe you can use the table alias name |
+---------+------+------------------------------------------------------------------------------------------------------------------------------------------------------------------+
1 row in set (0.14 sec)
```

### 4. What is your TiDB version? (Required)
796fb1f0a48dc2d5acc9943bd6f42af9ccef2c0d

<!-- Paste the output of SELECT tidb_version() -->

