ID: 38185
Title: Predicate out of bounds, equivalence query get wrong estrows
Description:
## Bug Report
Predicate out of bounds, equivalence query get wrong estrows
Please answer these questions before submitting your issue. Thanks!

### 1. Minimal reproduce step (Required)
```
MySQL [test]> create table test(  `CHECK_ID` bigint(20) DEFAULT NULL);
MySQL [test]> insert into test values(1);
MySQL [test]> insert into test select * from test;
MySQL [test]> insert into test select * from test;
MySQL [test]> insert into test select * from test;
MySQL [test]> insert into test select * from test;
MySQL [test]> insert into test select * from test;
MySQL [test]> insert into test select * from test;
MySQL [test]> insert into test select * from test;
MySQL [test]> insert into test select * from test;
MySQL [test]> insert into test select * from test;
MySQL [test]> insert into test select * from test;
MySQL [test]> insert into test select * from test;
MySQL [test]> insert into test select * from test;
MySQL [test]> insert into test select * from test;
MySQL [test]> insert into test select * from test;
MySQL [test]> insert into test select * from test;
MySQL [test]> insert into test select * from test;
MySQL [test]> analyze table test;
```
<!-- a step by step guide for reproducing the bug. -->

### 2. What did you expect to see? (Required)
```
MySQL [test]> explain select * from test where check_id=0;
+-------------------------+----------+-----------+---------------+-----------------------------------+
| id                      | estRows  | task      | access object | operator info                     |
+-------------------------+----------+-----------+---------------+-----------------------------------+
| TableReader_7           | 0.00     | root      |               | data:Selection_6                  |
| └─Selection_6           | 0.00     | cop[tikv] |               | eq(riskvigilant.test.check_id, 0) |
|   └─TableFullScan_5     | 65536.00 | cop[tikv] | table:test    | keep order:false                  |
+-------------------------+----------+-----------+---------------+-----------------------------------+

```
### 3. What did you see instead (Required)
```
mysql:[test]> explain select * from test where check_id=0;
+-------------------------+----------+-----------+---------------+-----------------------------------+
| id                      | estRows  | task      | access object | operator info                     |
+-------------------------+----------+-----------+---------------+-----------------------------------+
| TableReader_7           | 65536.00 | root      |               | data:Selection_6                  |
| └─Selection_6           | 65536.00 | cop[tikv] |               | eq(riskvigilant.test.check_id, 0) |
|   └─TableFullScan_5     | 65536.00 | cop[tikv] | table:test    | keep order:false                  |
+-------------------------+----------+-----------+---------------+-----------------------------------+
3 rows in set (0.00 sec)
```
### 4. What is your TiDB version? (Required)
v5.4.0 (v6.1.0 test ok)
<!-- Paste the output of SELECT tidb_version() -->

