ID: 38277
Title: partition prune does not work for `between ... and ...`  in some cases
Description:
## Bug Report

Please answer these questions before submitting your issue. Thanks!

### 1. Minimal reproduce step (Required)

```
CREATE TABLE `t1` (
  `id` int(11) DEFAULT NULL,
  `v` int(11) DEFAULT NULL
) ENGINE=InnoDB DEFAULT CHARSET=utf8mb4 COLLATE=utf8mb4_bin
PARTITION BY RANGE (`id`)
(PARTITION `p1` VALUES LESS THAN (10),
 PARTITION `pmax` VALUES LESS THAN (MAXVALUE));
```

```
desc select * from t1 where id between "2" and "5";
```

### 2. What did you expect to see? (Required)

partition should be purne like `id >= 2 and id <= 5`

### 3. What did you see instead (Required)

partition purne not work

```
mysql> desc select * from t1 where id between "2" and "5";
+------------------------------+----------+-----------+--------------------------+--------------------------------------------------------------------------------+
| id                           | estRows  | task      | access object            | operator info                                                                  |
+------------------------------+----------+-----------+--------------------------+--------------------------------------------------------------------------------+
| PartitionUnion_9             | 8000.80  | root      |                          |                                                                                |
| ├─TableReader_12             | 0.80     | root      |                          | data:Selection_11                                                              |
| │ └─Selection_11             | 0.80     | cop[tikv] |                          | ge(cast(test.t1.id, double BINARY), 2), le(cast(test.t1.id, double BINARY), 5) |
| │   └─TableFullScan_10       | 1.00     | cop[tikv] | table:t1, partition:p1   | keep order:false, stats:pseudo                                                 |
| └─TableReader_15             | 8000.00  | root      |                          | data:Selection_14                                                              |
|   └─Selection_14             | 8000.00  | cop[tikv] |                          | ge(cast(test.t1.id, double BINARY), 2), le(cast(test.t1.id, double BINARY), 5) |
|     └─TableFullScan_13       | 10000.00 | cop[tikv] | table:t1, partition:pmax | keep order:false, stats:pseudo                                                 |
+------------------------------+----------+-----------+--------------------------+--------------------------------------------------------------------------------+
7 rows in set, 1 warning (0.01 sec)
```

### 4. What is your TiDB version? (Required)

<!-- Paste the output of SELECT tidb_version() -->

master
