ID: 38328
Title: In left join, index join cannot be enforced when in is a single value in the where condition
Description:
## Bug Report

Please answer these questions before submitting your issue. Thanks!

### 1. Minimal reproduce step (Required)

<!-- a step by step guide for reproducing the bug. -->
```
CREATE TABLE `t1` (
  `id` int(11) DEFAULT NULL,
  `name` varchar(20) DEFAULT NULL,
  KEY `idx_n` (`name`)
) ENGINE=InnoDB DEFAULT CHARSET=utf8mb4 COLLATE=utf8mb4_bin;
```

```
CREATE TABLE `t2` (
  `id` int(11) DEFAULT NULL,
  `name` varchar(20) DEFAULT NULL,
  KEY `idx_n` (`name`)
) ENGINE=InnoDB DEFAULT CHARSET=utf8mb4 COLLATE=utf8mb4_bin
```

explain select /*+ INL_JOIN(t1,t2)*/ t1.id,t1.name,t2.id,t2.name from t1 left join t2 on t1.name=t2.name where t1.name in ('abc');

### 2. What did you expect to see? (Required)

+------------------------------------+---------+-----------+-----------------------------+----------------------------------------------------------------------------------------------------------------------------------+
| id                                 | estRows | task      | access object               | operator info                                                                                                                    |
+------------------------------------+---------+-----------+-----------------------------+----------------------------------------------------------------------------------------------------------------------------------+
| IndexJoin_12                       | 10.00   | root      |                             | left outer join, inner:IndexLookUp_11, outer key:test.t1.name, inner key:test.t2.name, equal cond:eq(test.t1.name, test.t2.name) |
| ├─IndexLookUp_27(Build)            | 10.00   | root      |                             |                                                                                                                                  |
| │ ├─IndexRangeScan_25(Build)       | 10.00   | cop[tikv] | table:t1, index:idx_n(name) | range:["abc","abc"], keep order:false, stats:pseudo                                                                              |
| │ └─TableRowIDScan_26(Probe)       | 10.00   | cop[tikv] | table:t1                    | keep order:false, stats:pseudo                                                                                                   |
| └─IndexLookUp_11(Probe)            | 1.00    | root      |                             |                                                                                                                                  |
|   ├─Selection_10(Build)            | 1.00    | cop[tikv] |                             | eq(test.t2.name, "abc"), not(isnull(test.t2.name))                                                                               |
|   │ └─IndexRangeScan_8             | 1250.00 | cop[tikv] | table:t2, index:idx_n(name) | range: decided by [eq(test.t2.name, test.t1.name)], keep order:false, stats:pseudo                                               |
|   └─TableRowIDScan_9(Probe)        | 1.00    | cop[tikv] | table:t2                    | keep order:false, stats:pseudo                                                                                                   |
+------------------------------------+---------+-----------+-----------------------------+----------------------------------------------------------------------------------------------------------------------------------+

### 3. What did you see instead (Required)
+------------------------------------+---------+-----------+-----------------------------+-----------------------------------------------------+
| id                                 | estRows | task      | access object               | operator info                                       |
+------------------------------------+---------+-----------+-----------------------------+-----------------------------------------------------+
| HashJoin_7                         | 100.00  | root      |                             | CARTESIAN left outer join                           |
| ├─IndexLookUp_20(Build)            | 10.00   | root      |                             |                                                     |
| │ ├─IndexRangeScan_18(Build)       | 10.00   | cop[tikv] | table:t2, index:idx_n(name) | range:["abc","abc"], keep order:false, stats:pseudo |
| │ └─TableRowIDScan_19(Probe)       | 10.00   | cop[tikv] | table:t2                    | keep order:false, stats:pseudo                      |
| └─IndexLookUp_14(Probe)            | 10.00   | root      |                             |                                                     |
|   ├─IndexRangeScan_12(Build)       | 10.00   | cop[tikv] | table:t1, index:idx_n(name) | range:["abc","abc"], keep order:false, stats:pseudo |
|   └─TableRowIDScan_13(Probe)       | 10.00   | cop[tikv] | table:t1                    | keep order:false, stats:pseudo                      |
+------------------------------------+---------+-----------+-----------------------------+-----------------------------------------------------+


### 4. What is your TiDB version? (Required)

6.1.0

<!-- Paste the output of SELECT tidb_version() -->

