ID: 39506
Title: ```Can't find column``` when count star rewriter is enable
Description:
## Bug Report

```
MySQL [test]> explain select count(*) from github_events_1;
ERROR 1105 (HY000): Can't find column test.github_events_1.test_count in schema Column: [Column#8] Unique key: []
```

### 1. Minimal reproduce step (Required)

1. create table with a not null and not key column
```
CREATE TABLE `github_events_1` (
  `id` bigint(20) DEFAULT NULL,
  `test_count` tinyint(1) NOT NULL DEFAULT '1',
  KEY `index_github_events_on_id` (`id`)
) ENGINE=InnoDB DEFAULT CHARSET=utf8mb4 COLLATE=utf8mb4_unicode_ci
```
2. add a tiflash replica
```
alter table github_events_1 set tiflash replica 1;
```
3. remove tiflash read engine
```
set tidb_isolation_read_engines = "tikv,tidb";
```
4. query count(*)
```
 explain select count(*) from github_events_1;
ERROR 1105 (HY000): Can't find column test.github_events_1.test_count in schema Column: [Column#8] Unique key: []
```

### 2. What did you expect to see? (Required)

```
MySQL [test]> explain select count(*) from github_events_1;
+----------------------------+----------+-------------------+-----------------------+---------------------------------------------------------+
| id                         | estRows  | task              | access object         | operator info                                           |
+----------------------------+----------+-------------------+-----------------------+---------------------------------------------------------+
| StreamAgg_30               | 1.00     | root              |                       | funcs:count(Column#13)->Column#4                        |
| └─TableReader_31           | 1.00     | root              |                       | data:StreamAgg_10                                       |
|   └─StreamAgg_10           | 1.00     | cop[tikv]  |                       | funcs:count(test.github_events_1._tidb_rowid)->Column#13 |
|     └─TableFullScan_28     | 10000.00 | cop[tikv]  | table:github_events_1 | keep order:false, stats:pseudo                          |
+----------------------------+----------+-------------------+-----------------------+---------------------------------------------------------+
4 rows in set (0.00 sec)
```

### 3. What did you see instead (Required)
```
 explain select count(*) from github_events_1;
ERROR 1105 (HY000): Can't find column test.github_events_1.test_count in schema Column: [Column#8] Unique key: []
```


### 4. What is your TiDB version? (Required)

After tidb 6.4 , before tidb 6.5
master branch
