ID: 39510
Title: The partition table shouldn't be expand to PartitionUnion when the partition table in the CTE and CTE can be merged
Description:
## Bug Report

Please answer these questions before submitting your issue. Thanks!

### 1. Minimal reproduce step (Required)
```
CREATE TABLE t1 (
    col1 INT NOT NULL,
    col2 DATE NOT NULL,
    col3 INT NOT NULL,
    col4 INT NOT NULL
)
PARTITION BY HASH(col3)
PARTITIONS 4;

explain with CTE as (select col1, col2 from t1 where col4 > 1) select col1 from CTE where col2 > 2;
```

<!-- a step by step guide for reproducing the bug. -->

### 2. What did you expect to see? (Required)
The partition table shouldn't be expanded to the partitionUnion.

### 3. What did you see instead (Required)
```
mysql> explain with CTE as (select col1, col2 from t1 where col4 > 1) select col1 from CTE where col2 > 2;
+--------------------------------+----------+-----------+------------------------+---------------------------------------------------------------+
| id                             | estRows  | task      | access object          | operator info                                                 |
+--------------------------------+----------+-----------+------------------------+---------------------------------------------------------------+
| Projection_16                  | 10666.67 | root      |                        | test.t1.col1                                                  |
| └─PartitionUnion_17            | 10666.67 | root      |                        |                                                               |
|   ├─TableReader_20             | 2666.67  | root      |                        | data:Selection_19                                             |
|   │ └─Selection_19             | 2666.67  | cop[tikv] |                        | gt(cast(test.t1.col2, double BINARY), 2), gt(test.t1.col4, 1) |
|   │   └─TableFullScan_18       | 10000.00 | cop[tikv] | table:t1, partition:p0 | keep order:false, stats:pseudo                                |
|   ├─TableReader_23             | 2666.67  | root      |                        | data:Selection_22                                             |
|   │ └─Selection_22             | 2666.67  | cop[tikv] |                        | gt(cast(test.t1.col2, double BINARY), 2), gt(test.t1.col4, 1) |
|   │   └─TableFullScan_21       | 10000.00 | cop[tikv] | table:t1, partition:p1 | keep order:false, stats:pseudo                                |
|   ├─TableReader_26             | 2666.67  | root      |                        | data:Selection_25                                             |
|   │ └─Selection_25             | 2666.67  | cop[tikv] |                        | gt(cast(test.t1.col2, double BINARY), 2), gt(test.t1.col4, 1) |
|   │   └─TableFullScan_24       | 10000.00 | cop[tikv] | table:t1, partition:p2 | keep order:false, stats:pseudo                                |
|   └─TableReader_29             | 2666.67  | root      |                        | data:Selection_28                                             |
|     └─Selection_28             | 2666.67  | cop[tikv] |                        | gt(cast(test.t1.col2, double BINARY), 2), gt(test.t1.col4, 1) |
|       └─TableFullScan_27       | 10000.00 | cop[tikv] | table:t1, partition:p3 | keep order:false, stats:pseudo                                |
+--------------------------------+----------+-----------+------------------------+---------------------------------------------------------------+
14 rows in set, 2 warnings (0.00 sec)
```

### 4. What is your TiDB version? (Required)

<!-- Paste the output of SELECT tidb_version() -->

latest master