ID: 39543
Title: batch point get read from tiflash
Description:
## Bug Report

Please answer these questions before submitting your issue. Thanks!

### 1. Minimal reproduce step (Required)

<!-- a step by step guide for reproducing the bug. -->
```
use test;
drop table if exists t;
create table t(a int, b int, c int, primary key(a, b));
insert into t values(1,2,3), (4,5,6);
alter table t set tiflash replica 1;
select sleep(10);
set tidb_enable_tiflash_read_for_write_stmt = on;
set tidb_isolation_read_engines='tidb, tiflash';

begin;
explain select a, b from t where a = 1 and b in (1,2) for update;
```
### 2. What did you expect to see? (Required)
```
MySQL [TWTXNBatchPointGetPK_JRTMDF]> begin;
Query OK, 0 rows affected (0.00 sec)

MySQL [TWTXNBatchPointGetPK_JRTMDF]> explain select a, b from t where a = 1 and b in ( 1, 2) for update;
ERROR 1815 (HY000): Internal : Can't find a proper physical plan for this query
```

### 3. What did you see instead (Required)
```
MySQL [TWTXNBatchPointGetPK_JRTMDF]> begin;
Query OK, 0 rows affected (0.00 sec)

MySQL [TWTXNBatchPointGetPK_JRTMDF]> explain select a, b from t where a = 1 and b in ( 1, 2) for update;
+--------------------------+---------+--------------+---------------+------------------------------------------------------------+
| id                       | estRows | task         | access object | operator info                                              |
+--------------------------+---------+--------------+---------------+------------------------------------------------------------+
| SelectLock_6             | 0.00    | root         |               | for update 0                                               |
| └─TableReader_8          | 2.00    | root         |               | data:TableRangeScan_7                                      |
|   └─TableRangeScan_7     | 2.00    | cop[tiflash] | table:t       | range:[1 1,1 1], [1 2,1 2], keep order:false, stats:pseudo |
+--------------------------+---------+--------------+---------------+------------------------------------------------------------+
3 rows in set (0.00 sec)
```
### 4. What is your TiDB version? (Required)

<!-- Paste the output of SELECT tidb_version() -->
```
Release Version: v6.5.0-alpha
Edition: Community
Git Commit Hash: 30a84140e597e9eafca6aa64edb752e0518f0f5e
Git Branch: heads/refs/tags/v6.5.0-alpha
UTC Build Time: 2022-11-30 14:34:05
GoVersion: go1.19.3
Race Enabled: false
TiKV Min Version: 6.2.0-alpha
Check Table Before Drop: false
Store: tikv
```
