ID: 40717
Title: HashAgg cannot pushdown to tiflash_compute node for static pruning partition table
Description:
## Bug Report

Please answer these questions before submitting your issue. Thanks!

### 1. Minimal reproduce step (Required)
1. Deploy cluster in **disaggregated-tiflash mode**(check [example config topo](https://github.com/guo-shaoge/tiflash/blob/disaggregated_tiflash_deploy/etc/disaggregated_tiflash.yaml))
  1.1. Set tidb.toml `disaggregated-tiflash` as true.
  1.2. Set tiflash config: `flash.disaggregated_mode` as `tiflash_compute` or `tiflash_storage`
4. Force use `static pruning` for partition table: `set @@tidb_partition_prune_mode = 'static';` (because in dynamic mode, HashAgg can be pushdown to tiflash_compute node.)
5. Create table and run query as following:
```
drop table if exists t1;
create table t1(c1 int, c2 int) partition by hash(c1) partitions 3;
alter table t1 set tiflash replica 1;
set @@tidb_isolation_read_engines = 'tiflash';
explain select count(1) from t1; 
```
<!-- a step by step guide for reproducing the bug. -->

### 2. What did you expect to see? (Required)
HashAgg can push down to tiflash_compute.

```
MySQL [test]> explain select count(1) from t1;
+----------------------------------+----------+-------------------+------------------------+----------------------------------+
| id                               | estRows  | task              | access object          | operator info                    |
+----------------------------------+----------+-------------------+------------------------+----------------------------------+
| HashAgg_17                       | 1.00     | root              |                        | funcs:count(Column#5)->Column#4  |
| └─PartitionUnion_18              | 3.00     | root              |                        |                                  |
|   ├─StreamAgg_33                 | 1.00     | root              |                        | funcs:count(Column#7)->Column#5  |
|   │ └─TableReader_34             | 1.00     | root              |                        | data:StreamAgg_24                |
|   │   └─StreamAgg_24             | 1.00     | batchCop[tiflash] |                        | funcs:count(1)->Column#7         |
|   │     └─TableFullScan_32       | 10000.00 | batchCop[tiflash] | table:t1, partition:p0 | keep order:false, stats:pseudo   |
|   ├─StreamAgg_50                 | 1.00     | root              |                        | funcs:count(Column#9)->Column#5  |
|   │ └─TableReader_51             | 1.00     | root              |                        | data:StreamAgg_41                |
|   │   └─StreamAgg_41             | 1.00     | batchCop[tiflash] |                        | funcs:count(1)->Column#9         |
|   │     └─TableFullScan_49       | 10000.00 | batchCop[tiflash] | table:t1, partition:p1 | keep order:false, stats:pseudo   |
|   └─StreamAgg_67                 | 1.00     | root              |                        | funcs:count(Column#11)->Column#5 |
|     └─TableReader_68             | 1.00     | root              |                        | data:StreamAgg_58                |
|       └─StreamAgg_58             | 1.00     | batchCop[tiflash] |                        | funcs:count(1)->Column#11        |
|         └─TableFullScan_66       | 10000.00 | batchCop[tiflash] | table:t1, partition:p2 | keep order:false, stats:pseudo   |
+----------------------------------+----------+-------------------+------------------------+----------------------------------+
14 rows in set, 1 warning (0.002 sec)
```

### 3. What did you see instead (Required)
HashAgg didn't push down to tiflash_compute.

```
MySQL [test]> explain select count(1) from t1;
+----------------------------------+----------+--------------+------------------------+---------------------------------+
| id                               | estRows  | task         | access object          | operator info                   |
+----------------------------------+----------+--------------+------------------------+---------------------------------+
| HashAgg_17                       | 1.00     | root         |                        | funcs:count(Column#5)->Column#4 |
| └─PartitionUnion_18              | 3.00     | root         |                        |                                 |
|   ├─HashAgg_22                   | 1.00     | root         |                        | funcs:count(1)->Column#5        |
|   │ └─TableReader_34             | 10000.00 | root         |                        | data:ExchangeSender_33          |
|   │   └─ExchangeSender_33        | 10000.00 | mpp[tiflash] |                        | ExchangeType: PassThrough       |
|   │     └─TableFullScan_32       | 10000.00 | mpp[tiflash] | table:t1, partition:p0 | keep order:false, stats:pseudo  |
|   ├─HashAgg_47                   | 1.00     | root         |                        | funcs:count(1)->Column#5        |
|   │ └─TableReader_59             | 10000.00 | root         |                        | data:ExchangeSender_58          |
|   │   └─ExchangeSender_58        | 10000.00 | mpp[tiflash] |                        | ExchangeType: PassThrough       |
|   │     └─TableFullScan_57       | 10000.00 | mpp[tiflash] | table:t1, partition:p1 | keep order:false, stats:pseudo  |
|   └─HashAgg_72                   | 1.00     | root         |                        | funcs:count(1)->Column#5        |
|     └─TableReader_84             | 10000.00 | root         |                        | data:ExchangeSender_83          |
|       └─ExchangeSender_83        | 10000.00 | mpp[tiflash] |                        | ExchangeType: PassThrough       |
|         └─TableFullScan_82       | 10000.00 | mpp[tiflash] | table:t1, partition:p2 | keep order:false, stats:pseudo  |
+----------------------------------+----------+--------------+------------------------+---------------------------------+
14 rows in set, 1 warning (0.003 sec)
```
### 4. What is your TiDB version? (Required)
v6.6.0-alpha
<!-- Paste the output of SELECT tidb_version() -->

