ID: 41572
Title: Optimal ranges cannot be built in some case
Description:
## Bug Report

Please answer these questions before submitting your issue. Thanks!

### 1. Minimal reproduce step (Required)
```
create table t(id int, a varchar(100), b int, c int, index idx_ab(a, b));
explain select id, c from t use index (idx_ab) where ((a = 't' and b = 1) or (a = 't' and b = 2) or (a = 'w' and b = 0)) and c != 0;
```

### 2. What did you expect to see? (Required)
```
mysql> explain select id, c from t use index (idx_ab) where ((a = 't' and b = 1) or (a = 't' and b = 2) or (a = 'w' and b = 0)) and c != 0;
+---------------------------------+---------+-----------+-----------------------------+-----------------------------------------------------------------------------------+
| id                              | estRows | task      | access object               | operator info                                                                     |
+---------------------------------+---------+-----------+-----------------------------+-----------------------------------------------------------------------------------+
| Projection_4                    | 0.20    | root      |                             | test.t.id, test.t.c                                                               |
| └─IndexLookUp_8                 | 0.20    | root      |                             |                                                                                   |
|   ├─IndexRangeScan_5(Build)     | 0.30    | cop[tikv] | table:t, index:idx_ab(a, b) | range:["t" 1,"t" 2], ["w" 0,"w" 0], keep order:false, stats:pseudo |
|   └─Selection_7(Probe)          | 0.20    | cop[tikv] |                             | ne(test.t.c, 0)                                                                   |
|     └─TableRowIDScan_6          | 0.30    | cop[tikv] | table:t                     | keep order:false, stats:pseudo                                                    |
+---------------------------------+---------+-----------+-----------------------------+-----------------------------------------------------------------------------------+
5 rows in set (0.00 sec)
```

### 3. What did you see instead (Required)
```
mysql> explain select id, c from t use index (idx_ab) where ((a = 't' and b = 1) or (a = 't' and b = 2) or (a = 'w' and b = 0)) and c != 0;
+------------------------------+---------+-----------+-----------------------------+-----------------------------------------------------------------------------------------------------------------------------------+
| id                           | estRows | task      | access object               | operator info                                                                                                                     |
+------------------------------+---------+-----------+-----------------------------+-----------------------------------------------------------------------------------------------------------------------------------+
| Projection_4                 | 0.20    | root      |                             | test.t.id, test.t.c                                                                                                               |
| └─IndexLookUp_9              | 0.20    | root      |                             |                                                                                                                                   |
|   ├─Selection_7(Build)       | 0.20    | cop[tikv] |                             | or(and(eq(test.t.a, "t"), eq(test.t.b, 1)), or(and(eq(test.t.a, "t"), eq(test.t.b, 2)), and(eq(test.t.a, "w"), eq(test.t.b, 0)))) |
|   │ └─IndexRangeScan_5       | 20.00   | cop[tikv] | table:t, index:idx_ab(a, b) | range:["t","t"], ["w","w"], keep order:false, stats:pseudo                                                                        |
|   └─Selection_8(Probe)       | 0.20    | cop[tikv] |                             | ne(test.t.c, 0)                                                                                                                   |
|     └─TableRowIDScan_6       | 0.20    | cop[tikv] | table:t                     | keep order:false, stats:pseudo                                                                                                    |
+------------------------------+---------+-----------+-----------------------------+-----------------------------------------------------------------------------------------------------------------------------------+
6 rows in set (0.00 sec)
```

### 4. What is your TiDB version? (Required)
master

