ID: 42729
Title: The plan for `BenchmarkIntegerIndexLookup` test not include `indexLookUp`
Description:
## Bug Report

Please answer these questions before submitting your issue. Thanks!

### 1. Minimal reproduce step (Required)

### 2. What did you expect to see? (Required)
The plan should have `indexLookUp` like
```
mysql> explain select * from t where col = 64;
+-------------------------------+---------+-----------+-------------------------+-----------------------------------------------+
| id                            | estRows | task      | access object           | operator info                                 |
+-------------------------------+---------+-----------+-------------------------+-----------------------------------------------+
| IndexLookUp_10                | 10.00   | root      |                         |                                               |
| ├─IndexRangeScan_8(Build)     | 10.00   | cop[tikv] | table:t, index:idx(col) | range:[64,64], keep order:false, stats:pseudo |
| └─TableRowIDScan_9(Probe)     | 10.00   | cop[tikv] | table:t                 | keep order:false, stats:pseudo                |
+-------------------------------+---------+-----------+-------------------------+-----------------------------------------------+
3 rows in set (0.00 sec)
```

### 3. What did you see instead (Required)
Only have `indexRangeScan` like
```
mysql> explain select * from t where col = 64;
+------------------------+---------+-----------+-------------------------+-----------------------------------------------+
| id                     | estRows | task      | access object           | operator info                                 |
+------------------------+---------+-----------+-------------------------+-----------------------------------------------+
| IndexReader_6          | 10.00   | root      |                         | index:IndexRangeScan_5                        |
| └─IndexRangeScan_5     | 10.00   | cop[tikv] | table:t, index:idx(col) | range:[64,64], keep order:false, stats:pseudo |
+------------------------+---------+-----------+-------------------------+-----------------------------------------------+
2 rows in set (0.01 sec)
```

### 4. What is your TiDB version? (Required)

<!-- Paste the output of SELECT tidb_version() -->

