ID: 45379
Title: NULL value generated by left outer join cannot be filtered by other condition on the join
Description:
## Bug Report

Please answer these questions before submitting your issue. Thanks!

### 1. Minimal reproduce step (Required)

```sql
create table t1(id int, a varchar(10), b varchar(10), dt datetime);
insert into t1 values(1, 1001, 2001, '2023-07-16 17:01:00'),(2, 1002, 2002, '2023-07-16 17:02:00'),(3, 1003, 2003, '2023-07-16 17:03:00');
create table t2(id int, b varchar(10), c varchar(10));
insert into t2 values(1,2001,1111),(2,2002,1111),(3,2003,1111);
create table t3(id int, a varchar(10), d varchar(10));
insert into t3 values(1,1001,2222),(2,1002,2222);

create view v(dt, c, d1) as 
  select 
    t1.dt as dt, 
    t2.c as c, 
    case when t2.c=1 then 1 when t2.c=2 then 2 else t3.d end as d1 
  from t1 
  left join t3 on t1.a=t3.a 
  join t2 on t2.b=t1.b;
select * from v 
where c='1111' and d1='2222' 
and dt between '2023-07-16 17:00:00' and '2023-07-16 17:04:00';
```

### 2. What did you expect to see? (Required)

```
+---------------------+------+------+
| dt                  | c    | d1   |
+---------------------+------+------+
| 2023-07-16 17:01:00 | 1111 | 2222 |
| 2023-07-16 17:02:00 | 1111 | 2222 |
+---------------------+------+------+
```
### 3. What did you see instead (Required)

```
+---------------------+------+------+
| dt                  | c    | d1   |
+---------------------+------+------+
| 2023-07-16 17:01:00 | 1111 | 2222 |
| 2023-07-16 17:02:00 | 1111 | 2222 |
| 2023-07-16 17:03:00 | 1111 | NULL |
+---------------------+------+------+
```

```
> explain select * from v where c='1111' and d1='2222' and dt between '2023-07-16 17:00:00' and '2023-07-16 17:04:00';
+--------------------------------------+----------+-----------+---------------+-----------------------------------------------------------------------------------------------------------------------------------------------------------------------------------+
| id                                   | estRows  | task      | access object | operator info                                                                                                                                                                     |
+--------------------------------------+----------+-----------+---------------+-----------------------------------------------------------------------------------------------------------------------------------------------------------------------------------+
| Projection_15                        | 15.61    | root      |               | test.t1.dt, test.t2.c, case(eq(cast(test.t2.c, double BINARY), 1), 1, eq(cast(test.t2.c, double BINARY), 2), 2, test.t3.d)->Column#14                                             |
| └─Projection_16                      | 15.61    | root      |               | test.t1.dt, test.t3.d, test.t2.c                                                                                                                                                  |
|   └─HashJoin_18                      | 15.61    | root      |               | left outer join, equal:[eq(test.t1.a, test.t3.a)], other cond:eq(case(eq(cast(test.t2.c, double BINARY), 1), "1", eq(cast(test.t2.c, double BINARY), 2), "2", test.t3.d), "2222") |
|     ├─HashJoin_20(Build)             | 12.49    | root      |               | inner join, equal:[eq(test.t2.b, test.t1.b)]                                                                                                                                      |
|     │ ├─TableReader_23(Build)        | 9.99     | root      |               | data:Selection_22                                                                                                                                                                 |
|     │ │ └─Selection_22               | 9.99     | cop[tikv] |               | eq(test.t2.c, "1111"), not(isnull(test.t2.b))                                                                                                                                     |
|     │ │   └─TableFullScan_21         | 10000.00 | cop[tikv] | table:t2      | keep order:false, stats:pseudo                                                                                                                                                    |
|     │ └─TableReader_26(Probe)        | 249.75   | root      |               | data:Selection_25                                                                                                                                                                 |
|     │   └─Selection_25               | 249.75   | cop[tikv] |               | ge(test.t1.dt, 2023-07-16 17:00:00.000000), le(test.t1.dt, 2023-07-16 17:04:00.000000), not(isnull(test.t1.b))                                                                    |
|     │     └─TableFullScan_24         | 10000.00 | cop[tikv] | table:t1      | keep order:false, stats:pseudo                                                                                                                                                    |
|     └─TableReader_29(Probe)          | 9990.00  | root      |               | data:Selection_28                                                                                                                                                                 |
|       └─Selection_28                 | 9990.00  | cop[tikv] |               | not(isnull(test.t3.a))                                                                                                                                                            |
|         └─TableFullScan_27           | 10000.00 | cop[tikv] | table:t3      | keep order:false, stats:pseudo                                                                                                                                                    |
+--------------------------------------+----------+-----------+---------------+-----------------------------------------------------------------------------------------------------------------------------------------------------------------------------------+
```

### 4. What is your TiDB version? (Required)

v7.1.0

