ID: 46316
Title: String should not use signed array index for member of function.
Description:
## Bug Report

Please answer these questions before submitting your issue. Thanks!

### 1. Minimal reproduce step (Required)

<!-- a step by step guide for reproducing the bug. -->
```
create table t(
a int, j0 json, j1 json,
index j0_0((cast(j0->'$.path0' as signed array))));
insert into t values(1, '{\"path0\" : [1,2,3]}', null ); 
select /*+ use_index_merge(t, j0_0) */ a from t where ('1' member of (j0->'$.path0'));
```

### 2. What did you expect to see? (Required)
Don't use indexmerge, because `MEMBER OF` function distinguish string type and integer type for the first arg.

### 3. What did you see instead (Required)
```
tidb> desc select /*+ use_index_merge(t, j0_0) */ a from t where ('1' member of (j0->'$.path0'));
+-----------------------------------+---------+-----------+-------------------------------------------------------------------------------+---------------------------------------------------------------------------+
| id                                | estRows | task      | access object                                                                 | operator info                                                             |
+-----------------------------------+---------+-----------+-------------------------------------------------------------------------------+---------------------------------------------------------------------------+
| Projection_4                      | 0.80    | root      |                                                                               | test.t.a                                                                  |
| └─Selection_5                     | 0.80    | root      |                                                                               | json_memberof(cast("1", json BINARY), json_extract(test.t.j0, "$.path0")) |
|   └─IndexMerge_8                  | 1.00    | root      |                                                                               | type: union                                                               |
|     ├─IndexRangeScan_6(Build)     | 1.00    | cop[tikv] | table:t, index:j0_0(cast(json_extract(`j0`, _utf8'$.path0') as signed array)) | range:[1,1], keep order:false, stats:pseudo                               |
|     └─TableRowIDScan_7(Probe)     | 1.00    | cop[tikv] | table:t                                                                       | keep order:false, stats:pseudo                                            |
+-----------------------------------+---------+-----------+-------------------------------------------------------------------------------+---------------------------------------------------------------------------+
5 rows in set, 1 warning (0.001 sec)
```
### 4. What is your TiDB version? (Required)
master
<!-- Paste the output of SELECT tidb_version() -->

