ID: 48364
Title: `cast(constant)` does not do constant folding
Description:
## Bug Report

Please answer these questions before submitting your issue. Thanks!

### 1. Minimal reproduce step (Required)
```
use test;
drop table if exists test.t;
create table test.t(a json);
explain select JSON_ARRAY(a, '{\"a\" : \"b\", \"aa\" : \"bb\"}') from t;
explain select JSON_ARRAY(null, a) from t;
```

<!-- a step by step guide for reproducing the bug. -->

### 2. What did you expect to see? (Required)
There is no cast function in the output.

### 3. What did you see instead (Required)
```
mysql> explain select JSON_ARRAY(a, '{\"a\" : \"b\", \"aa\" : \"bb\"}') from t;
+-------------------------+----------+-----------+---------------+-----------------------------------------------------------------------------+
| id                      | estRows  | task      | access object | operator info                                                               |
+-------------------------+----------+-----------+---------------+-----------------------------------------------------------------------------+
| Projection_3            | 10000.00 | root      |               | json_array(test.t.a, cast({"a" : "b", "aa" : "bb"}, json BINARY))->Column#3 |
| └─TableReader_5         | 10000.00 | root      |               | data:TableFullScan_4                                                        |
|   └─TableFullScan_4     | 10000.00 | cop[tikv] | table:t       | keep order:false, stats:pseudo                                              |
+-------------------------+----------+-----------+---------------+-----------------------------------------------------------------------------+

mysql> explain select JSON_ARRAY(null, a) from t;
+-------------------------+----------+-----------+---------------+---------------------------------------+
| id                      | estRows  | task      | access object | operator info                         |
+-------------------------+----------+-----------+---------------+---------------------------------------+
| Projection_3            | 10000.00 | root      |               | json_array(<nil>, test.t.a)->Column#3 |
| └─TableReader_5         | 10000.00 | root      |               | data:TableFullScan_4                  |
|   └─TableFullScan_4     | 10000.00 | cop[tikv] | table:t       | keep order:false, stats:pseudo        |
+-------------------------+----------+-----------+---------------+---------------------------------------+
```

### 4. What is your TiDB version? (Required)
Git Commit Hash: 93bd0fc8dacb5b2e72703e1433f298ac6a6186c4

<!-- Paste the output of SELECT tidb_version() -->

