ID: 48559
Title: planner: Limit cannot be pushed down to TiKV through IndexLookUp if keep-order is true
Description:
## Bug Report

Please answer these questions before submitting your issue. Thanks!

### 1. Minimal reproduce step (Required)

```
create table ttt (a int, b int, key(a));

explain select /*+ limit_to_cop() */ * from ttt where a=1 and b=1 order by a limit 1;
```

<!-- a step by step guide for reproducing the bug. -->

### 2. What did you expect to see? (Required)

The Limit can be pushed down to TiKV.

### 3. What did you see instead (Required)

```
+------------------------------------+---------+-----------+---------------------+--------------------------------------------+
| id                                 | estRows | task      | access object       | operator info                              |
+------------------------------------+---------+-----------+---------------------+--------------------------------------------+
| Limit_12                           | 0.01    | root      |                     | offset:0, count:1                          |
| └─Projection_26                    | 0.01    | root      |                     | test.t.a, test.t.b                         |
|   └─IndexLookUp_25                 | 0.01    | root      |                     |                                            |
|     ├─IndexRangeScan_22(Build)     | 10.00   | cop[tikv] | table:t, index:a(a) | range:[1,1], keep order:true, stats:pseudo |
|     └─Selection_24(Probe)          | 0.01    | cop[tikv] |                     | eq(test.t.b, 1)                            |
|       └─TableRowIDScan_23          | 10.00   | cop[tikv] | table:t             | keep order:false, stats:pseudo             |
+------------------------------------+---------+-----------+---------------------+--------------------------------------------+
```

### 4. What is your TiDB version? (Required)

<!-- Paste the output of SELECT tidb_version() -->

```
mysql> select tidb_version();
+--------------------------------------------------------------------------------------------------------------------------------------------------------------------------------------------------------------------------------------------------------------------------------+
| tidb_version()                                                                                                                                                                                                                                                                 |
+--------------------------------------------------------------------------------------------------------------------------------------------------------------------------------------------------------------------------------------------------------------------------------+
| Release Version: v7.6.0-alpha-179-gb1d2a7583d-dirty
Edition: Community
Git Commit Hash: b1d2a7583d5e754357ff9169972f4529485867c5
Git Branch: master
UTC Build Time: 2023-11-13 10:13:34
GoVersion: go1.21.0
Race Enabled: false
Check Table Before Drop: false
Store: unistore |
+--------------------------------------------------------------------------------------------------------------------------------------------------------------------------------------------------------------------------------------------------------------------------------+
```
