ID: 48588
Title: planner: regression index merge UNION case from v7.3.0 to v7.4.0 and master
Description:
## Bug Report

Please answer these questions before submitting your issue. Thanks!

### 1. Minimal reproduce step (Required)

<!-- a step by step guide for reproducing the bug. -->
```
CREATE TABLE `t` (
  `id` int(11) NOT NULL,
  `aid` bigint(20) DEFAULT NULL,
  `c1` varchar(255) DEFAULT NULL,
  `c2` varchar(255) DEFAULT NULL,
  `d` int(11) DEFAULT NULL,
  PRIMARY KEY (`id`) /*T![clustered_index] CLUSTERED */,
  KEY `aid_c1` (`aid`,`c1`),
  KEY `aid_c2` (`aid`,`c2`)
) 
```

### 2. What did you expect to see? (Required)
```
MySQL [test]> explain select /*+ USE_INDEX_MERGE(t, aid_c1, aid_c2) */ * from t where (aid = 1 and c1='aaa') or (aid = 1 and c2='bbb') limit 1;
+--------------------------------+---------+-----------+--------------------------------+---------------------------------------------------------+
| id                             | estRows | task      | access object                  | operator info                                           |
+--------------------------------+---------+-----------+--------------------------------+---------------------------------------------------------+
| IndexMerge_20                  | 1.00    | root      |                                | type: union, limit embedded(offset:0, count:1)          |
| ├─Limit_18(Build)              | 0.01    | cop[tikv] |                                | offset:0, count:1                                       |
| │ └─IndexRangeScan_11          | 0.01    | cop[tikv] | table:t, index:aid_c1(aid, c1) | range:[1 "aaa",1 "aaa"], keep order:false, stats:pseudo |
| ├─Limit_19(Build)              | 0.01    | cop[tikv] |                                | offset:0, count:1                                       |
| │ └─IndexRangeScan_12          | 0.01    | cop[tikv] | table:t, index:aid_c2(aid, c2) | range:[1 "bbb",1 "bbb"], keep order:false, stats:pseudo |
| └─TableRowIDScan_13(Probe)     | 1.00    | cop[tikv] | table:t                        | keep order:false, stats:pseudo                          |
+--------------------------------+---------+-----------+--------------------------------+---------------------------------------------------------+
6 rows in set (0.001 sec)

```

### 3. What did you see instead (Required)
```
MySQL [test]> explain select /*+ USE_INDEX_MERGE(t, aid_c1, aid_c2) */ * from t where (aid = 1 and c1='aaa') or (aid = 1 and c2='bbb') limit 1;
+----------------------------------+---------+-----------+--------------------------------+---------------------------------------------------------+
| id                               | estRows | task      | access object                  | operator info                                           |
+----------------------------------+---------+-----------+--------------------------------+---------------------------------------------------------+
| Limit_10                         | 1.00    | root      |                                | offset:0, count:1                                       |
| └─IndexMerge_23                  | 1.00    | root      |                                | type: union                                             |
|   ├─IndexRangeScan_20(Build)     | 0.01    | cop[tikv] | table:t, index:aid_c1(aid, c1) | range:[1 "aaa",1 "aaa"], keep order:false, stats:pseudo |
|   ├─IndexRangeScan_21(Build)     | 0.01    | cop[tikv] | table:t, index:aid_c2(aid, c2) | range:[1 "bbb",1 "bbb"], keep order:false, stats:pseudo |
|   └─TableRowIDScan_22(Probe)     | 1.00    | cop[tikv] | table:t                        | keep order:false, stats:pseudo                          |
+----------------------------------+---------+-----------+--------------------------------+---------------------------------------------------------+
5 rows in set (0.001 sec)

```

### 4. What is your TiDB version? (Required)

<!-- Paste the output of SELECT tidb_version() -->



