ID: 48995
Title: `RemoveUnnecessaryFirstRow` will make `HashAgg` panic.
Description:
## Bug Report

Please answer these questions before submitting your issue. Thanks!

### 1. Minimal reproduce step (Required)

```
CREATE TABLE t (x char(3));
INSERT INTO t VALUES ('foo'), ('bar'); 
CREATE VIEW v AS SELECT 1 AS x FROM t;
SELECT DISTINCT x FROM v;
```

Explain the last `select`, it will give:

```
mysql> explain SELECT /*+ AGG_TO_COP() */ x FROM v GROUP BY x;
+---------------------------+---------+-----------+---------------+-------------------------------------------------------+
| id                        | estRows | task      | access object | operator info                                         |
+---------------------------+---------+-----------+---------------+-------------------------------------------------------+
| HashAgg_10                | 1.00    | root      |               | group by:Column#5, funcs:firstrow(Column#5)->Column#3 |
| └─TableReader_11          | 1.00    | root      |               | data:HashAgg_7                                        |
|   └─HashAgg_7             | 1.00    | cop[tikv] |               | group by:1,                                           |
|     └─TableFullScan_9     | 2.00    | cop[tikv] | table:t       | keep order:false, stats:pseudo                        |
+---------------------------+---------+-----------+---------------+-------------------------------------------------------+
4 rows in set (0.00 sec)
```

Comment out the optimization `RemoveUnnecessaryFirstRow`, it will run successfully, with the following plan:

```
mysql> explain SELECT /*+ AGG_TO_COP() */ x FROM v GROUP BY x;
+---------------------------+---------+-----------+---------------+-------------------------------------------------------+
| id                        | estRows | task      | access object | operator info                                         |
+---------------------------+---------+-----------+---------------+-------------------------------------------------------+
| HashAgg_10                | 1.00    | root      |               | group by:Column#5, funcs:firstrow(Column#6)->Column#3 |
| └─TableReader_11          | 1.00    | root      |               | data:HashAgg_7                                        |
|   └─HashAgg_7             | 1.00    | cop[tikv] |               | group by:1, funcs:firstrow("x")->Column#6             |
|     └─TableFullScan_9     | 2.00    | cop[tikv] | table:t       | keep order:false, stats:pseudo                        |
+---------------------------+---------+-----------+---------------+-------------------------------------------------------+
```

### 2. What did you expect to see? (Required)

```
+---+
| x |
+---+
| 1 |
+---+
```

### 3. What did you see instead (Required)

```
mysql> SELECT /*+ AGG_TO_COP() */ x FROM v GROUP BY x;
ERROR 1105 (HY000): runtime error: index out of range [0] with length 0
```

### 4. What is your TiDB version? (Required)

```
01d441ef8a960bba552e2ba50bedbd757931360a
```

