ID: 56918
Title: An unexpected plan output when explain cast function
Description:
## Bug Report

Please answer these questions before submitting your issue. Thanks!

### 1. Minimal reproduce step (Required)

```sql
mysql> CREATE TABLE foo2 (
    ->     a JSON NOT NULL,
    ->     b INT(10) UNSIGNED NOT NULL,
    ->     c JSON NOT NULL,
    ->     d JSON NOT NULL
    -> );
Query OK, 0 rows affected (0.05 sec)

mysql> INSERT INTO foo2 VALUES 
    ->     ('[1.1]', 1, '[1.1, 2.2, 3.3, 4.4, 5.5]', '[1, 2, 3]'),
    ->     ('[100]', 2, '[1.1, 2.2, 3.3, 4.4, 5.5]', '[1, 2, 3]');
Query OK, 2 rows affected (0.01 sec)
Records: 2  Duplicates: 0  Warnings: 0

mysql> explain SELECT REPLACE(CAST(foo2.c AS CHAR), CAST(foo2.a AS CHAR), CAST(foo2.c AS CHAR))  FROM foo2;
+-------------------------+----------+-----------+---------------+-------------------------------------------------------------------------------------------------------------------------+
| id                      | estRows  | task      | access object | operator info                                                                                                           |
+-------------------------+----------+-----------+---------------+-------------------------------------------------------------------------------------------------------------------------+
| Projection_3            | 10000.00 | root      |               | replace(cast(test.foo2.c, var_string(5)), cast(test.foo2.a, var_string(5)), cast(test.foo2.c, var_string(5)))->Column#6 |
| └─TableReader_5         | 10000.00 | root      |               | data:TableFullScan_4                                                                                                    |
|   └─TableFullScan_4     | 10000.00 | cop[tikv] | table:foo2    | keep order:false, stats:pseudo                                                                                          |
+-------------------------+----------+-----------+---------------+-------------------------------------------------------------------------------------------------------------------------+
3 rows in set (0.01 sec)
```

### 2. What did you expect to see? (Required)
`replace(cast(test.foo2.c, var_string(-1)), cast(test.foo2.a, var_string(-1)), cast(test.foo2.c, var_string(-1)))->Column#6`
### 3. What did you see instead (Required)
`replace(cast(test.foo2.c, var_string(5)), cast(test.foo2.a, var_string(5)), cast(test.foo2.c, var_string(5)))->Column#6`
### 4. What is your TiDB version? (Required)
master
<!-- Paste the output of SELECT tidb_version() -->

