ID: 59427
Title: comments style optimizer hints can't work for point get plan sometimes
Description:
## Bug Report

Please answer these questions before submitting your issue. Thanks!

### 1. Minimal reproduce step (Required)

```sql
create table t(a int, b int, c int, primary key(a,b), index ib(b));
explain select /*+ use_index(t,ib) */ * from t where a = 1 and b = 1;
explain select * from t use index (ib)  where a = 1 and b = 1;
```

### 2. What did you expect to see? (Required)

Both hints are effective.

### 3. What did you see instead (Required)

One of the hints is ineffective.

```
> create table t(a int, b int, c int, primary key(a,b), index ib(b));
Query OK, 0 rows affected (0.065 sec)

> explain select /*+ use_index(t,ib) */ * from t where a = 1 and b = 1;
+-------------+---------+------+----------------------------------------+---------------+
| id          | estRows | task | access object                          | operator info |
+-------------+---------+------+----------------------------------------+---------------+
| Point_Get_1 | 1.00    | root | table:t, clustered index:PRIMARY(a, b) |               |
+-------------+---------+------+----------------------------------------+---------------+
1 row in set (0.001 sec)

> explain select * from t use index (ib)  where a = 1 and b = 1;
+-------------------------------+---------+-----------+----------------------+---------------------------------------------+
| id                            | estRows | task      | access object        | operator info                               |
+-------------------------------+---------+-----------+----------------------+---------------------------------------------+
| IndexLookUp_8                 | 1.00    | root      |                      |                                             |
| ├─Selection_7(Build)          | 1.00    | cop[tikv] |                      | eq(test.t.a, 1)                             |
| │ └─IndexRangeScan_5          | 10.00   | cop[tikv] | table:t, index:ib(b) | range:[1,1], keep order:false, stats:pseudo |
| └─TableRowIDScan_6(Probe)     | 1.00    | cop[tikv] | table:t              | keep order:false, stats:pseudo              |
+-------------------------------+---------+-----------+----------------------+---------------------------------------------+
```

### 4. What is your TiDB version? (Required)

v8.5.1

