ID: 7663
Title: Strange index issue
Description:
## Description
```
+---------------+------------+----------+--------------+-------------+-----------+-------------+----------+--------+------+------------+---------+---------------+
| Table         | Non_unique | Key_name | Seq_in_index | Column_name | Collation | Cardinality | Sub_part | Packed | Null | Index_type | Comment | Index_comment |
+---------------+------------+----------+--------------+-------------+-----------+-------------+----------+--------+------+------------+---------+---------------+
| log_ad_result |          0 | PRIMARY  |            1 | channel     | A         |           0 |     NULL | NULL   | YES  | BTREE      |         |               |
| log_ad_result |          0 | PRIMARY  |            2 | ad_id       | A         |           0 |     NULL | NULL   | YES  | BTREE      |         |               |
| log_ad_result |          0 | PRIMARY  |            3 | ts_update   | A         |           0 |     NULL | NULL   | YES  | BTREE      |         |               |
+---------------+------------+----------+--------------+-------------+-----------+-------------+----------+--------+------+------------+---------+---------------+
mysql> select count(1) from log_ad_result use index(`PRIMARY`) WHERE ad_id='ad-3808341' limit 1;
+----------+
| count(1) |
+----------+
|       35 |
+----------+
1 row in set (3.55 sec)

mysql> select count(1) from log_ad_result use index(`PRIMARY`) WHERE ad_id='ad-3808341' and ts_update >= '2018-09-10' limit 1;
+----------+
| count(1) |
+----------+
|       36 |
+----------+
1 row in set (36.44 sec)

+----------------------------+----------+------+---------------------------------------------------------------------------------------------------------+
| id                         | count    | task | operator info                                                                                           |
+----------------------------+----------+------+---------------------------------------------------------------------------------------------------------+
| Limit_11                   | 1.00     | root | offset:0, count:1                                                                                       |
| └─StreamAgg_27             | 1.00     | root | funcs:count(col_0)                                                                                      |
|   └─IndexReader_28         | 1.00     | root | index:StreamAgg_15                                                                                      |
|     └─StreamAgg_15         | 1.00     | cop  | funcs:count(1)                                                                                          |
|       └─Selection_26       | 3333.33  | cop  | eq(log.log_ad_result.ad_id, "ad-3808341"), ge(log.log_ad_result.ts_update, 2018-09-10 00:00:00.000000)  |
|         └─IndexScan_25     | 10000.00 | cop  | table:log_ad_result, index:channel, ad_id, ts_update, range:[NULL,+inf], keep order:false, stats:pseudo |
+----------------------------+----------+------+---------------------------------------------------------------------------------------------------------+
6 rows in set (0.01 sec)


mysql> explain select count(1) from log_ad_result use index(`PRIMARY`) WHERE ad_id='ad-3808341' limit 1;
+----------------------------+----------+------+---------------------------------------------------------------------------------------------------------+
| id                         | count    | task | operator info                                                                                           |
+----------------------------+----------+------+---------------------------------------------------------------------------------------------------------+
| Limit_11                   | 1.00     | root | offset:0, count:1                                                                                       |
| └─StreamAgg_27             | 1.00     | root | funcs:count(col_0)                                                                                      |
|   └─IndexReader_28         | 1.00     | root | index:StreamAgg_15                                                                                      |
|     └─StreamAgg_15         | 1.00     | cop  | funcs:count(1)                                                                                          |
|       └─Selection_26       | 3333.33  | cop  | eq(log.log_ad_result.ad_id, "ad-3808341")                                                               |
|         └─IndexScan_25     | 10000.00 | cop  | table:log_ad_result, index:channel, ad_id, ts_update, range:[NULL,+inf], keep order:false, stats:pseudo |
+----------------------------+----------+------+---------------------------------------------------------------------------------------------------------+
6 rows in set (0.00 sec)
```

超级诡异!
## SIG slack channel

 [#sig-planner](https://slack.tidb.io/invite?team=tidb-community&channel=sig-planner&ref=high-performance)

## Score

300

## Mentor

- @lzmhhh123
