ID: 8058
Title: range info for the inner child of index join in the "explain" result is not correct
Description:
## Bug Report

```sql
drop table if exists t_outer, t_inner;
create table t_outer(a bigint, b bigint);
create table t_inner(a bigint, b bigint, index idx(a, b));

TiDB(localhost:4000) > desc select /*+ TIDB_INLJ(t_outer) */ * from t_outer left join t_inner on t_outer.b = t_inner.b and t_inner.a = 1;
+-----------------------+----------+------+-----------------------------------------------------------------------------------------------+
| id                    | count    | task | operator info                                                                                 |
+-----------------------+----------+------+-----------------------------------------------------------------------------------------------+
| IndexJoin_8           | 10000.00 | root | left outer join, inner:IndexReader_7, outer key:test.t_outer.b, inner key:test.t_inner.b      |
| ├─TableReader_10      | 10000.00 | root | data:TableScan_9                                                                              |
| │ └─TableScan_9       | 10000.00 | cop  | table:t_outer, range:[-inf,+inf], keep order:false, stats:pseudo                              |
| └─IndexReader_7       | 10.00    | root | index:IndexScan_6                                                                             |
|   └─IndexScan_6       | 10.00    | cop  | table:t_inner, index:a, b, range: decided by [test.t_outer.b], keep order:false, stats:pseudo |
+-----------------------+----------+------+-----------------------------------------------------------------------------------------------+
5 rows in set (0.00 sec)
```

For now, the range info for `IndexScan_6` is:

```
range: decided by [test.t_outer.b]
```

It's not completely correct. It's better to be displayed like:
```
range: decided by [1, test.t_outer.b]
```


tidb version:
```sql
TiDB(localhost:4000) > select tidb_version()\G
*************************** 1. row ***************************
tidb_version(): Release Version: None
Git Commit Hash: 82c9f2c8a8825c4bb2da46f7418c24b93bb1936d
Git Branch: master
UTC Build Time: 2018-10-25 11:14:44
GoVersion: go version go1.11 darwin/amd64
Race Enabled: false
TiKV Min Version: 2.1.0-alpha.1-ff3dd160846b7d1aed9079c389fc188f7f5ea13e
Check Table Before Drop: false
1 row in set (0.00 sec)
```


discovered in this issue: https://github.com/pingcap/tidb/issues/8039