ID: 9577
Title: always chose the left table as outer side when both tables specified in TIDB_INLJ
Description:
## Bug Report

Please answer these questions before submitting your issue. Thanks!

1. What did you do?
```sql
drop table if exists t1, t2;
create table t1(a bigint, b bigint, index idx(a));
create table t2(a bigint, b bigint, index idx(a));
insert into t1 values(1, 1), (1, 1), (1, 1), (1, 1), (1, 1);
insert into t2 values(1, 1);

analyze table t1, t2;

-- we expect the following two SQL chose t2 as the outer table
select /*+ TIDB_INLJ(t1, t2) */ * from t1 join t2 on t1.a=t2.a;
select * from t1 join t2 on t1.a=t2.a;
```

2. What did you expect to see?

```sql
TiDB(root@127.0.0.1:test) > desc select /*+ TIDB_INLJ(t1, t2) */ * from t1 join t2 on t1.a=t2.a;
+----------------------------+-------+------+----------------------------------------------------------------------------+
| id                         | count | task | operator info                                                              |
+----------------------------+-------+------+----------------------------------------------------------------------------+
| IndexJoin_16               | 5.00  | root | inner join, inner:IndexLookUp_15, outer key:test.t2.a, inner key:test.t1.a |
| ├─IndexLookUp_15           | 0.00  | root |                                                                            |
| │ ├─Selection_14           | 0.00  | cop  | not(isnull(test.t1.a))                                                     |
| │ │ └─IndexScan_12         | 5.00  | cop  | table:t1, index:a, range: decided by [test.t2.a], keep order:false         |
| │ └─TableScan_13           | 0.00  | cop  | table:t1, keep order:false                                                 |
| └─TableReader_19           | 1.00  | root | data:Selection_18                                                          |
|   └─Selection_18           | 1.00  | cop  | not(isnull(test.t2.a))                                                     |
|     └─TableScan_17         | 1.00  | cop  | table:t2, range:[-inf,+inf], keep order:false                              |
+----------------------------+-------+------+----------------------------------------------------------------------------+
8 rows in set (0.00 sec)

TiDB(root@127.0.0.1:test) > desc select * from t1 join t2 on t1.a=t2.a;
+----------------------------+-------+------+----------------------------------------------------------------------------+
| id                         | count | task | operator info                                                              |
+----------------------------+-------+------+----------------------------------------------------------------------------+
| Projection_6               | 5.00  | root | test.t1.a, test.t1.b, test.t2.a, test.t2.b                                 |
| └─IndexJoin_12             | 5.00  | root | inner join, inner:IndexLookUp_11, outer key:test.t2.a, inner key:test.t1.a |
|   ├─TableReader_32         | 1.00  | root | data:Selection_31                                                          |
|   │ └─Selection_31         | 1.00  | cop  | not(isnull(test.t2.a))                                                     |
|   │   └─TableScan_30       | 1.00  | cop  | table:t2, range:[-inf,+inf], keep order:false                              |
|   └─IndexLookUp_11         | 0.00  | root |                                                                            |
|     ├─Selection_10         | 0.00  | cop  | not(isnull(test.t1.a))                                                     |
|     │ └─IndexScan_8        | 5.00  | cop  | table:t1, index:a, range: decided by [test.t2.a], keep order:false         |
|     └─TableScan_9          | 0.00  | cop  | table:t1, keep order:false                                                 |
+----------------------------+-------+------+----------------------------------------------------------------------------+
9 rows in set (0.00 sec)
```

3. What did you see instead?

```sql
TiDB(root@127.0.0.1:test) > desc select /*+ TIDB_INLJ(t1, t2) */ * from t1 join t2 on t1.a=t2.a;
+--------------------------+-------+------+----------------------------------------------------------------------------+
| id                       | count | task | operator info                                                              |
+--------------------------+-------+------+----------------------------------------------------------------------------+
| IndexJoin_11             | 5.00  | root | inner join, inner:IndexLookUp_10, outer key:test.t1.a, inner key:test.t2.a |
| ├─TableReader_14         | 5.00  | root | data:Selection_13                                                          |
| │ └─Selection_13         | 5.00  | cop  | not(isnull(test.t1.a))                                                     |
| │   └─TableScan_12       | 5.00  | cop  | table:t1, range:[-inf,+inf], keep order:false                              |
| └─IndexLookUp_10         | 0.00  | root |                                                                            |
|   ├─Selection_9          | 0.00  | cop  | not(isnull(test.t2.a))                                                     |
|   │ └─IndexScan_7        | 1.00  | cop  | table:t2, index:a, range: decided by [test.t1.a], keep order:false         |
|   └─TableScan_8          | 0.00  | cop  | table:t2, keep order:false                                                 |
+--------------------------+-------+------+----------------------------------------------------------------------------+
8 rows in set (0.00 sec)

TiDB(root@127.0.0.1:test) > desc select * from t1 join t2 on t1.a=t2.a;
+----------------------------+-------+------+----------------------------------------------------------------------------+
| id                         | count | task | operator info                                                              |
+----------------------------+-------+------+----------------------------------------------------------------------------+
| Projection_6               | 5.00  | root | test.t1.a, test.t1.b, test.t2.a, test.t2.b                                 |
| └─IndexJoin_12             | 5.00  | root | inner join, inner:IndexLookUp_11, outer key:test.t2.a, inner key:test.t1.a |
|   ├─TableReader_32         | 1.00  | root | data:Selection_31                                                          |
|   │ └─Selection_31         | 1.00  | cop  | not(isnull(test.t2.a))                                                     |
|   │   └─TableScan_30       | 1.00  | cop  | table:t2, range:[-inf,+inf], keep order:false                              |
|   └─IndexLookUp_11         | 0.00  | root |                                                                            |
|     ├─Selection_10         | 0.00  | cop  | not(isnull(test.t1.a))                                                     |
|     │ └─IndexScan_8        | 5.00  | cop  | table:t1, index:a, range: decided by [test.t2.a], keep order:false         |
|     └─TableScan_9          | 0.00  | cop  | table:t1, keep order:false                                                 |
+----------------------------+-------+------+----------------------------------------------------------------------------+
9 rows in set (0.00 sec)
```

4. What version of TiDB are you using (`tidb-server -V` or run `select tidb_version();` on TiDB)?

```sql
TiDB(root@127.0.0.1:test) > select tidb_version()\G
*************************** 1. row ***************************
tidb_version(): Release Version: v3.0.0-beta-155-g4ccc4c1bc
Git Commit Hash: 4ccc4c1bcb41e4dd958c7ae5eb23e905957e7433
Git Branch: master
UTC Build Time: 2019-03-06 09:12:57
GoVersion: go version go1.12 darwin/amd64
Race Enabled: false
TiKV Min Version: 2.1.0-alpha.1-ff3dd160846b7d1aed9079c389fc188f7f5ea13e
Check Table Before Drop: false
1 row in set (0.00 sec)
```
